[2022-09-22 10:54:17] local.ERROR: include(F:\laravelpractice\itymeBackend-master_final\vendor\composer/../brotzka/laravel-dotenv-editor/src/DotenvEditorServiceProvider.php): failed to open stream: No such file or directory {"exception":"[object] (ErrorException(code: 0): include(F:\\laravelpractice\\itymeBackend-master_final\\vendor\\composer/../brotzka/laravel-dotenv-editor/src/DotenvEditorServiceProvider.php): failed to open stream: No such file or directory at F:\\laravelpractice\\itymeBackend-master_final\\vendor\\composer\\ClassLoader.php:478)
[stacktrace]
#0 F:\\laravelpractice\\itymeBackend-master_final\\vendor\\composer\\ClassLoader.php(478): Illuminate\\Foundation\\Bootstrap\\HandleExceptions->handleError(2, 'include(F:\\\\lara...', 'F:\\\\laravelpract...', 478, Array)
#1 F:\\laravelpractice\\itymeBackend-master_final\\vendor\\composer\\ClassLoader.php(478): include()
#2 F:\\laravelpractice\\itymeBackend-master_final\\vendor\\composer\\ClassLoader.php(346): Composer\\Autoload\\includeFile('F:\\\\laravelpract...')
#3 [internal function]: Composer\\Autoload\\ClassLoader->loadClass('Brotzka\\\\DotenvE...')
#4 F:\\laravelpractice\\itymeBackend-master_final\\vendor\\laravel\\framework\\src\\Illuminate\\Foundation\\Application.php(679): spl_autoload_call('Brotzka\\\\DotenvE...')
#5 F:\\laravelpractice\\itymeBackend-master_final\\vendor\\laravel\\framework\\src\\Illuminate\\Foundation\\Application.php(613): Illuminate\\Foundation\\Application->resolveProvider('Brotzka\\\\DotenvE...')
#6 F:\\laravelpractice\\itymeBackend-master_final\\vendor\\laravel\\framework\\src\\Illuminate\\Foundation\\ProviderRepository.php(75): Illuminate\\Foundation\\Application->register('Brotzka\\\\DotenvE...')
#7 F:\\laravelpractice\\itymeBackend-master_final\\vendor\\laravel\\framework\\src\\Illuminate\\Foundation\\Application.php(593): Illuminate\\Foundation\\ProviderRepository->load(Array)
#8 F:\\laravelpractice\\itymeBackend-master_final\\vendor\\laravel\\framework\\src\\Illuminate\\Foundation\\Bootstrap\\RegisterProviders.php(17): Illuminate\\Foundation\\Application->registerConfiguredProviders()
#9 F:\\laravelpractice\\itymeBackend-master_final\\vendor\\laravel\\framework\\src\\Illuminate\\Foundation\\Application.php(219): Illuminate\\Foundation\\Bootstrap\\RegisterProviders->bootstrap(Object(Illuminate\\Foundation\\Application))
#10 F:\\laravelpractice\\itymeBackend-master_final\\vendor\\laravel\\framework\\src\\Illuminate\\Foundation\\Console\\Kernel.php(320): Illuminate\\Foundation\\Application->bootstrapWith(Array)
#11 F:\\laravelpractice\\itymeBackend-master_final\\vendor\\laravel\\framework\\src\\Illuminate\\Foundation\\Console\\Kernel.php(129): Illuminate\\Foundation\\Console\\Kernel->bootstrap()
#12 F:\\laravelpractice\\itymeBackend-master_final\\artisan(35): Illuminate\\Foundation\\Console\\Kernel->handle(Object(Symfony\\Component\\Console\\Input\\ArgvInput), Object(Symfony\\Component\\Console\\Output\\ConsoleOutput))
#13 {main}
"} 
[2022-09-22 10:57:59] local.ERROR: Class 'Brotzka\DotenvEditor\DotenvEditorServiceProvider' not found {"exception":"[object] (Symfony\\Component\\Debug\\Exception\\FatalThrowableError(code: 0): Class 'Brotzka\\DotenvEditor\\DotenvEditorServiceProvider' not found at F:\\laravelpractice\\itymeBackend-master_final\\vendor\\laravel\\framework\\src\\Illuminate\\Foundation\\ProviderRepository.php:208)
[stacktrace]
#0 F:\\laravelpractice\\itymeBackend-master_final\\vendor\\laravel\\framework\\src\\Illuminate\\Foundation\\ProviderRepository.php(144): Illuminate\\Foundation\\ProviderRepository->createProvider('Brotzka\\\\DotenvE...')
#1 F:\\laravelpractice\\itymeBackend-master_final\\vendor\\laravel\\framework\\src\\Illuminate\\Foundation\\ProviderRepository.php(61): Illuminate\\Foundation\\ProviderRepository->compileManifest(Array)
#2 F:\\laravelpractice\\itymeBackend-master_final\\vendor\\laravel\\framework\\src\\Illuminate\\Foundation\\Application.php(593): Illuminate\\Foundation\\ProviderRepository->load(Array)
#3 F:\\laravelpractice\\itymeBackend-master_final\\vendor\\laravel\\framework\\src\\Illuminate\\Foundation\\Bootstrap\\RegisterProviders.php(17): Illuminate\\Foundation\\Application->registerConfiguredProviders()
#4 F:\\laravelpractice\\itymeBackend-master_final\\vendor\\laravel\\framework\\src\\Illuminate\\Foundation\\Application.php(219): Illuminate\\Foundation\\Bootstrap\\RegisterProviders->bootstrap(Object(Illuminate\\Foundation\\Application))
#5 F:\\laravelpractice\\itymeBackend-master_final\\vendor\\laravel\\framework\\src\\Illuminate\\Foundation\\Console\\Kernel.php(320): Illuminate\\Foundation\\Application->bootstrapWith(Array)
#6 F:\\laravelpractice\\itymeBackend-master_final\\vendor\\laravel\\framework\\src\\Illuminate\\Foundation\\Console\\Kernel.php(129): Illuminate\\Foundation\\Console\\Kernel->bootstrap()
#7 F:\\laravelpractice\\itymeBackend-master_final\\artisan(35): Illuminate\\Foundation\\Console\\Kernel->handle(Object(Symfony\\Component\\Console\\Input\\ArgvInput), Object(Symfony\\Component\\Console\\Output\\ConsoleOutput))
#8 {main}
"} 
[2022-09-22 11:04:07] local.ERROR: SQLSTATE[HY000] [1045] Access denied for user 'root'@'localhost' (using password: YES) (SQL: insert into `telescope_entries` (`batch_id`, `content`, `created_at`, `family_hash`, `type`, `uuid`) values (975366ea-bd49-4aaf-afe5-e0a47f26d08d, {"requestId":"Xbf94efb434b98516111e5f1f451c014d","hostname":"DESKTOP-CQ4F9L2"}, 2022-09-22 11:04:07, ?, debugbar, 975366ea-b6c9-454b-90a4-5eeae9f5347b), (975366ea-bd49-4aaf-afe5-e0a47f26d08d, {"ip_address":"127.0.0.1","uri":"\/","method":"GET","controller_action":"App\\Http\\Controllers\\HomeController@index","middleware":["web"],"headers":{"host":"127.0.0.1:8000","connection":"keep-alive","sec-ch-ua":"\"Microsoft Edge\";v=\"105\", \" Not;A Brand\";v=\"99\", \"Chromium\";v=\"105\"","sec-ch-ua-mobile":"?0","sec-ch-ua-platform":"\"Windows\"","upgrade-insecure-requests":"1","user-agent":"Mozilla\/5.0 (Windows NT 10.0; Win64; x64) AppleWebKit\/537.36 (KHTML, like Gecko) Chrome\/105.0.0.0 Safari\/537.36 Edg\/105.0.1343.42","accept":"text\/html,application\/xhtml+xml,application\/xml;q=0.9,image\/webp,image\/apng,*\/*;q=0.8,application\/signed-exchange;v=b3;q=0.9","cp-extension-installed":"Yes","sec-fetch-site":"none","sec-fetch-mode":"navigate","sec-fetch-user":"?1","sec-fetch-dest":"document","accept-encoding":"gzip, deflate, br","accept-language":"en-US,en;q=0.9"},"payload":[],"session":{"_token":"eGQzap4y3ak0pX5SZRzEjWFUlfxs549YkKWiT5uu","session":{"locale":"en"},"_previous":{"url":"http:\/\/127.0.0.1:8000"},"_flash":{"old":[],"new":[]},"PHPDEBUGBAR_STACK_DATA":[]},"response_status":200,"response":{"view":"F:\\laravelpractice\\itymeBackend-master_final\\resources\\views\/welcome.blade.php","data":[]},"duration":1194,"memory":30,"hostname":"DESKTOP-CQ4F9L2"}, 2022-09-22 11:04:07, ?, request, 975366ea-bbab-4690-9c07-08f4588ae185)) {"exception":"[object] (Illuminate\\Database\\QueryException(code: 1045): SQLSTATE[HY000] [1045] Access denied for user 'root'@'localhost' (using password: YES) (SQL: insert into `telescope_entries` (`batch_id`, `content`, `created_at`, `family_hash`, `type`, `uuid`) values (975366ea-bd49-4aaf-afe5-e0a47f26d08d, {\"requestId\":\"Xbf94efb434b98516111e5f1f451c014d\",\"hostname\":\"DESKTOP-CQ4F9L2\"}, 2022-09-22 11:04:07, ?, debugbar, 975366ea-b6c9-454b-90a4-5eeae9f5347b), (975366ea-bd49-4aaf-afe5-e0a47f26d08d, {\"ip_address\":\"127.0.0.1\",\"uri\":\"\\/\",\"method\":\"GET\",\"controller_action\":\"App\\\\Http\\\\Controllers\\\\HomeController@index\",\"middleware\":[\"web\"],\"headers\":{\"host\":\"127.0.0.1:8000\",\"connection\":\"keep-alive\",\"sec-ch-ua\":\"\\\"Microsoft Edge\\\";v=\\\"105\\\", \\\" Not;A Brand\\\";v=\\\"99\\\", \\\"Chromium\\\";v=\\\"105\\\"\",\"sec-ch-ua-mobile\":\"?0\",\"sec-ch-ua-platform\":\"\\\"Windows\\\"\",\"upgrade-insecure-requests\":\"1\",\"user-agent\":\"Mozilla\\/5.0 (Windows NT 10.0; Win64; x64) AppleWebKit\\/537.36 (KHTML, like Gecko) Chrome\\/105.0.0.0 Safari\\/537.36 Edg\\/105.0.1343.42\",\"accept\":\"text\\/html,application\\/xhtml+xml,application\\/xml;q=0.9,image\\/webp,image\\/apng,*\\/*;q=0.8,application\\/signed-exchange;v=b3;q=0.9\",\"cp-extension-installed\":\"Yes\",\"sec-fetch-site\":\"none\",\"sec-fetch-mode\":\"navigate\",\"sec-fetch-user\":\"?1\",\"sec-fetch-dest\":\"document\",\"accept-encoding\":\"gzip, deflate, br\",\"accept-language\":\"en-US,en;q=0.9\"},\"payload\":[],\"session\":{\"_token\":\"eGQzap4y3ak0pX5SZRzEjWFUlfxs549YkKWiT5uu\",\"session\":{\"locale\":\"en\"},\"_previous\":{\"url\":\"http:\\/\\/127.0.0.1:8000\"},\"_flash\":{\"old\":[],\"new\":[]},\"PHPDEBUGBAR_STACK_DATA\":[]},\"response_status\":200,\"response\":{\"view\":\"F:\\\\laravelpractice\\\\itymeBackend-master_final\\\\resources\\\\views\\/welcome.blade.php\",\"data\":[]},\"duration\":1194,\"memory\":30,\"hostname\":\"DESKTOP-CQ4F9L2\"}, 2022-09-22 11:04:07, ?, request, 975366ea-bbab-4690-9c07-08f4588ae185)) at F:\\laravelpractice\\itymeBackend-master_final\\vendor\\laravel\\framework\\src\\Illuminate\\Database\\Connection.php:669)
[stacktrace]
#0 F:\\laravelpractice\\itymeBackend-master_final\\vendor\\laravel\\framework\\src\\Illuminate\\Database\\Connection.php(629): Illuminate\\Database\\Connection->runQueryCallback('insert into `te...', Array, Object(Closure))
#1 F:\\laravelpractice\\itymeBackend-master_final\\vendor\\laravel\\framework\\src\\Illuminate\\Database\\Connection.php(464): Illuminate\\Database\\Connection->run('insert into `te...', Array, Object(Closure))
#2 F:\\laravelpractice\\itymeBackend-master_final\\vendor\\laravel\\framework\\src\\Illuminate\\Database\\Connection.php(416): Illuminate\\Database\\Connection->statement('insert into `te...', Array)
#3 F:\\laravelpractice\\itymeBackend-master_final\\vendor\\laravel\\framework\\src\\Illuminate\\Database\\Query\\Builder.php(2661): Illuminate\\Database\\Connection->insert('insert into `te...', Array)
#4 F:\\laravelpractice\\itymeBackend-master_final\\vendor\\laravel\\telescope\\src\\Storage\\DatabaseEntriesRepository.php(148): Illuminate\\Database\\Query\\Builder->insert(Array)
#5 F:\\laravelpractice\\itymeBackend-master_final\\vendor\\laravel\\framework\\src\\Illuminate\\Support\\Traits\\EnumeratesValues.php(176): Laravel\\Telescope\\Storage\\DatabaseEntriesRepository->Laravel\\Telescope\\Storage\\{closure}(Object(Illuminate\\Support\\Collection), 0)
#6 F:\\laravelpractice\\itymeBackend-master_final\\vendor\\laravel\\telescope\\src\\Storage\\DatabaseEntriesRepository.php(149): Illuminate\\Support\\Collection->each(Object(Closure))
#7 F:\\laravelpractice\\itymeBackend-master_final\\vendor\\laravel\\telescope\\src\\Telescope.php(587): Laravel\\Telescope\\Storage\\DatabaseEntriesRepository->store(Object(Illuminate\\Support\\Collection))
#8 [internal function]: Laravel\\Telescope\\Telescope::Laravel\\Telescope\\{closure}()
#9 F:\\laravelpractice\\itymeBackend-master_final\\vendor\\laravel\\telescope\\src\\Telescope.php(231): call_user_func(Object(Closure))
#10 F:\\laravelpractice\\itymeBackend-master_final\\vendor\\laravel\\telescope\\src\\Telescope.php(598): Laravel\\Telescope\\Telescope::withoutRecording(Object(Closure))
#11 F:\\laravelpractice\\itymeBackend-master_final\\vendor\\laravel\\telescope\\src\\ListensForStorageOpportunities.php(44): Laravel\\Telescope\\Telescope::store(Object(Laravel\\Telescope\\Storage\\DatabaseEntriesRepository))
#12 F:\\laravelpractice\\itymeBackend-master_final\\vendor\\laravel\\framework\\src\\Illuminate\\Container\\BoundMethod.php(36): Laravel\\Telescope\\Telescope::Laravel\\Telescope\\{closure}()
#13 F:\\laravelpractice\\itymeBackend-master_final\\vendor\\laravel\\framework\\src\\Illuminate\\Container\\Util.php(37): Illuminate\\Container\\BoundMethod::Illuminate\\Container\\{closure}()
#14 F:\\laravelpractice\\itymeBackend-master_final\\vendor\\laravel\\framework\\src\\Illuminate\\Container\\BoundMethod.php(81): Illuminate\\Container\\Util::unwrapIfClosure(Object(Closure))
#15 F:\\laravelpractice\\itymeBackend-master_final\\vendor\\laravel\\framework\\src\\Illuminate\\Container\\BoundMethod.php(37): Illuminate\\Container\\BoundMethod::callBoundMethod(Object(Illuminate\\Foundation\\Application), Object(Closure), Object(Closure))
#16 F:\\laravelpractice\\itymeBackend-master_final\\vendor\\laravel\\framework\\src\\Illuminate\\Container\\Container.php(590): Illuminate\\Container\\BoundMethod::call(Object(Illuminate\\Foundation\\Application), Object(Closure), Array, NULL)
#17 F:\\laravelpractice\\itymeBackend-master_final\\vendor\\laravel\\framework\\src\\Illuminate\\Foundation\\Application.php(1067): Illuminate\\Container\\Container->call(Object(Closure))
#18 F:\\laravelpractice\\itymeBackend-master_final\\vendor\\laravel\\framework\\src\\Illuminate\\Foundation\\Http\\Kernel.php(185): Illuminate\\Foundation\\Application->terminate()
#19 F:\\laravelpractice\\itymeBackend-master_final\\public\\index.php(58): Illuminate\\Foundation\\Http\\Kernel->terminate(Object(Illuminate\\Http\\Request), Object(Illuminate\\Http\\Response))
#20 F:\\laravelpractice\\itymeBackend-master_final\\server.php(21): require_once('F:\\\\laravelpract...')
#21 {main}

[previous exception] [object] (Doctrine\\DBAL\\Driver\\PDO\\Exception(code: 1045): SQLSTATE[HY000] [1045] Access denied for user 'root'@'localhost' (using password: YES) at F:\\laravelpractice\\itymeBackend-master_final\\vendor\\doctrine\\dbal\\lib\\Doctrine\\DBAL\\Driver\\PDO\\Exception.php:18)
[stacktrace]
#0 F:\\laravelpractice\\itymeBackend-master_final\\vendor\\doctrine\\dbal\\lib\\Doctrine\\DBAL\\Driver\\PDOConnection.php(44): Doctrine\\DBAL\\Driver\\PDO\\Exception::new(Object(PDOException))
#1 F:\\laravelpractice\\itymeBackend-master_final\\vendor\\laravel\\framework\\src\\Illuminate\\Database\\Connectors\\Connector.php(67): Doctrine\\DBAL\\Driver\\PDOConnection->__construct('mysql:host=127....', 'root', 'MOHAN123', Array)
#2 F:\\laravelpractice\\itymeBackend-master_final\\vendor\\laravel\\framework\\src\\Illuminate\\Database\\Connectors\\Connector.php(46): Illuminate\\Database\\Connectors\\Connector->createPdoConnection('mysql:host=127....', 'root', 'MOHAN123', Array)
#3 F:\\laravelpractice\\itymeBackend-master_final\\vendor\\laravel\\framework\\src\\Illuminate\\Database\\Connectors\\MySqlConnector.php(24): Illuminate\\Database\\Connectors\\Connector->createConnection('mysql:host=127....', Array, Array)
#4 F:\\laravelpractice\\itymeBackend-master_final\\vendor\\laravel\\framework\\src\\Illuminate\\Database\\Connectors\\ConnectionFactory.php(182): Illuminate\\Database\\Connectors\\MySqlConnector->connect(Array)
#5 [internal function]: Illuminate\\Database\\Connectors\\ConnectionFactory->Illuminate\\Database\\Connectors\\{closure}()
#6 F:\\laravelpractice\\itymeBackend-master_final\\vendor\\laravel\\framework\\src\\Illuminate\\Database\\Connection.php(924): call_user_func(Object(Closure))
#7 F:\\laravelpractice\\itymeBackend-master_final\\vendor\\laravel\\framework\\src\\Illuminate\\Database\\Connection.php(457): Illuminate\\Database\\Connection->getPdo()
#8 F:\\laravelpractice\\itymeBackend-master_final\\vendor\\laravel\\framework\\src\\Illuminate\\Database\\Connection.php(662): Illuminate\\Database\\Connection->Illuminate\\Database\\{closure}('insert into `te...', Array)
#9 F:\\laravelpractice\\itymeBackend-master_final\\vendor\\laravel\\framework\\src\\Illuminate\\Database\\Connection.php(629): Illuminate\\Database\\Connection->runQueryCallback('insert into `te...', Array, Object(Closure))
#10 F:\\laravelpractice\\itymeBackend-master_final\\vendor\\laravel\\framework\\src\\Illuminate\\Database\\Connection.php(464): Illuminate\\Database\\Connection->run('insert into `te...', Array, Object(Closure))
#11 F:\\laravelpractice\\itymeBackend-master_final\\vendor\\laravel\\framework\\src\\Illuminate\\Database\\Connection.php(416): Illuminate\\Database\\Connection->statement('insert into `te...', Array)
#12 F:\\laravelpractice\\itymeBackend-master_final\\vendor\\laravel\\framework\\src\\Illuminate\\Database\\Query\\Builder.php(2661): Illuminate\\Database\\Connection->insert('insert into `te...', Array)
#13 F:\\laravelpractice\\itymeBackend-master_final\\vendor\\laravel\\telescope\\src\\Storage\\DatabaseEntriesRepository.php(148): Illuminate\\Database\\Query\\Builder->insert(Array)
#14 F:\\laravelpractice\\itymeBackend-master_final\\vendor\\laravel\\framework\\src\\Illuminate\\Support\\Traits\\EnumeratesValues.php(176): Laravel\\Telescope\\Storage\\DatabaseEntriesRepository->Laravel\\Telescope\\Storage\\{closure}(Object(Illuminate\\Support\\Collection), 0)
#15 F:\\laravelpractice\\itymeBackend-master_final\\vendor\\laravel\\telescope\\src\\Storage\\DatabaseEntriesRepository.php(149): Illuminate\\Support\\Collection->each(Object(Closure))
#16 F:\\laravelpractice\\itymeBackend-master_final\\vendor\\laravel\\telescope\\src\\Telescope.php(587): Laravel\\Telescope\\Storage\\DatabaseEntriesRepository->store(Object(Illuminate\\Support\\Collection))
#17 [internal function]: Laravel\\Telescope\\Telescope::Laravel\\Telescope\\{closure}()
#18 F:\\laravelpractice\\itymeBackend-master_final\\vendor\\laravel\\telescope\\src\\Telescope.php(231): call_user_func(Object(Closure))
#19 F:\\laravelpractice\\itymeBackend-master_final\\vendor\\laravel\\telescope\\src\\Telescope.php(598): Laravel\\Telescope\\Telescope::withoutRecording(Object(Closure))
#20 F:\\laravelpractice\\itymeBackend-master_final\\vendor\\laravel\\telescope\\src\\ListensForStorageOpportunities.php(44): Laravel\\Telescope\\Telescope::store(Object(Laravel\\Telescope\\Storage\\DatabaseEntriesRepository))
#21 F:\\laravelpractice\\itymeBackend-master_final\\vendor\\laravel\\framework\\src\\Illuminate\\Container\\BoundMethod.php(36): Laravel\\Telescope\\Telescope::Laravel\\Telescope\\{closure}()
#22 F:\\laravelpractice\\itymeBackend-master_final\\vendor\\laravel\\framework\\src\\Illuminate\\Container\\Util.php(37): Illuminate\\Container\\BoundMethod::Illuminate\\Container\\{closure}()
#23 F:\\laravelpractice\\itymeBackend-master_final\\vendor\\laravel\\framework\\src\\Illuminate\\Container\\BoundMethod.php(81): Illuminate\\Container\\Util::unwrapIfClosure(Object(Closure))
#24 F:\\laravelpractice\\itymeBackend-master_final\\vendor\\laravel\\framework\\src\\Illuminate\\Container\\BoundMethod.php(37): Illuminate\\Container\\BoundMethod::callBoundMethod(Object(Illuminate\\Foundation\\Application), Object(Closure), Object(Closure))
#25 F:\\laravelpractice\\itymeBackend-master_final\\vendor\\laravel\\framework\\src\\Illuminate\\Container\\Container.php(590): Illuminate\\Container\\BoundMethod::call(Object(Illuminate\\Foundation\\Application), Object(Closure), Array, NULL)
#26 F:\\laravelpractice\\itymeBackend-master_final\\vendor\\laravel\\framework\\src\\Illuminate\\Foundation\\Application.php(1067): Illuminate\\Container\\Container->call(Object(Closure))
#27 F:\\laravelpractice\\itymeBackend-master_final\\vendor\\laravel\\framework\\src\\Illuminate\\Foundation\\Http\\Kernel.php(185): Illuminate\\Foundation\\Application->terminate()
#28 F:\\laravelpractice\\itymeBackend-master_final\\public\\index.php(58): Illuminate\\Foundation\\Http\\Kernel->terminate(Object(Illuminate\\Http\\Request), Object(Illuminate\\Http\\Response))
#29 F:\\laravelpractice\\itymeBackend-master_final\\server.php(21): require_once('F:\\\\laravelpract...')
#30 {main}

[previous exception] [object] (PDOException(code: 1045): SQLSTATE[HY000] [1045] Access denied for user 'root'@'localhost' (using password: YES) at F:\\laravelpractice\\itymeBackend-master_final\\vendor\\doctrine\\dbal\\lib\\Doctrine\\DBAL\\Driver\\PDOConnection.php:40)
[stacktrace]
#0 F:\\laravelpractice\\itymeBackend-master_final\\vendor\\doctrine\\dbal\\lib\\Doctrine\\DBAL\\Driver\\PDOConnection.php(40): PDO->__construct('mysql:host=127....', 'root', 'MOHAN123', Array)
#1 F:\\laravelpractice\\itymeBackend-master_final\\vendor\\laravel\\framework\\src\\Illuminate\\Database\\Connectors\\Connector.php(67): Doctrine\\DBAL\\Driver\\PDOConnection->__construct('mysql:host=127....', 'root', 'MOHAN123', Array)
#2 F:\\laravelpractice\\itymeBackend-master_final\\vendor\\laravel\\framework\\src\\Illuminate\\Database\\Connectors\\Connector.php(46): Illuminate\\Database\\Connectors\\Connector->createPdoConnection('mysql:host=127....', 'root', 'MOHAN123', Array)
#3 F:\\laravelpractice\\itymeBackend-master_final\\vendor\\laravel\\framework\\src\\Illuminate\\Database\\Connectors\\MySqlConnector.php(24): Illuminate\\Database\\Connectors\\Connector->createConnection('mysql:host=127....', Array, Array)
#4 F:\\laravelpractice\\itymeBackend-master_final\\vendor\\laravel\\framework\\src\\Illuminate\\Database\\Connectors\\ConnectionFactory.php(182): Illuminate\\Database\\Connectors\\MySqlConnector->connect(Array)
#5 [internal function]: Illuminate\\Database\\Connectors\\ConnectionFactory->Illuminate\\Database\\Connectors\\{closure}()
#6 F:\\laravelpractice\\itymeBackend-master_final\\vendor\\laravel\\framework\\src\\Illuminate\\Database\\Connection.php(924): call_user_func(Object(Closure))
#7 F:\\laravelpractice\\itymeBackend-master_final\\vendor\\laravel\\framework\\src\\Illuminate\\Database\\Connection.php(457): Illuminate\\Database\\Connection->getPdo()
#8 F:\\laravelpractice\\itymeBackend-master_final\\vendor\\laravel\\framework\\src\\Illuminate\\Database\\Connection.php(662): Illuminate\\Database\\Connection->Illuminate\\Database\\{closure}('insert into `te...', Array)
#9 F:\\laravelpractice\\itymeBackend-master_final\\vendor\\laravel\\framework\\src\\Illuminate\\Database\\Connection.php(629): Illuminate\\Database\\Connection->runQueryCallback('insert into `te...', Array, Object(Closure))
#10 F:\\laravelpractice\\itymeBackend-master_final\\vendor\\laravel\\framework\\src\\Illuminate\\Database\\Connection.php(464): Illuminate\\Database\\Connection->run('insert into `te...', Array, Object(Closure))
#11 F:\\laravelpractice\\itymeBackend-master_final\\vendor\\laravel\\framework\\src\\Illuminate\\Database\\Connection.php(416): Illuminate\\Database\\Connection->statement('insert into `te...', Array)
#12 F:\\laravelpractice\\itymeBackend-master_final\\vendor\\laravel\\framework\\src\\Illuminate\\Database\\Query\\Builder.php(2661): Illuminate\\Database\\Connection->insert('insert into `te...', Array)
#13 F:\\laravelpractice\\itymeBackend-master_final\\vendor\\laravel\\telescope\\src\\Storage\\DatabaseEntriesRepository.php(148): Illuminate\\Database\\Query\\Builder->insert(Array)
#14 F:\\laravelpractice\\itymeBackend-master_final\\vendor\\laravel\\framework\\src\\Illuminate\\Support\\Traits\\EnumeratesValues.php(176): Laravel\\Telescope\\Storage\\DatabaseEntriesRepository->Laravel\\Telescope\\Storage\\{closure}(Object(Illuminate\\Support\\Collection), 0)
#15 F:\\laravelpractice\\itymeBackend-master_final\\vendor\\laravel\\telescope\\src\\Storage\\DatabaseEntriesRepository.php(149): Illuminate\\Support\\Collection->each(Object(Closure))
#16 F:\\laravelpractice\\itymeBackend-master_final\\vendor\\laravel\\telescope\\src\\Telescope.php(587): Laravel\\Telescope\\Storage\\DatabaseEntriesRepository->store(Object(Illuminate\\Support\\Collection))
#17 [internal function]: Laravel\\Telescope\\Telescope::Laravel\\Telescope\\{closure}()
#18 F:\\laravelpractice\\itymeBackend-master_final\\vendor\\laravel\\telescope\\src\\Telescope.php(231): call_user_func(Object(Closure))
#19 F:\\laravelpractice\\itymeBackend-master_final\\vendor\\laravel\\telescope\\src\\Telescope.php(598): Laravel\\Telescope\\Telescope::withoutRecording(Object(Closure))
#20 F:\\laravelpractice\\itymeBackend-master_final\\vendor\\laravel\\telescope\\src\\ListensForStorageOpportunities.php(44): Laravel\\Telescope\\Telescope::store(Object(Laravel\\Telescope\\Storage\\DatabaseEntriesRepository))
#21 F:\\laravelpractice\\itymeBackend-master_final\\vendor\\laravel\\framework\\src\\Illuminate\\Container\\BoundMethod.php(36): Laravel\\Telescope\\Telescope::Laravel\\Telescope\\{closure}()
#22 F:\\laravelpractice\\itymeBackend-master_final\\vendor\\laravel\\framework\\src\\Illuminate\\Container\\Util.php(37): Illuminate\\Container\\BoundMethod::Illuminate\\Container\\{closure}()
#23 F:\\laravelpractice\\itymeBackend-master_final\\vendor\\laravel\\framework\\src\\Illuminate\\Container\\BoundMethod.php(81): Illuminate\\Container\\Util::unwrapIfClosure(Object(Closure))
#24 F:\\laravelpractice\\itymeBackend-master_final\\vendor\\laravel\\framework\\src\\Illuminate\\Container\\BoundMethod.php(37): Illuminate\\Container\\BoundMethod::callBoundMethod(Object(Illuminate\\Foundation\\Application), Object(Closure), Object(Closure))
#25 F:\\laravelpractice\\itymeBackend-master_final\\vendor\\laravel\\framework\\src\\Illuminate\\Container\\Container.php(590): Illuminate\\Container\\BoundMethod::call(Object(Illuminate\\Foundation\\Application), Object(Closure), Array, NULL)
#26 F:\\laravelpractice\\itymeBackend-master_final\\vendor\\laravel\\framework\\src\\Illuminate\\Foundation\\Application.php(1067): Illuminate\\Container\\Container->call(Object(Closure))
#27 F:\\laravelpractice\\itymeBackend-master_final\\vendor\\laravel\\framework\\src\\Illuminate\\Foundation\\Http\\Kernel.php(185): Illuminate\\Foundation\\Application->terminate()
#28 F:\\laravelpractice\\itymeBackend-master_final\\public\\index.php(58): Illuminate\\Foundation\\Http\\Kernel->terminate(Object(Illuminate\\Http\\Request), Object(Illuminate\\Http\\Response))
#29 F:\\laravelpractice\\itymeBackend-master_final\\server.php(21): require_once('F:\\\\laravelpract...')
#30 {main}
"} 
[2022-09-22 13:53:02] local.ERROR: SQLSTATE[HY000] [1045] Access denied for user 'root'@'localhost' (using password: YES) (SQL: insert into `telescope_entries` (`batch_id`, `content`, `created_at`, `family_hash`, `type`, `uuid`) values (9753a353-d50b-46e4-8863-f0bf171f4e40, {"requestId":"Xf1c7923d901c0ad5b810d844b71e54ec","hostname":"DESKTOP-CQ4F9L2"}, 2022-09-22 13:53:02, ?, debugbar, 9753a353-c8eb-4cc2-8639-22e4426317ec), (9753a353-d50b-46e4-8863-f0bf171f4e40, {"ip_address":"127.0.0.1","uri":"\/","method":"GET","controller_action":"App\\Http\\Controllers\\HomeController@index","middleware":["web"],"headers":{"host":"127.0.0.1:8000","connection":"keep-alive","sec-ch-ua":"\"Microsoft Edge\";v=\"105\", \" Not;A Brand\";v=\"99\", \"Chromium\";v=\"105\"","sec-ch-ua-mobile":"?0","sec-ch-ua-platform":"\"Windows\"","upgrade-insecure-requests":"1","user-agent":"Mozilla\/5.0 (Windows NT 10.0; Win64; x64) AppleWebKit\/537.36 (KHTML, like Gecko) Chrome\/105.0.0.0 Safari\/537.36 Edg\/105.0.1343.42","accept":"text\/html,application\/xhtml+xml,application\/xml;q=0.9,image\/webp,image\/apng,*\/*;q=0.8,application\/signed-exchange;v=b3;q=0.9","cp-extension-installed":"Yes","sec-fetch-site":"none","sec-fetch-mode":"navigate","sec-fetch-user":"?1","sec-fetch-dest":"document","accept-encoding":"gzip, deflate, br","accept-language":"en-US,en;q=0.9"},"payload":[],"session":{"_token":"jVYpGO65KQWwWYKZ9kmsHoRjlMNq0fbVE2tcRxK3","session":{"locale":"en"},"_previous":{"url":"http:\/\/127.0.0.1:8000"},"_flash":{"old":[],"new":[]},"PHPDEBUGBAR_STACK_DATA":[]},"response_status":200,"response":{"view":"F:\\laravelpractice\\itymeBackend-master_final\\resources\\views\/welcome.blade.php","data":[]},"duration":1232,"memory":30,"hostname":"DESKTOP-CQ4F9L2"}, 2022-09-22 13:53:02, ?, request, 9753a353-d1c5-45e7-ad1a-a7ad5b18b12c)) {"exception":"[object] (Illuminate\\Database\\QueryException(code: 1045): SQLSTATE[HY000] [1045] Access denied for user 'root'@'localhost' (using password: YES) (SQL: insert into `telescope_entries` (`batch_id`, `content`, `created_at`, `family_hash`, `type`, `uuid`) values (9753a353-d50b-46e4-8863-f0bf171f4e40, {\"requestId\":\"Xf1c7923d901c0ad5b810d844b71e54ec\",\"hostname\":\"DESKTOP-CQ4F9L2\"}, 2022-09-22 13:53:02, ?, debugbar, 9753a353-c8eb-4cc2-8639-22e4426317ec), (9753a353-d50b-46e4-8863-f0bf171f4e40, {\"ip_address\":\"127.0.0.1\",\"uri\":\"\\/\",\"method\":\"GET\",\"controller_action\":\"App\\\\Http\\\\Controllers\\\\HomeController@index\",\"middleware\":[\"web\"],\"headers\":{\"host\":\"127.0.0.1:8000\",\"connection\":\"keep-alive\",\"sec-ch-ua\":\"\\\"Microsoft Edge\\\";v=\\\"105\\\", \\\" Not;A Brand\\\";v=\\\"99\\\", \\\"Chromium\\\";v=\\\"105\\\"\",\"sec-ch-ua-mobile\":\"?0\",\"sec-ch-ua-platform\":\"\\\"Windows\\\"\",\"upgrade-insecure-requests\":\"1\",\"user-agent\":\"Mozilla\\/5.0 (Windows NT 10.0; Win64; x64) AppleWebKit\\/537.36 (KHTML, like Gecko) Chrome\\/105.0.0.0 Safari\\/537.36 Edg\\/105.0.1343.42\",\"accept\":\"text\\/html,application\\/xhtml+xml,application\\/xml;q=0.9,image\\/webp,image\\/apng,*\\/*;q=0.8,application\\/signed-exchange;v=b3;q=0.9\",\"cp-extension-installed\":\"Yes\",\"sec-fetch-site\":\"none\",\"sec-fetch-mode\":\"navigate\",\"sec-fetch-user\":\"?1\",\"sec-fetch-dest\":\"document\",\"accept-encoding\":\"gzip, deflate, br\",\"accept-language\":\"en-US,en;q=0.9\"},\"payload\":[],\"session\":{\"_token\":\"jVYpGO65KQWwWYKZ9kmsHoRjlMNq0fbVE2tcRxK3\",\"session\":{\"locale\":\"en\"},\"_previous\":{\"url\":\"http:\\/\\/127.0.0.1:8000\"},\"_flash\":{\"old\":[],\"new\":[]},\"PHPDEBUGBAR_STACK_DATA\":[]},\"response_status\":200,\"response\":{\"view\":\"F:\\\\laravelpractice\\\\itymeBackend-master_final\\\\resources\\\\views\\/welcome.blade.php\",\"data\":[]},\"duration\":1232,\"memory\":30,\"hostname\":\"DESKTOP-CQ4F9L2\"}, 2022-09-22 13:53:02, ?, request, 9753a353-d1c5-45e7-ad1a-a7ad5b18b12c)) at F:\\laravelpractice\\itymeBackend-master_final\\vendor\\laravel\\framework\\src\\Illuminate\\Database\\Connection.php:669)
[stacktrace]
#0 F:\\laravelpractice\\itymeBackend-master_final\\vendor\\laravel\\framework\\src\\Illuminate\\Database\\Connection.php(629): Illuminate\\Database\\Connection->runQueryCallback('insert into `te...', Array, Object(Closure))
#1 F:\\laravelpractice\\itymeBackend-master_final\\vendor\\laravel\\framework\\src\\Illuminate\\Database\\Connection.php(464): Illuminate\\Database\\Connection->run('insert into `te...', Array, Object(Closure))
#2 F:\\laravelpractice\\itymeBackend-master_final\\vendor\\laravel\\framework\\src\\Illuminate\\Database\\Connection.php(416): Illuminate\\Database\\Connection->statement('insert into `te...', Array)
#3 F:\\laravelpractice\\itymeBackend-master_final\\vendor\\laravel\\framework\\src\\Illuminate\\Database\\Query\\Builder.php(2661): Illuminate\\Database\\Connection->insert('insert into `te...', Array)
#4 F:\\laravelpractice\\itymeBackend-master_final\\vendor\\laravel\\telescope\\src\\Storage\\DatabaseEntriesRepository.php(148): Illuminate\\Database\\Query\\Builder->insert(Array)
#5 F:\\laravelpractice\\itymeBackend-master_final\\vendor\\laravel\\framework\\src\\Illuminate\\Support\\Traits\\EnumeratesValues.php(176): Laravel\\Telescope\\Storage\\DatabaseEntriesRepository->Laravel\\Telescope\\Storage\\{closure}(Object(Illuminate\\Support\\Collection), 0)
#6 F:\\laravelpractice\\itymeBackend-master_final\\vendor\\laravel\\telescope\\src\\Storage\\DatabaseEntriesRepository.php(149): Illuminate\\Support\\Collection->each(Object(Closure))
#7 F:\\laravelpractice\\itymeBackend-master_final\\vendor\\laravel\\telescope\\src\\Telescope.php(587): Laravel\\Telescope\\Storage\\DatabaseEntriesRepository->store(Object(Illuminate\\Support\\Collection))
#8 [internal function]: Laravel\\Telescope\\Telescope::Laravel\\Telescope\\{closure}()
#9 F:\\laravelpractice\\itymeBackend-master_final\\vendor\\laravel\\telescope\\src\\Telescope.php(231): call_user_func(Object(Closure))
#10 F:\\laravelpractice\\itymeBackend-master_final\\vendor\\laravel\\telescope\\src\\Telescope.php(598): Laravel\\Telescope\\Telescope::withoutRecording(Object(Closure))
#11 F:\\laravelpractice\\itymeBackend-master_final\\vendor\\laravel\\telescope\\src\\ListensForStorageOpportunities.php(44): Laravel\\Telescope\\Telescope::store(Object(Laravel\\Telescope\\Storage\\DatabaseEntriesRepository))
#12 F:\\laravelpractice\\itymeBackend-master_final\\vendor\\laravel\\framework\\src\\Illuminate\\Container\\BoundMethod.php(36): Laravel\\Telescope\\Telescope::Laravel\\Telescope\\{closure}()
#13 F:\\laravelpractice\\itymeBackend-master_final\\vendor\\laravel\\framework\\src\\Illuminate\\Container\\Util.php(37): Illuminate\\Container\\BoundMethod::Illuminate\\Container\\{closure}()
#14 F:\\laravelpractice\\itymeBackend-master_final\\vendor\\laravel\\framework\\src\\Illuminate\\Container\\BoundMethod.php(81): Illuminate\\Container\\Util::unwrapIfClosure(Object(Closure))
#15 F:\\laravelpractice\\itymeBackend-master_final\\vendor\\laravel\\framework\\src\\Illuminate\\Container\\BoundMethod.php(37): Illuminate\\Container\\BoundMethod::callBoundMethod(Object(Illuminate\\Foundation\\Application), Object(Closure), Object(Closure))
#16 F:\\laravelpractice\\itymeBackend-master_final\\vendor\\laravel\\framework\\src\\Illuminate\\Container\\Container.php(590): Illuminate\\Container\\BoundMethod::call(Object(Illuminate\\Foundation\\Application), Object(Closure), Array, NULL)
#17 F:\\laravelpractice\\itymeBackend-master_final\\vendor\\laravel\\framework\\src\\Illuminate\\Foundation\\Application.php(1067): Illuminate\\Container\\Container->call(Object(Closure))
#18 F:\\laravelpractice\\itymeBackend-master_final\\vendor\\laravel\\framework\\src\\Illuminate\\Foundation\\Http\\Kernel.php(185): Illuminate\\Foundation\\Application->terminate()
#19 F:\\laravelpractice\\itymeBackend-master_final\\public\\index.php(58): Illuminate\\Foundation\\Http\\Kernel->terminate(Object(Illuminate\\Http\\Request), Object(Illuminate\\Http\\Response))
#20 F:\\laravelpractice\\itymeBackend-master_final\\server.php(21): require_once('F:\\\\laravelpract...')
#21 {main}

[previous exception] [object] (Doctrine\\DBAL\\Driver\\PDO\\Exception(code: 1045): SQLSTATE[HY000] [1045] Access denied for user 'root'@'localhost' (using password: YES) at F:\\laravelpractice\\itymeBackend-master_final\\vendor\\doctrine\\dbal\\lib\\Doctrine\\DBAL\\Driver\\PDO\\Exception.php:18)
[stacktrace]
#0 F:\\laravelpractice\\itymeBackend-master_final\\vendor\\doctrine\\dbal\\lib\\Doctrine\\DBAL\\Driver\\PDOConnection.php(44): Doctrine\\DBAL\\Driver\\PDO\\Exception::new(Object(PDOException))
#1 F:\\laravelpractice\\itymeBackend-master_final\\vendor\\laravel\\framework\\src\\Illuminate\\Database\\Connectors\\Connector.php(67): Doctrine\\DBAL\\Driver\\PDOConnection->__construct('mysql:host=127....', 'root', 'MOHAN123', Array)
#2 F:\\laravelpractice\\itymeBackend-master_final\\vendor\\laravel\\framework\\src\\Illuminate\\Database\\Connectors\\Connector.php(46): Illuminate\\Database\\Connectors\\Connector->createPdoConnection('mysql:host=127....', 'root', 'MOHAN123', Array)
#3 F:\\laravelpractice\\itymeBackend-master_final\\vendor\\laravel\\framework\\src\\Illuminate\\Database\\Connectors\\MySqlConnector.php(24): Illuminate\\Database\\Connectors\\Connector->createConnection('mysql:host=127....', Array, Array)
#4 F:\\laravelpractice\\itymeBackend-master_final\\vendor\\laravel\\framework\\src\\Illuminate\\Database\\Connectors\\ConnectionFactory.php(182): Illuminate\\Database\\Connectors\\MySqlConnector->connect(Array)
#5 [internal function]: Illuminate\\Database\\Connectors\\ConnectionFactory->Illuminate\\Database\\Connectors\\{closure}()
#6 F:\\laravelpractice\\itymeBackend-master_final\\vendor\\laravel\\framework\\src\\Illuminate\\Database\\Connection.php(924): call_user_func(Object(Closure))
#7 F:\\laravelpractice\\itymeBackend-master_final\\vendor\\laravel\\framework\\src\\Illuminate\\Database\\Connection.php(457): Illuminate\\Database\\Connection->getPdo()
#8 F:\\laravelpractice\\itymeBackend-master_final\\vendor\\laravel\\framework\\src\\Illuminate\\Database\\Connection.php(662): Illuminate\\Database\\Connection->Illuminate\\Database\\{closure}('insert into `te...', Array)
#9 F:\\laravelpractice\\itymeBackend-master_final\\vendor\\laravel\\framework\\src\\Illuminate\\Database\\Connection.php(629): Illuminate\\Database\\Connection->runQueryCallback('insert into `te...', Array, Object(Closure))
#10 F:\\laravelpractice\\itymeBackend-master_final\\vendor\\laravel\\framework\\src\\Illuminate\\Database\\Connection.php(464): Illuminate\\Database\\Connection->run('insert into `te...', Array, Object(Closure))
#11 F:\\laravelpractice\\itymeBackend-master_final\\vendor\\laravel\\framework\\src\\Illuminate\\Database\\Connection.php(416): Illuminate\\Database\\Connection->statement('insert into `te...', Array)
#12 F:\\laravelpractice\\itymeBackend-master_final\\vendor\\laravel\\framework\\src\\Illuminate\\Database\\Query\\Builder.php(2661): Illuminate\\Database\\Connection->insert('insert into `te...', Array)
#13 F:\\laravelpractice\\itymeBackend-master_final\\vendor\\laravel\\telescope\\src\\Storage\\DatabaseEntriesRepository.php(148): Illuminate\\Database\\Query\\Builder->insert(Array)
#14 F:\\laravelpractice\\itymeBackend-master_final\\vendor\\laravel\\framework\\src\\Illuminate\\Support\\Traits\\EnumeratesValues.php(176): Laravel\\Telescope\\Storage\\DatabaseEntriesRepository->Laravel\\Telescope\\Storage\\{closure}(Object(Illuminate\\Support\\Collection), 0)
#15 F:\\laravelpractice\\itymeBackend-master_final\\vendor\\laravel\\telescope\\src\\Storage\\DatabaseEntriesRepository.php(149): Illuminate\\Support\\Collection->each(Object(Closure))
#16 F:\\laravelpractice\\itymeBackend-master_final\\vendor\\laravel\\telescope\\src\\Telescope.php(587): Laravel\\Telescope\\Storage\\DatabaseEntriesRepository->store(Object(Illuminate\\Support\\Collection))
#17 [internal function]: Laravel\\Telescope\\Telescope::Laravel\\Telescope\\{closure}()
#18 F:\\laravelpractice\\itymeBackend-master_final\\vendor\\laravel\\telescope\\src\\Telescope.php(231): call_user_func(Object(Closure))
#19 F:\\laravelpractice\\itymeBackend-master_final\\vendor\\laravel\\telescope\\src\\Telescope.php(598): Laravel\\Telescope\\Telescope::withoutRecording(Object(Closure))
#20 F:\\laravelpractice\\itymeBackend-master_final\\vendor\\laravel\\telescope\\src\\ListensForStorageOpportunities.php(44): Laravel\\Telescope\\Telescope::store(Object(Laravel\\Telescope\\Storage\\DatabaseEntriesRepository))
#21 F:\\laravelpractice\\itymeBackend-master_final\\vendor\\laravel\\framework\\src\\Illuminate\\Container\\BoundMethod.php(36): Laravel\\Telescope\\Telescope::Laravel\\Telescope\\{closure}()
#22 F:\\laravelpractice\\itymeBackend-master_final\\vendor\\laravel\\framework\\src\\Illuminate\\Container\\Util.php(37): Illuminate\\Container\\BoundMethod::Illuminate\\Container\\{closure}()
#23 F:\\laravelpractice\\itymeBackend-master_final\\vendor\\laravel\\framework\\src\\Illuminate\\Container\\BoundMethod.php(81): Illuminate\\Container\\Util::unwrapIfClosure(Object(Closure))
#24 F:\\laravelpractice\\itymeBackend-master_final\\vendor\\laravel\\framework\\src\\Illuminate\\Container\\BoundMethod.php(37): Illuminate\\Container\\BoundMethod::callBoundMethod(Object(Illuminate\\Foundation\\Application), Object(Closure), Object(Closure))
#25 F:\\laravelpractice\\itymeBackend-master_final\\vendor\\laravel\\framework\\src\\Illuminate\\Container\\Container.php(590): Illuminate\\Container\\BoundMethod::call(Object(Illuminate\\Foundation\\Application), Object(Closure), Array, NULL)
#26 F:\\laravelpractice\\itymeBackend-master_final\\vendor\\laravel\\framework\\src\\Illuminate\\Foundation\\Application.php(1067): Illuminate\\Container\\Container->call(Object(Closure))
#27 F:\\laravelpractice\\itymeBackend-master_final\\vendor\\laravel\\framework\\src\\Illuminate\\Foundation\\Http\\Kernel.php(185): Illuminate\\Foundation\\Application->terminate()
#28 F:\\laravelpractice\\itymeBackend-master_final\\public\\index.php(58): Illuminate\\Foundation\\Http\\Kernel->terminate(Object(Illuminate\\Http\\Request), Object(Illuminate\\Http\\Response))
#29 F:\\laravelpractice\\itymeBackend-master_final\\server.php(21): require_once('F:\\\\laravelpract...')
#30 {main}

[previous exception] [object] (PDOException(code: 1045): SQLSTATE[HY000] [1045] Access denied for user 'root'@'localhost' (using password: YES) at F:\\laravelpractice\\itymeBackend-master_final\\vendor\\doctrine\\dbal\\lib\\Doctrine\\DBAL\\Driver\\PDOConnection.php:40)
[stacktrace]
#0 F:\\laravelpractice\\itymeBackend-master_final\\vendor\\doctrine\\dbal\\lib\\Doctrine\\DBAL\\Driver\\PDOConnection.php(40): PDO->__construct('mysql:host=127....', 'root', 'MOHAN123', Array)
#1 F:\\laravelpractice\\itymeBackend-master_final\\vendor\\laravel\\framework\\src\\Illuminate\\Database\\Connectors\\Connector.php(67): Doctrine\\DBAL\\Driver\\PDOConnection->__construct('mysql:host=127....', 'root', 'MOHAN123', Array)
#2 F:\\laravelpractice\\itymeBackend-master_final\\vendor\\laravel\\framework\\src\\Illuminate\\Database\\Connectors\\Connector.php(46): Illuminate\\Database\\Connectors\\Connector->createPdoConnection('mysql:host=127....', 'root', 'MOHAN123', Array)
#3 F:\\laravelpractice\\itymeBackend-master_final\\vendor\\laravel\\framework\\src\\Illuminate\\Database\\Connectors\\MySqlConnector.php(24): Illuminate\\Database\\Connectors\\Connector->createConnection('mysql:host=127....', Array, Array)
#4 F:\\laravelpractice\\itymeBackend-master_final\\vendor\\laravel\\framework\\src\\Illuminate\\Database\\Connectors\\ConnectionFactory.php(182): Illuminate\\Database\\Connectors\\MySqlConnector->connect(Array)
#5 [internal function]: Illuminate\\Database\\Connectors\\ConnectionFactory->Illuminate\\Database\\Connectors\\{closure}()
#6 F:\\laravelpractice\\itymeBackend-master_final\\vendor\\laravel\\framework\\src\\Illuminate\\Database\\Connection.php(924): call_user_func(Object(Closure))
#7 F:\\laravelpractice\\itymeBackend-master_final\\vendor\\laravel\\framework\\src\\Illuminate\\Database\\Connection.php(457): Illuminate\\Database\\Connection->getPdo()
#8 F:\\laravelpractice\\itymeBackend-master_final\\vendor\\laravel\\framework\\src\\Illuminate\\Database\\Connection.php(662): Illuminate\\Database\\Connection->Illuminate\\Database\\{closure}('insert into `te...', Array)
#9 F:\\laravelpractice\\itymeBackend-master_final\\vendor\\laravel\\framework\\src\\Illuminate\\Database\\Connection.php(629): Illuminate\\Database\\Connection->runQueryCallback('insert into `te...', Array, Object(Closure))
#10 F:\\laravelpractice\\itymeBackend-master_final\\vendor\\laravel\\framework\\src\\Illuminate\\Database\\Connection.php(464): Illuminate\\Database\\Connection->run('insert into `te...', Array, Object(Closure))
#11 F:\\laravelpractice\\itymeBackend-master_final\\vendor\\laravel\\framework\\src\\Illuminate\\Database\\Connection.php(416): Illuminate\\Database\\Connection->statement('insert into `te...', Array)
#12 F:\\laravelpractice\\itymeBackend-master_final\\vendor\\laravel\\framework\\src\\Illuminate\\Database\\Query\\Builder.php(2661): Illuminate\\Database\\Connection->insert('insert into `te...', Array)
#13 F:\\laravelpractice\\itymeBackend-master_final\\vendor\\laravel\\telescope\\src\\Storage\\DatabaseEntriesRepository.php(148): Illuminate\\Database\\Query\\Builder->insert(Array)
#14 F:\\laravelpractice\\itymeBackend-master_final\\vendor\\laravel\\framework\\src\\Illuminate\\Support\\Traits\\EnumeratesValues.php(176): Laravel\\Telescope\\Storage\\DatabaseEntriesRepository->Laravel\\Telescope\\Storage\\{closure}(Object(Illuminate\\Support\\Collection), 0)
#15 F:\\laravelpractice\\itymeBackend-master_final\\vendor\\laravel\\telescope\\src\\Storage\\DatabaseEntriesRepository.php(149): Illuminate\\Support\\Collection->each(Object(Closure))
#16 F:\\laravelpractice\\itymeBackend-master_final\\vendor\\laravel\\telescope\\src\\Telescope.php(587): Laravel\\Telescope\\Storage\\DatabaseEntriesRepository->store(Object(Illuminate\\Support\\Collection))
#17 [internal function]: Laravel\\Telescope\\Telescope::Laravel\\Telescope\\{closure}()
#18 F:\\laravelpractice\\itymeBackend-master_final\\vendor\\laravel\\telescope\\src\\Telescope.php(231): call_user_func(Object(Closure))
#19 F:\\laravelpractice\\itymeBackend-master_final\\vendor\\laravel\\telescope\\src\\Telescope.php(598): Laravel\\Telescope\\Telescope::withoutRecording(Object(Closure))
#20 F:\\laravelpractice\\itymeBackend-master_final\\vendor\\laravel\\telescope\\src\\ListensForStorageOpportunities.php(44): Laravel\\Telescope\\Telescope::store(Object(Laravel\\Telescope\\Storage\\DatabaseEntriesRepository))
#21 F:\\laravelpractice\\itymeBackend-master_final\\vendor\\laravel\\framework\\src\\Illuminate\\Container\\BoundMethod.php(36): Laravel\\Telescope\\Telescope::Laravel\\Telescope\\{closure}()
#22 F:\\laravelpractice\\itymeBackend-master_final\\vendor\\laravel\\framework\\src\\Illuminate\\Container\\Util.php(37): Illuminate\\Container\\BoundMethod::Illuminate\\Container\\{closure}()
#23 F:\\laravelpractice\\itymeBackend-master_final\\vendor\\laravel\\framework\\src\\Illuminate\\Container\\BoundMethod.php(81): Illuminate\\Container\\Util::unwrapIfClosure(Object(Closure))
#24 F:\\laravelpractice\\itymeBackend-master_final\\vendor\\laravel\\framework\\src\\Illuminate\\Container\\BoundMethod.php(37): Illuminate\\Container\\BoundMethod::callBoundMethod(Object(Illuminate\\Foundation\\Application), Object(Closure), Object(Closure))
#25 F:\\laravelpractice\\itymeBackend-master_final\\vendor\\laravel\\framework\\src\\Illuminate\\Container\\Container.php(590): Illuminate\\Container\\BoundMethod::call(Object(Illuminate\\Foundation\\Application), Object(Closure), Array, NULL)
#26 F:\\laravelpractice\\itymeBackend-master_final\\vendor\\laravel\\framework\\src\\Illuminate\\Foundation\\Application.php(1067): Illuminate\\Container\\Container->call(Object(Closure))
#27 F:\\laravelpractice\\itymeBackend-master_final\\vendor\\laravel\\framework\\src\\Illuminate\\Foundation\\Http\\Kernel.php(185): Illuminate\\Foundation\\Application->terminate()
#28 F:\\laravelpractice\\itymeBackend-master_final\\public\\index.php(58): Illuminate\\Foundation\\Http\\Kernel->terminate(Object(Illuminate\\Http\\Request), Object(Illuminate\\Http\\Response))
#29 F:\\laravelpractice\\itymeBackend-master_final\\server.php(21): require_once('F:\\\\laravelpract...')
#30 {main}
"} 
