[2021-09-09 15:04:05] local.ERROR: Target class [Vtlabs\Core\Http\Requests\Api\CheckUserRequest] does not exist. {"exception":"[object] (Illuminate\\Contracts\\Container\\BindingResolutionException(code: 0): Target class [Vtlabs\\Core\\Http\\Requests\\Api\\CheckUserRequest] does not exist. at /Users/mohangudey/Downloads/Projects/BE/vendor/laravel/framework/src/Illuminate/Container/Container.php:805)
[stacktrace]
#0 /Users/mohangudey/Downloads/Projects/BE/vendor/laravel/framework/src/Illuminate/Container/Container.php(681): Illuminate\\Container\\Container->build('Vtlabs\\\\Core\\\\Htt...')
#1 /Users/mohangudey/Downloads/Projects/BE/vendor/laravel/framework/src/Illuminate/Foundation/Application.php(785): Illuminate\\Container\\Container->resolve('Vtlabs\\\\Core\\\\Htt...', Array, true)
#2 /Users/mohangudey/Downloads/Projects/BE/vendor/laravel/framework/src/Illuminate/Container/Container.php(629): Illuminate\\Foundation\\Application->resolve('Vtlabs\\\\Core\\\\Htt...', Array)
#3 /Users/mohangudey/Downloads/Projects/BE/vendor/laravel/framework/src/Illuminate/Foundation/Application.php(770): Illuminate\\Container\\Container->make('Vtlabs\\\\Core\\\\Htt...', Array)
#4 /Users/mohangudey/Downloads/Projects/BE/vendor/laravel/framework/src/Illuminate/Routing/RouteDependencyResolverTrait.php(80): Illuminate\\Foundation\\Application->make('Vtlabs\\\\Core\\\\Htt...')
#5 /Users/mohangudey/Downloads/Projects/BE/vendor/laravel/framework/src/Illuminate/Routing/RouteDependencyResolverTrait.php(47): Illuminate\\Routing\\ControllerDispatcher->transformDependency(Object(ReflectionParameter), Array)
#6 /Users/mohangudey/Downloads/Projects/BE/vendor/laravel/framework/src/Illuminate/Routing/RouteDependencyResolverTrait.php(28): Illuminate\\Routing\\ControllerDispatcher->resolveMethodDependencies(Array, Object(ReflectionMethod))
#7 /Users/mohangudey/Downloads/Projects/BE/vendor/laravel/framework/src/Illuminate/Routing/ControllerDispatcher.php(41): Illuminate\\Routing\\ControllerDispatcher->resolveClassMethodDependencies(Array, Object(Vtlabs\\Core\\Http\\Controllers\\Api\\LoginController), 'checkUser')
#8 /Users/mohangudey/Downloads/Projects/BE/vendor/laravel/framework/src/Illuminate/Routing/Route.php(219): Illuminate\\Routing\\ControllerDispatcher->dispatch(Object(Illuminate\\Routing\\Route), Object(Vtlabs\\Core\\Http\\Controllers\\Api\\LoginController), 'checkUser')
#9 /Users/mohangudey/Downloads/Projects/BE/vendor/laravel/framework/src/Illuminate/Routing/Route.php(176): Illuminate\\Routing\\Route->runController()
#10 /Users/mohangudey/Downloads/Projects/BE/vendor/laravel/framework/src/Illuminate/Routing/Router.php(681): Illuminate\\Routing\\Route->run()
#11 /Users/mohangudey/Downloads/Projects/BE/vendor/laravel/framework/src/Illuminate/Pipeline/Pipeline.php(130): Illuminate\\Routing\\Router->Illuminate\\Routing\\{closure}(Object(Illuminate\\Http\\Request))
#12 /Users/mohangudey/Downloads/Projects/BE/vendor/vtlabs/core/src/Http/Middleware/DetectLocale.php(24): Illuminate\\Pipeline\\Pipeline->Illuminate\\Pipeline\\{closure}(Object(Illuminate\\Http\\Request))
#13 /Users/mohangudey/Downloads/Projects/BE/vendor/laravel/framework/src/Illuminate/Pipeline/Pipeline.php(171): Vtlabs\\Core\\Http\\Middleware\\DetectLocale->handle(Object(Illuminate\\Http\\Request), Object(Closure))
#14 /Users/mohangudey/Downloads/Projects/BE/vendor/laravel/framework/src/Illuminate/Routing/Middleware/SubstituteBindings.php(41): Illuminate\\Pipeline\\Pipeline->Illuminate\\Pipeline\\{closure}(Object(Illuminate\\Http\\Request))
#15 /Users/mohangudey/Downloads/Projects/BE/vendor/laravel/framework/src/Illuminate/Pipeline/Pipeline.php(171): Illuminate\\Routing\\Middleware\\SubstituteBindings->handle(Object(Illuminate\\Http\\Request), Object(Closure))
#16 /Users/mohangudey/Downloads/Projects/BE/vendor/laravel/framework/src/Illuminate/Routing/Middleware/ThrottleRequests.php(59): Illuminate\\Pipeline\\Pipeline->Illuminate\\Pipeline\\{closure}(Object(Illuminate\\Http\\Request))
#17 /Users/mohangudey/Downloads/Projects/BE/vendor/laravel/framework/src/Illuminate/Pipeline/Pipeline.php(171): Illuminate\\Routing\\Middleware\\ThrottleRequests->handle(Object(Illuminate\\Http\\Request), Object(Closure), 60, '1')
#18 /Users/mohangudey/Downloads/Projects/BE/vendor/laravel/framework/src/Illuminate/Pipeline/Pipeline.php(105): Illuminate\\Pipeline\\Pipeline->Illuminate\\Pipeline\\{closure}(Object(Illuminate\\Http\\Request))
#19 /Users/mohangudey/Downloads/Projects/BE/vendor/laravel/framework/src/Illuminate/Routing/Router.php(683): Illuminate\\Pipeline\\Pipeline->then(Object(Closure))
#20 /Users/mohangudey/Downloads/Projects/BE/vendor/laravel/framework/src/Illuminate/Routing/Router.php(658): Illuminate\\Routing\\Router->runRouteWithinStack(Object(Illuminate\\Routing\\Route), Object(Illuminate\\Http\\Request))
#21 /Users/mohangudey/Downloads/Projects/BE/vendor/laravel/framework/src/Illuminate/Routing/Router.php(624): Illuminate\\Routing\\Router->runRoute(Object(Illuminate\\Http\\Request), Object(Illuminate\\Routing\\Route))
#22 /Users/mohangudey/Downloads/Projects/BE/vendor/laravel/framework/src/Illuminate/Routing/Router.php(613): Illuminate\\Routing\\Router->dispatchToRoute(Object(Illuminate\\Http\\Request))
#23 /Users/mohangudey/Downloads/Projects/BE/vendor/laravel/framework/src/Illuminate/Foundation/Http/Kernel.php(170): Illuminate\\Routing\\Router->dispatch(Object(Illuminate\\Http\\Request))
#24 /Users/mohangudey/Downloads/Projects/BE/vendor/laravel/framework/src/Illuminate/Pipeline/Pipeline.php(130): Illuminate\\Foundation\\Http\\Kernel->Illuminate\\Foundation\\Http\\{closure}(Object(Illuminate\\Http\\Request))
#25 /Users/mohangudey/Downloads/Projects/BE/vendor/barryvdh/laravel-debugbar/src/Middleware/InjectDebugbar.php(67): Illuminate\\Pipeline\\Pipeline->Illuminate\\Pipeline\\{closure}(Object(Illuminate\\Http\\Request))
#26 /Users/mohangudey/Downloads/Projects/BE/vendor/laravel/framework/src/Illuminate/Pipeline/Pipeline.php(171): Barryvdh\\Debugbar\\Middleware\\InjectDebugbar->handle(Object(Illuminate\\Http\\Request), Object(Closure))
#27 /Users/mohangudey/Downloads/Projects/BE/vendor/spatie/laravel-cors/src/Cors.php(41): Illuminate\\Pipeline\\Pipeline->Illuminate\\Pipeline\\{closure}(Object(Illuminate\\Http\\Request))
#28 /Users/mohangudey/Downloads/Projects/BE/vendor/laravel/framework/src/Illuminate/Pipeline/Pipeline.php(171): Spatie\\Cors\\Cors->handle(Object(Illuminate\\Http\\Request), Object(Closure))
#29 /Users/mohangudey/Downloads/Projects/BE/vendor/laravel/framework/src/Illuminate/Foundation/Http/Middleware/TransformsRequest.php(21): Illuminate\\Pipeline\\Pipeline->Illuminate\\Pipeline\\{closure}(Object(Illuminate\\Http\\Request))
#30 /Users/mohangudey/Downloads/Projects/BE/vendor/laravel/framework/src/Illuminate/Pipeline/Pipeline.php(171): Illuminate\\Foundation\\Http\\Middleware\\TransformsRequest->handle(Object(Illuminate\\Http\\Request), Object(Closure))
#31 /Users/mohangudey/Downloads/Projects/BE/vendor/laravel/framework/src/Illuminate/Foundation/Http/Middleware/TransformsRequest.php(21): Illuminate\\Pipeline\\Pipeline->Illuminate\\Pipeline\\{closure}(Object(Illuminate\\Http\\Request))
#32 /Users/mohangudey/Downloads/Projects/BE/vendor/laravel/framework/src/Illuminate/Pipeline/Pipeline.php(171): Illuminate\\Foundation\\Http\\Middleware\\TransformsRequest->handle(Object(Illuminate\\Http\\Request), Object(Closure))
#33 /Users/mohangudey/Downloads/Projects/BE/vendor/laravel/framework/src/Illuminate/Foundation/Http/Middleware/ValidatePostSize.php(27): Illuminate\\Pipeline\\Pipeline->Illuminate\\Pipeline\\{closure}(Object(Illuminate\\Http\\Request))
#34 /Users/mohangudey/Downloads/Projects/BE/vendor/laravel/framework/src/Illuminate/Pipeline/Pipeline.php(171): Illuminate\\Foundation\\Http\\Middleware\\ValidatePostSize->handle(Object(Illuminate\\Http\\Request), Object(Closure))
#35 /Users/mohangudey/Downloads/Projects/BE/vendor/laravel/framework/src/Illuminate/Foundation/Http/Middleware/CheckForMaintenanceMode.php(63): Illuminate\\Pipeline\\Pipeline->Illuminate\\Pipeline\\{closure}(Object(Illuminate\\Http\\Request))
#36 /Users/mohangudey/Downloads/Projects/BE/vendor/laravel/framework/src/Illuminate/Pipeline/Pipeline.php(171): Illuminate\\Foundation\\Http\\Middleware\\CheckForMaintenanceMode->handle(Object(Illuminate\\Http\\Request), Object(Closure))
#37 /Users/mohangudey/Downloads/Projects/BE/vendor/laravel/framework/src/Illuminate/Pipeline/Pipeline.php(105): Illuminate\\Pipeline\\Pipeline->Illuminate\\Pipeline\\{closure}(Object(Illuminate\\Http\\Request))
#38 /Users/mohangudey/Downloads/Projects/BE/vendor/laravel/framework/src/Illuminate/Foundation/Http/Kernel.php(145): Illuminate\\Pipeline\\Pipeline->then(Object(Closure))
#39 /Users/mohangudey/Downloads/Projects/BE/vendor/laravel/framework/src/Illuminate/Foundation/Http/Kernel.php(110): Illuminate\\Foundation\\Http\\Kernel->sendRequestThroughRouter(Object(Illuminate\\Http\\Request))
#40 /Users/mohangudey/Downloads/Projects/BE/public/index.php(53): Illuminate\\Foundation\\Http\\Kernel->handle(Object(Illuminate\\Http\\Request))
#41 /Users/mohangudey/Downloads/Projects/BE/server.php(21): require_once('/Users/mohangud...')
#42 {main}

[previous exception] [object] (ReflectionException(code: -1): Class Vtlabs\\Core\\Http\\Requests\\Api\\CheckUserRequest does not exist at /Users/mohangudey/Downloads/Projects/BE/vendor/laravel/framework/src/Illuminate/Container/Container.php:803)
[stacktrace]
#0 /Users/mohangudey/Downloads/Projects/BE/vendor/laravel/framework/src/Illuminate/Container/Container.php(803): ReflectionClass->__construct('Vtlabs\\\\Core\\\\Htt...')
#1 /Users/mohangudey/Downloads/Projects/BE/vendor/laravel/framework/src/Illuminate/Container/Container.php(681): Illuminate\\Container\\Container->build('Vtlabs\\\\Core\\\\Htt...')
#2 /Users/mohangudey/Downloads/Projects/BE/vendor/laravel/framework/src/Illuminate/Foundation/Application.php(785): Illuminate\\Container\\Container->resolve('Vtlabs\\\\Core\\\\Htt...', Array, true)
#3 /Users/mohangudey/Downloads/Projects/BE/vendor/laravel/framework/src/Illuminate/Container/Container.php(629): Illuminate\\Foundation\\Application->resolve('Vtlabs\\\\Core\\\\Htt...', Array)
#4 /Users/mohangudey/Downloads/Projects/BE/vendor/laravel/framework/src/Illuminate/Foundation/Application.php(770): Illuminate\\Container\\Container->make('Vtlabs\\\\Core\\\\Htt...', Array)
#5 /Users/mohangudey/Downloads/Projects/BE/vendor/laravel/framework/src/Illuminate/Routing/RouteDependencyResolverTrait.php(80): Illuminate\\Foundation\\Application->make('Vtlabs\\\\Core\\\\Htt...')
#6 /Users/mohangudey/Downloads/Projects/BE/vendor/laravel/framework/src/Illuminate/Routing/RouteDependencyResolverTrait.php(47): Illuminate\\Routing\\ControllerDispatcher->transformDependency(Object(ReflectionParameter), Array)
#7 /Users/mohangudey/Downloads/Projects/BE/vendor/laravel/framework/src/Illuminate/Routing/RouteDependencyResolverTrait.php(28): Illuminate\\Routing\\ControllerDispatcher->resolveMethodDependencies(Array, Object(ReflectionMethod))
#8 /Users/mohangudey/Downloads/Projects/BE/vendor/laravel/framework/src/Illuminate/Routing/ControllerDispatcher.php(41): Illuminate\\Routing\\ControllerDispatcher->resolveClassMethodDependencies(Array, Object(Vtlabs\\Core\\Http\\Controllers\\Api\\LoginController), 'checkUser')
#9 /Users/mohangudey/Downloads/Projects/BE/vendor/laravel/framework/src/Illuminate/Routing/Route.php(219): Illuminate\\Routing\\ControllerDispatcher->dispatch(Object(Illuminate\\Routing\\Route), Object(Vtlabs\\Core\\Http\\Controllers\\Api\\LoginController), 'checkUser')
#10 /Users/mohangudey/Downloads/Projects/BE/vendor/laravel/framework/src/Illuminate/Routing/Route.php(176): Illuminate\\Routing\\Route->runController()
#11 /Users/mohangudey/Downloads/Projects/BE/vendor/laravel/framework/src/Illuminate/Routing/Router.php(681): Illuminate\\Routing\\Route->run()
#12 /Users/mohangudey/Downloads/Projects/BE/vendor/laravel/framework/src/Illuminate/Pipeline/Pipeline.php(130): Illuminate\\Routing\\Router->Illuminate\\Routing\\{closure}(Object(Illuminate\\Http\\Request))
#13 /Users/mohangudey/Downloads/Projects/BE/vendor/vtlabs/core/src/Http/Middleware/DetectLocale.php(24): Illuminate\\Pipeline\\Pipeline->Illuminate\\Pipeline\\{closure}(Object(Illuminate\\Http\\Request))
#14 /Users/mohangudey/Downloads/Projects/BE/vendor/laravel/framework/src/Illuminate/Pipeline/Pipeline.php(171): Vtlabs\\Core\\Http\\Middleware\\DetectLocale->handle(Object(Illuminate\\Http\\Request), Object(Closure))
#15 /Users/mohangudey/Downloads/Projects/BE/vendor/laravel/framework/src/Illuminate/Routing/Middleware/SubstituteBindings.php(41): Illuminate\\Pipeline\\Pipeline->Illuminate\\Pipeline\\{closure}(Object(Illuminate\\Http\\Request))
#16 /Users/mohangudey/Downloads/Projects/BE/vendor/laravel/framework/src/Illuminate/Pipeline/Pipeline.php(171): Illuminate\\Routing\\Middleware\\SubstituteBindings->handle(Object(Illuminate\\Http\\Request), Object(Closure))
#17 /Users/mohangudey/Downloads/Projects/BE/vendor/laravel/framework/src/Illuminate/Routing/Middleware/ThrottleRequests.php(59): Illuminate\\Pipeline\\Pipeline->Illuminate\\Pipeline\\{closure}(Object(Illuminate\\Http\\Request))
#18 /Users/mohangudey/Downloads/Projects/BE/vendor/laravel/framework/src/Illuminate/Pipeline/Pipeline.php(171): Illuminate\\Routing\\Middleware\\ThrottleRequests->handle(Object(Illuminate\\Http\\Request), Object(Closure), 60, '1')
#19 /Users/mohangudey/Downloads/Projects/BE/vendor/laravel/framework/src/Illuminate/Pipeline/Pipeline.php(105): Illuminate\\Pipeline\\Pipeline->Illuminate\\Pipeline\\{closure}(Object(Illuminate\\Http\\Request))
#20 /Users/mohangudey/Downloads/Projects/BE/vendor/laravel/framework/src/Illuminate/Routing/Router.php(683): Illuminate\\Pipeline\\Pipeline->then(Object(Closure))
#21 /Users/mohangudey/Downloads/Projects/BE/vendor/laravel/framework/src/Illuminate/Routing/Router.php(658): Illuminate\\Routing\\Router->runRouteWithinStack(Object(Illuminate\\Routing\\Route), Object(Illuminate\\Http\\Request))
#22 /Users/mohangudey/Downloads/Projects/BE/vendor/laravel/framework/src/Illuminate/Routing/Router.php(624): Illuminate\\Routing\\Router->runRoute(Object(Illuminate\\Http\\Request), Object(Illuminate\\Routing\\Route))
#23 /Users/mohangudey/Downloads/Projects/BE/vendor/laravel/framework/src/Illuminate/Routing/Router.php(613): Illuminate\\Routing\\Router->dispatchToRoute(Object(Illuminate\\Http\\Request))
#24 /Users/mohangudey/Downloads/Projects/BE/vendor/laravel/framework/src/Illuminate/Foundation/Http/Kernel.php(170): Illuminate\\Routing\\Router->dispatch(Object(Illuminate\\Http\\Request))
#25 /Users/mohangudey/Downloads/Projects/BE/vendor/laravel/framework/src/Illuminate/Pipeline/Pipeline.php(130): Illuminate\\Foundation\\Http\\Kernel->Illuminate\\Foundation\\Http\\{closure}(Object(Illuminate\\Http\\Request))
#26 /Users/mohangudey/Downloads/Projects/BE/vendor/barryvdh/laravel-debugbar/src/Middleware/InjectDebugbar.php(67): Illuminate\\Pipeline\\Pipeline->Illuminate\\Pipeline\\{closure}(Object(Illuminate\\Http\\Request))
#27 /Users/mohangudey/Downloads/Projects/BE/vendor/laravel/framework/src/Illuminate/Pipeline/Pipeline.php(171): Barryvdh\\Debugbar\\Middleware\\InjectDebugbar->handle(Object(Illuminate\\Http\\Request), Object(Closure))
#28 /Users/mohangudey/Downloads/Projects/BE/vendor/spatie/laravel-cors/src/Cors.php(41): Illuminate\\Pipeline\\Pipeline->Illuminate\\Pipeline\\{closure}(Object(Illuminate\\Http\\Request))
#29 /Users/mohangudey/Downloads/Projects/BE/vendor/laravel/framework/src/Illuminate/Pipeline/Pipeline.php(171): Spatie\\Cors\\Cors->handle(Object(Illuminate\\Http\\Request), Object(Closure))
#30 /Users/mohangudey/Downloads/Projects/BE/vendor/laravel/framework/src/Illuminate/Foundation/Http/Middleware/TransformsRequest.php(21): Illuminate\\Pipeline\\Pipeline->Illuminate\\Pipeline\\{closure}(Object(Illuminate\\Http\\Request))
#31 /Users/mohangudey/Downloads/Projects/BE/vendor/laravel/framework/src/Illuminate/Pipeline/Pipeline.php(171): Illuminate\\Foundation\\Http\\Middleware\\TransformsRequest->handle(Object(Illuminate\\Http\\Request), Object(Closure))
#32 /Users/mohangudey/Downloads/Projects/BE/vendor/laravel/framework/src/Illuminate/Foundation/Http/Middleware/TransformsRequest.php(21): Illuminate\\Pipeline\\Pipeline->Illuminate\\Pipeline\\{closure}(Object(Illuminate\\Http\\Request))
#33 /Users/mohangudey/Downloads/Projects/BE/vendor/laravel/framework/src/Illuminate/Pipeline/Pipeline.php(171): Illuminate\\Foundation\\Http\\Middleware\\TransformsRequest->handle(Object(Illuminate\\Http\\Request), Object(Closure))
#34 /Users/mohangudey/Downloads/Projects/BE/vendor/laravel/framework/src/Illuminate/Foundation/Http/Middleware/ValidatePostSize.php(27): Illuminate\\Pipeline\\Pipeline->Illuminate\\Pipeline\\{closure}(Object(Illuminate\\Http\\Request))
#35 /Users/mohangudey/Downloads/Projects/BE/vendor/laravel/framework/src/Illuminate/Pipeline/Pipeline.php(171): Illuminate\\Foundation\\Http\\Middleware\\ValidatePostSize->handle(Object(Illuminate\\Http\\Request), Object(Closure))
#36 /Users/mohangudey/Downloads/Projects/BE/vendor/laravel/framework/src/Illuminate/Foundation/Http/Middleware/CheckForMaintenanceMode.php(63): Illuminate\\Pipeline\\Pipeline->Illuminate\\Pipeline\\{closure}(Object(Illuminate\\Http\\Request))
#37 /Users/mohangudey/Downloads/Projects/BE/vendor/laravel/framework/src/Illuminate/Pipeline/Pipeline.php(171): Illuminate\\Foundation\\Http\\Middleware\\CheckForMaintenanceMode->handle(Object(Illuminate\\Http\\Request), Object(Closure))
#38 /Users/mohangudey/Downloads/Projects/BE/vendor/laravel/framework/src/Illuminate/Pipeline/Pipeline.php(105): Illuminate\\Pipeline\\Pipeline->Illuminate\\Pipeline\\{closure}(Object(Illuminate\\Http\\Request))
#39 /Users/mohangudey/Downloads/Projects/BE/vendor/laravel/framework/src/Illuminate/Foundation/Http/Kernel.php(145): Illuminate\\Pipeline\\Pipeline->then(Object(Closure))
#40 /Users/mohangudey/Downloads/Projects/BE/vendor/laravel/framework/src/Illuminate/Foundation/Http/Kernel.php(110): Illuminate\\Foundation\\Http\\Kernel->sendRequestThroughRouter(Object(Illuminate\\Http\\Request))
#41 /Users/mohangudey/Downloads/Projects/BE/public/index.php(53): Illuminate\\Foundation\\Http\\Kernel->handle(Object(Illuminate\\Http\\Request))
#42 /Users/mohangudey/Downloads/Projects/BE/server.php(21): require_once('/Users/mohangud...')
#43 {main}
"} 
