[2021-06-29 13:37:50] local.ERROR: SQLSTATE[42S02]: Base table or view not found: 1146 Table 'doctoworld.failed_jobs' doesn't exist (SQL: insert into `failed_jobs` (`connection`, `queue`, `payload`, `exception`, `failed_at`) values (database, default, {"displayName":"Spatie\\MediaLibrary\\Jobs\\PerformConversions","job":"Illuminate\\Queue\\CallQueuedHandler@call","maxTries":null,"delay":null,"timeout":null,"timeoutAt":null,"data":{"commandName":"Spatie\\MediaLibrary\\Jobs\\PerformConversions","command":"O:43:\"Spatie\\MediaLibrary\\Jobs\\PerformConversions\":11:{s:14:\"\u0000*\u0000conversions\";O:51:\"Spatie\\MediaLibrary\\Conversion\\ConversionCollection\":2:{s:8:\"\u0000*\u0000media\";N;s:8:\"\u0000*\u0000items\";a:1:{i:0;O:41:\"Spatie\\MediaLibrary\\Conversion\\Conversion\":7:{s:7:\"\u0000*\u0000name\";s:5:\"thumb\";s:28:\"\u0000*\u0000extractVideoFrameAtSecond\";i:0;s:16:\"\u0000*\u0000manipulations\";O:26:\"Spatie\\Image\\Manipulations\":1:{s:23:\"\u0000*\u0000manipulationSequence\";O:33:\"Spatie\\Image\\ManipulationSequence\":1:{s:9:\"\u0000*\u0000groups\";a:1:{i:0;a:3:{s:8:\"optimize\";s:341:\"{\"Spatie\\\\ImageOptimizer\\\\Optimizers\\\\Jpegoptim\":[\"--strip-all\",\"--all-progressive\"],\"Spatie\\\\ImageOptimizer\\\\Optimizers\\\\Pngquant\":[\"--force\"],\"Spatie\\\\ImageOptimizer\\\\Optimizers\\\\Optipng\":[\"-i0\",\"-o2\",\"-quiet\"],\"Spatie\\\\ImageOptimizer\\\\Optimizers\\\\Svgo\":[\"--disable=cleanupIDs\"],\"Spatie\\\\ImageOptimizer\\\\Optimizers\\\\Gifsicle\":[\"-b\",\"-O3\"]}\";s:6:\"format\";s:3:\"jpg\";s:5:\"width\";s:2:\"50\";}}}}s:23:\"\u0000*\u0000performOnCollections\";a:0:{}s:17:\"\u0000*\u0000performOnQueue\";b:1;s:26:\"\u0000*\u0000keepOriginalImageFormat\";b:0;s:27:\"\u0000*\u0000generateResponsiveImages\";b:0;}}}s:8:\"\u0000*\u0000media\";O:45:\"Illuminate\\Contracts\\Database\\ModelIdentifier\":4:{s:5:\"class\";s:32:\"Spatie\\MediaLibrary\\Models\\Media\";s:2:\"id\";i:155;s:9:\"relations\";a:0:{}s:10:\"connection\";s:5:\"mysql\";}s:14:\"\u0000*\u0000onlyMissing\";b:0;s:6:\"\u0000*\u0000job\";N;s:10:\"connection\";N;s:5:\"queue\";N;s:15:\"chainConnection\";N;s:10:\"chainQueue\";N;s:5:\"delay\";N;s:10:\"middleware\";a:0:{}s:7:\"chained\";a:0:{}}"}}, League\Flysystem\Exception: Impossible to create the root directory "/home/ubuntu/doctoworld/public/storage/155/conversions".  in /home/ubuntu/doctoworld/vendor/league/flysystem/src/Adapter/Local.php:112
Stack trace:
#0 /home/ubuntu/doctoworld/vendor/league/flysystem/src/Adapter/Local.php(156): League\Flysystem\Adapter\Local->ensureDirectory()
#1 /home/ubuntu/doctoworld/vendor/league/flysystem/src/Filesystem.php(122): League\Flysystem\Adapter\Local->writeStream()
#2 /home/ubuntu/doctoworld/vendor/laravel/framework/src/Illuminate/Filesystem/FilesystemAdapter.php(224): League\Flysystem\Filesystem->putStream()
#3 /home/ubuntu/doctoworld/vendor/spatie/laravel-medialibrary/src/Filesystem/Filesystem.php(79): Illuminate\Filesystem\FilesystemAdapter->put()
#4 /home/ubuntu/doctoworld/vendor/spatie/laravel-medialibrary/src/FileManipulator.php(111): Spatie\MediaLibrary\Filesystem\Filesystem->copyToMediaLibrary()
#5 /home/ubuntu/doctoworld/vendor/laravel/framework/src/Illuminate/Support/Traits/EnumeratesValues.php(176): Spatie\MediaLibrary\FileManipulator->Spatie\MediaLibrary\{closure}()
#6 /home/ubuntu/doctoworld/vendor/spatie/laravel-medialibrary/src/FileManipulator.php(116): Illuminate\Support\Collection->each()
#7 /home/ubuntu/doctoworld/vendor/spatie/laravel-medialibrary/src/Jobs/PerformConversions.php(37): Spatie\MediaLibrary\FileManipulator->performConversions()
#8 /home/ubuntu/doctoworld/vendor/laravel/framework/src/Illuminate/Container/BoundMethod.php(36): Spatie\MediaLibrary\Jobs\PerformConversions->handle()
#9 /home/ubuntu/doctoworld/vendor/laravel/framework/src/Illuminate/Container/Util.php(37): Illuminate\Container\BoundMethod::Illuminate\Container\{closure}()
#10 /home/ubuntu/doctoworld/vendor/laravel/framework/src/Illuminate/Container/BoundMethod.php(93): Illuminate\Container\Util::unwrapIfClosure()
#11 /home/ubuntu/doctoworld/vendor/laravel/framework/src/Illuminate/Container/BoundMethod.php(37): Illuminate\Container\BoundMethod::callBoundMethod()
#12 /home/ubuntu/doctoworld/vendor/laravel/framework/src/Illuminate/Container/Container.php(590): Illuminate\Container\BoundMethod::call()
#13 /home/ubuntu/doctoworld/vendor/laravel/framework/src/Illuminate/Bus/Dispatcher.php(94): Illuminate\Container\Container->call()
#14 /home/ubuntu/doctoworld/vendor/laravel/framework/src/Illuminate/Pipeline/Pipeline.php(130): Illuminate\Bus\Dispatcher->Illuminate\Bus\{closure}()
#15 /home/ubuntu/doctoworld/vendor/laravel/framework/src/Illuminate/Pipeline/Pipeline.php(105): Illuminate\Pipeline\Pipeline->Illuminate\Pipeline\{closure}()
#16 /home/ubuntu/doctoworld/vendor/laravel/framework/src/Illuminate/Bus/Dispatcher.php(98): Illuminate\Pipeline\Pipeline->then()
#17 /home/ubuntu/doctoworld/vendor/laravel/framework/src/Illuminate/Queue/CallQueuedHandler.php(83): Illuminate\Bus\Dispatcher->dispatchNow()
#18 /home/ubuntu/doctoworld/vendor/laravel/framework/src/Illuminate/Pipeline/Pipeline.php(130): Illuminate\Queue\CallQueuedHandler->Illuminate\Queue\{closure}()
#19 /home/ubuntu/doctoworld/vendor/laravel/framework/src/Illuminate/Pipeline/Pipeline.php(105): Illuminate\Pipeline\Pipeline->Illuminate\Pipeline\{closure}()
#20 /home/ubuntu/doctoworld/vendor/laravel/framework/src/Illuminate/Queue/CallQueuedHandler.php(85): Illuminate\Pipeline\Pipeline->then()
#21 /home/ubuntu/doctoworld/vendor/laravel/framework/src/Illuminate/Queue/CallQueuedHandler.php(59): Illuminate\Queue\CallQueuedHandler->dispatchThroughMiddleware()
#22 /home/ubuntu/doctoworld/vendor/laravel/framework/src/Illuminate/Queue/Jobs/Job.php(88): Illuminate\Queue\CallQueuedHandler->call()
#23 /home/ubuntu/doctoworld/vendor/laravel/framework/src/Illuminate/Queue/Worker.php(368): Illuminate\Queue\Jobs\Job->fire()
#24 /home/ubuntu/doctoworld/vendor/laravel/framework/src/Illuminate/Queue/Worker.php(314): Illuminate\Queue\Worker->process()
#25 /home/ubuntu/doctoworld/vendor/laravel/framework/src/Illuminate/Queue/Worker.php(134): Illuminate\Queue\Worker->runJob()
#26 /home/ubuntu/doctoworld/vendor/laravel/framework/src/Illuminate/Queue/Console/WorkCommand.php(112): Illuminate\Queue\Worker->daemon()
#27 /home/ubuntu/doctoworld/vendor/laravel/framework/src/Illuminate/Queue/Console/WorkCommand.php(96): Illuminate\Queue\Console\WorkCommand->runWorker()
#28 /home/ubuntu/doctoworld/vendor/laravel/framework/src/Illuminate/Container/BoundMethod.php(36): Illuminate\Queue\Console\WorkCommand->handle()
#29 /home/ubuntu/doctoworld/vendor/laravel/framework/src/Illuminate/Container/Util.php(37): Illuminate\Container\BoundMethod::Illuminate\Container\{closure}()
#30 /home/ubuntu/doctoworld/vendor/laravel/framework/src/Illuminate/Container/BoundMethod.php(93): Illuminate\Container\Util::unwrapIfClosure()
#31 /home/ubuntu/doctoworld/vendor/laravel/framework/src/Illuminate/Container/BoundMethod.php(37): Illuminate\Container\BoundMethod::callBoundMethod()
#32 /home/ubuntu/doctoworld/vendor/laravel/framework/src/Illuminate/Container/Container.php(590): Illuminate\Container\BoundMethod::call()
#33 /home/ubuntu/doctoworld/vendor/laravel/framework/src/Illuminate/Console/Command.php(134): Illuminate\Container\Container->call()
#34 /home/ubuntu/doctoworld/vendor/symfony/console/Command/Command.php(255): Illuminate\Console\Command->execute()
#35 /home/ubuntu/doctoworld/vendor/laravel/framework/src/Illuminate/Console/Command.php(121): Symfony\Component\Console\Command\Command->run()
#36 /home/ubuntu/doctoworld/vendor/symfony/console/Application.php(1009): Illuminate\Console\Command->run()
#37 /home/ubuntu/doctoworld/vendor/symfony/console/Application.php(273): Symfony\Component\Console\Application->doRunCommand()
#38 /home/ubuntu/doctoworld/vendor/symfony/console/Application.php(149): Symfony\Component\Console\Application->doRun()
#39 /home/ubuntu/doctoworld/vendor/laravel/framework/src/Illuminate/Console/Application.php(93): Symfony\Component\Console\Application->run()
#40 /home/ubuntu/doctoworld/vendor/laravel/framework/src/Illuminate/Foundation/Console/Kernel.php(131): Illuminate\Console\Application->run()
#41 /home/ubuntu/doctoworld/artisan(35): Illuminate\Foundation\Console\Kernel->handle()
#42 {main}, 2021-06-29 13:37:50)) {"exception":"[object] (Illuminate\\Database\\QueryException(code: 42S02): SQLSTATE[42S02]: Base table or view not found: 1146 Table 'doctoworld.failed_jobs' doesn't exist (SQL: insert into `failed_jobs` (`connection`, `queue`, `payload`, `exception`, `failed_at`) values (database, default, {\"displayName\":\"Spatie\\\\MediaLibrary\\\\Jobs\\\\PerformConversions\",\"job\":\"Illuminate\\\\Queue\\\\CallQueuedHandler@call\",\"maxTries\":null,\"delay\":null,\"timeout\":null,\"timeoutAt\":null,\"data\":{\"commandName\":\"Spatie\\\\MediaLibrary\\\\Jobs\\\\PerformConversions\",\"command\":\"O:43:\\\"Spatie\\\\MediaLibrary\\\\Jobs\\\\PerformConversions\\\":11:{s:14:\\\"\\u0000*\\u0000conversions\\\";O:51:\\\"Spatie\\\\MediaLibrary\\\\Conversion\\\\ConversionCollection\\\":2:{s:8:\\\"\\u0000*\\u0000media\\\";N;s:8:\\\"\\u0000*\\u0000items\\\";a:1:{i:0;O:41:\\\"Spatie\\\\MediaLibrary\\\\Conversion\\\\Conversion\\\":7:{s:7:\\\"\\u0000*\\u0000name\\\";s:5:\\\"thumb\\\";s:28:\\\"\\u0000*\\u0000extractVideoFrameAtSecond\\\";i:0;s:16:\\\"\\u0000*\\u0000manipulations\\\";O:26:\\\"Spatie\\\\Image\\\\Manipulations\\\":1:{s:23:\\\"\\u0000*\\u0000manipulationSequence\\\";O:33:\\\"Spatie\\\\Image\\\\ManipulationSequence\\\":1:{s:9:\\\"\\u0000*\\u0000groups\\\";a:1:{i:0;a:3:{s:8:\\\"optimize\\\";s:341:\\\"{\\\"Spatie\\\\\\\\ImageOptimizer\\\\\\\\Optimizers\\\\\\\\Jpegoptim\\\":[\\\"--strip-all\\\",\\\"--all-progressive\\\"],\\\"Spatie\\\\\\\\ImageOptimizer\\\\\\\\Optimizers\\\\\\\\Pngquant\\\":[\\\"--force\\\"],\\\"Spatie\\\\\\\\ImageOptimizer\\\\\\\\Optimizers\\\\\\\\Optipng\\\":[\\\"-i0\\\",\\\"-o2\\\",\\\"-quiet\\\"],\\\"Spatie\\\\\\\\ImageOptimizer\\\\\\\\Optimizers\\\\\\\\Svgo\\\":[\\\"--disable=cleanupIDs\\\"],\\\"Spatie\\\\\\\\ImageOptimizer\\\\\\\\Optimizers\\\\\\\\Gifsicle\\\":[\\\"-b\\\",\\\"-O3\\\"]}\\\";s:6:\\\"format\\\";s:3:\\\"jpg\\\";s:5:\\\"width\\\";s:2:\\\"50\\\";}}}}s:23:\\\"\\u0000*\\u0000performOnCollections\\\";a:0:{}s:17:\\\"\\u0000*\\u0000performOnQueue\\\";b:1;s:26:\\\"\\u0000*\\u0000keepOriginalImageFormat\\\";b:0;s:27:\\\"\\u0000*\\u0000generateResponsiveImages\\\";b:0;}}}s:8:\\\"\\u0000*\\u0000media\\\";O:45:\\\"Illuminate\\\\Contracts\\\\Database\\\\ModelIdentifier\\\":4:{s:5:\\\"class\\\";s:32:\\\"Spatie\\\\MediaLibrary\\\\Models\\\\Media\\\";s:2:\\\"id\\\";i:155;s:9:\\\"relations\\\";a:0:{}s:10:\\\"connection\\\";s:5:\\\"mysql\\\";}s:14:\\\"\\u0000*\\u0000onlyMissing\\\";b:0;s:6:\\\"\\u0000*\\u0000job\\\";N;s:10:\\\"connection\\\";N;s:5:\\\"queue\\\";N;s:15:\\\"chainConnection\\\";N;s:10:\\\"chainQueue\\\";N;s:5:\\\"delay\\\";N;s:10:\\\"middleware\\\";a:0:{}s:7:\\\"chained\\\";a:0:{}}\"}}, League\\Flysystem\\Exception: Impossible to create the root directory \"/home/ubuntu/doctoworld/public/storage/155/conversions\".  in /home/ubuntu/doctoworld/vendor/league/flysystem/src/Adapter/Local.php:112
Stack trace:
#0 /home/ubuntu/doctoworld/vendor/league/flysystem/src/Adapter/Local.php(156): League\\Flysystem\\Adapter\\Local->ensureDirectory()
#1 /home/ubuntu/doctoworld/vendor/league/flysystem/src/Filesystem.php(122): League\\Flysystem\\Adapter\\Local->writeStream()
#2 /home/ubuntu/doctoworld/vendor/laravel/framework/src/Illuminate/Filesystem/FilesystemAdapter.php(224): League\\Flysystem\\Filesystem->putStream()
#3 /home/ubuntu/doctoworld/vendor/spatie/laravel-medialibrary/src/Filesystem/Filesystem.php(79): Illuminate\\Filesystem\\FilesystemAdapter->put()
#4 /home/ubuntu/doctoworld/vendor/spatie/laravel-medialibrary/src/FileManipulator.php(111): Spatie\\MediaLibrary\\Filesystem\\Filesystem->copyToMediaLibrary()
#5 /home/ubuntu/doctoworld/vendor/laravel/framework/src/Illuminate/Support/Traits/EnumeratesValues.php(176): Spatie\\MediaLibrary\\FileManipulator->Spatie\\MediaLibrary\\{closure}()
#6 /home/ubuntu/doctoworld/vendor/spatie/laravel-medialibrary/src/FileManipulator.php(116): Illuminate\\Support\\Collection->each()
#7 /home/ubuntu/doctoworld/vendor/spatie/laravel-medialibrary/src/Jobs/PerformConversions.php(37): Spatie\\MediaLibrary\\FileManipulator->performConversions()
#8 /home/ubuntu/doctoworld/vendor/laravel/framework/src/Illuminate/Container/BoundMethod.php(36): Spatie\\MediaLibrary\\Jobs\\PerformConversions->handle()
#9 /home/ubuntu/doctoworld/vendor/laravel/framework/src/Illuminate/Container/Util.php(37): Illuminate\\Container\\BoundMethod::Illuminate\\Container\\{closure}()
#10 /home/ubuntu/doctoworld/vendor/laravel/framework/src/Illuminate/Container/BoundMethod.php(93): Illuminate\\Container\\Util::unwrapIfClosure()
#11 /home/ubuntu/doctoworld/vendor/laravel/framework/src/Illuminate/Container/BoundMethod.php(37): Illuminate\\Container\\BoundMethod::callBoundMethod()
#12 /home/ubuntu/doctoworld/vendor/laravel/framework/src/Illuminate/Container/Container.php(590): Illuminate\\Container\\BoundMethod::call()
#13 /home/ubuntu/doctoworld/vendor/laravel/framework/src/Illuminate/Bus/Dispatcher.php(94): Illuminate\\Container\\Container->call()
#14 /home/ubuntu/doctoworld/vendor/laravel/framework/src/Illuminate/Pipeline/Pipeline.php(130): Illuminate\\Bus\\Dispatcher->Illuminate\\Bus\\{closure}()
#15 /home/ubuntu/doctoworld/vendor/laravel/framework/src/Illuminate/Pipeline/Pipeline.php(105): Illuminate\\Pipeline\\Pipeline->Illuminate\\Pipeline\\{closure}()
#16 /home/ubuntu/doctoworld/vendor/laravel/framework/src/Illuminate/Bus/Dispatcher.php(98): Illuminate\\Pipeline\\Pipeline->then()
#17 /home/ubuntu/doctoworld/vendor/laravel/framework/src/Illuminate/Queue/CallQueuedHandler.php(83): Illuminate\\Bus\\Dispatcher->dispatchNow()
#18 /home/ubuntu/doctoworld/vendor/laravel/framework/src/Illuminate/Pipeline/Pipeline.php(130): Illuminate\\Queue\\CallQueuedHandler->Illuminate\\Queue\\{closure}()
#19 /home/ubuntu/doctoworld/vendor/laravel/framework/src/Illuminate/Pipeline/Pipeline.php(105): Illuminate\\Pipeline\\Pipeline->Illuminate\\Pipeline\\{closure}()
#20 /home/ubuntu/doctoworld/vendor/laravel/framework/src/Illuminate/Queue/CallQueuedHandler.php(85): Illuminate\\Pipeline\\Pipeline->then()
#21 /home/ubuntu/doctoworld/vendor/laravel/framework/src/Illuminate/Queue/CallQueuedHandler.php(59): Illuminate\\Queue\\CallQueuedHandler->dispatchThroughMiddleware()
#22 /home/ubuntu/doctoworld/vendor/laravel/framework/src/Illuminate/Queue/Jobs/Job.php(88): Illuminate\\Queue\\CallQueuedHandler->call()
#23 /home/ubuntu/doctoworld/vendor/laravel/framework/src/Illuminate/Queue/Worker.php(368): Illuminate\\Queue\\Jobs\\Job->fire()
#24 /home/ubuntu/doctoworld/vendor/laravel/framework/src/Illuminate/Queue/Worker.php(314): Illuminate\\Queue\\Worker->process()
#25 /home/ubuntu/doctoworld/vendor/laravel/framework/src/Illuminate/Queue/Worker.php(134): Illuminate\\Queue\\Worker->runJob()
#26 /home/ubuntu/doctoworld/vendor/laravel/framework/src/Illuminate/Queue/Console/WorkCommand.php(112): Illuminate\\Queue\\Worker->daemon()
#27 /home/ubuntu/doctoworld/vendor/laravel/framework/src/Illuminate/Queue/Console/WorkCommand.php(96): Illuminate\\Queue\\Console\\WorkCommand->runWorker()
#28 /home/ubuntu/doctoworld/vendor/laravel/framework/src/Illuminate/Container/BoundMethod.php(36): Illuminate\\Queue\\Console\\WorkCommand->handle()
#29 /home/ubuntu/doctoworld/vendor/laravel/framework/src/Illuminate/Container/Util.php(37): Illuminate\\Container\\BoundMethod::Illuminate\\Container\\{closure}()
#30 /home/ubuntu/doctoworld/vendor/laravel/framework/src/Illuminate/Container/BoundMethod.php(93): Illuminate\\Container\\Util::unwrapIfClosure()
#31 /home/ubuntu/doctoworld/vendor/laravel/framework/src/Illuminate/Container/BoundMethod.php(37): Illuminate\\Container\\BoundMethod::callBoundMethod()
#32 /home/ubuntu/doctoworld/vendor/laravel/framework/src/Illuminate/Container/Container.php(590): Illuminate\\Container\\BoundMethod::call()
#33 /home/ubuntu/doctoworld/vendor/laravel/framework/src/Illuminate/Console/Command.php(134): Illuminate\\Container\\Container->call()
#34 /home/ubuntu/doctoworld/vendor/symfony/console/Command/Command.php(255): Illuminate\\Console\\Command->execute()
#35 /home/ubuntu/doctoworld/vendor/laravel/framework/src/Illuminate/Console/Command.php(121): Symfony\\Component\\Console\\Command\\Command->run()
#36 /home/ubuntu/doctoworld/vendor/symfony/console/Application.php(1009): Illuminate\\Console\\Command->run()
#37 /home/ubuntu/doctoworld/vendor/symfony/console/Application.php(273): Symfony\\Component\\Console\\Application->doRunCommand()
#38 /home/ubuntu/doctoworld/vendor/symfony/console/Application.php(149): Symfony\\Component\\Console\\Application->doRun()
#39 /home/ubuntu/doctoworld/vendor/laravel/framework/src/Illuminate/Console/Application.php(93): Symfony\\Component\\Console\\Application->run()
#40 /home/ubuntu/doctoworld/vendor/laravel/framework/src/Illuminate/Foundation/Console/Kernel.php(131): Illuminate\\Console\\Application->run()
#41 /home/ubuntu/doctoworld/artisan(35): Illuminate\\Foundation\\Console\\Kernel->handle()
#42 {main}, 2021-06-29 13:37:50)) at /home/ubuntu/doctoworld/vendor/laravel/framework/src/Illuminate/Database/Connection.php:669)
[stacktrace]
#0 /home/ubuntu/doctoworld/vendor/laravel/framework/src/Illuminate/Database/Connection.php(629): Illuminate\\Database\\Connection->runQueryCallback()
#1 /home/ubuntu/doctoworld/vendor/laravel/framework/src/Illuminate/Database/Connection.php(464): Illuminate\\Database\\Connection->run()
#2 /home/ubuntu/doctoworld/vendor/laravel/framework/src/Illuminate/Database/Connection.php(416): Illuminate\\Database\\Connection->statement()
#3 /home/ubuntu/doctoworld/vendor/laravel/framework/src/Illuminate/Database/Query/Processors/Processor.php(32): Illuminate\\Database\\Connection->insert()
#4 /home/ubuntu/doctoworld/vendor/laravel/framework/src/Illuminate/Database/Query/Builder.php(2705): Illuminate\\Database\\Query\\Processors\\Processor->processInsertGetId()
#5 /home/ubuntu/doctoworld/vendor/laravel/framework/src/Illuminate/Queue/Failed/DatabaseFailedJobProvider.php(62): Illuminate\\Database\\Query\\Builder->insertGetId()
#6 /home/ubuntu/doctoworld/vendor/laravel/framework/src/Illuminate/Queue/Console/WorkCommand.php(200): Illuminate\\Queue\\Failed\\DatabaseFailedJobProvider->log()
#7 /home/ubuntu/doctoworld/vendor/laravel/framework/src/Illuminate/Queue/Console/WorkCommand.php(149): Illuminate\\Queue\\Console\\WorkCommand->logFailedJob()
#8 /home/ubuntu/doctoworld/vendor/laravel/framework/src/Illuminate/Events/Dispatcher.php(369): Illuminate\\Queue\\Console\\WorkCommand->Illuminate\\Queue\\Console\\{closure}()
#9 /home/ubuntu/doctoworld/vendor/laravel/framework/src/Illuminate/Events/Dispatcher.php(218): Illuminate\\Events\\Dispatcher->Illuminate\\Events\\{closure}()
#10 /home/ubuntu/doctoworld/vendor/laravel/framework/src/Illuminate/Queue/Jobs/Job.php(185): Illuminate\\Events\\Dispatcher->dispatch()
#11 /home/ubuntu/doctoworld/vendor/laravel/framework/src/Illuminate/Queue/Worker.php(482): Illuminate\\Queue\\Jobs\\Job->fail()
#12 /home/ubuntu/doctoworld/vendor/laravel/framework/src/Illuminate/Queue/Worker.php(469): Illuminate\\Queue\\Worker->failJob()
#13 /home/ubuntu/doctoworld/vendor/laravel/framework/src/Illuminate/Queue/Worker.php(399): Illuminate\\Queue\\Worker->markJobAsFailedIfWillExceedMaxAttempts()
#14 /home/ubuntu/doctoworld/vendor/laravel/framework/src/Illuminate/Queue/Worker.php(372): Illuminate\\Queue\\Worker->handleJobException()
#15 /home/ubuntu/doctoworld/vendor/laravel/framework/src/Illuminate/Queue/Worker.php(314): Illuminate\\Queue\\Worker->process()
#16 /home/ubuntu/doctoworld/vendor/laravel/framework/src/Illuminate/Queue/Worker.php(134): Illuminate\\Queue\\Worker->runJob()
#17 /home/ubuntu/doctoworld/vendor/laravel/framework/src/Illuminate/Queue/Console/WorkCommand.php(112): Illuminate\\Queue\\Worker->daemon()
#18 /home/ubuntu/doctoworld/vendor/laravel/framework/src/Illuminate/Queue/Console/WorkCommand.php(96): Illuminate\\Queue\\Console\\WorkCommand->runWorker()
#19 /home/ubuntu/doctoworld/vendor/laravel/framework/src/Illuminate/Container/BoundMethod.php(36): Illuminate\\Queue\\Console\\WorkCommand->handle()
#20 /home/ubuntu/doctoworld/vendor/laravel/framework/src/Illuminate/Container/Util.php(37): Illuminate\\Container\\BoundMethod::Illuminate\\Container\\{closure}()
#21 /home/ubuntu/doctoworld/vendor/laravel/framework/src/Illuminate/Container/BoundMethod.php(93): Illuminate\\Container\\Util::unwrapIfClosure()
#22 /home/ubuntu/doctoworld/vendor/laravel/framework/src/Illuminate/Container/BoundMethod.php(37): Illuminate\\Container\\BoundMethod::callBoundMethod()
#23 /home/ubuntu/doctoworld/vendor/laravel/framework/src/Illuminate/Container/Container.php(590): Illuminate\\Container\\BoundMethod::call()
#24 /home/ubuntu/doctoworld/vendor/laravel/framework/src/Illuminate/Console/Command.php(134): Illuminate\\Container\\Container->call()
#25 /home/ubuntu/doctoworld/vendor/symfony/console/Command/Command.php(255): Illuminate\\Console\\Command->execute()
#26 /home/ubuntu/doctoworld/vendor/laravel/framework/src/Illuminate/Console/Command.php(121): Symfony\\Component\\Console\\Command\\Command->run()
#27 /home/ubuntu/doctoworld/vendor/symfony/console/Application.php(1009): Illuminate\\Console\\Command->run()
#28 /home/ubuntu/doctoworld/vendor/symfony/console/Application.php(273): Symfony\\Component\\Console\\Application->doRunCommand()
#29 /home/ubuntu/doctoworld/vendor/symfony/console/Application.php(149): Symfony\\Component\\Console\\Application->doRun()
#30 /home/ubuntu/doctoworld/vendor/laravel/framework/src/Illuminate/Console/Application.php(93): Symfony\\Component\\Console\\Application->run()
#31 /home/ubuntu/doctoworld/vendor/laravel/framework/src/Illuminate/Foundation/Console/Kernel.php(131): Illuminate\\Console\\Application->run()
#32 /home/ubuntu/doctoworld/artisan(35): Illuminate\\Foundation\\Console\\Kernel->handle()
#33 {main}

[previous exception] [object] (Doctrine\\DBAL\\Driver\\PDO\\Exception(code: 42S02): SQLSTATE[42S02]: Base table or view not found: 1146 Table 'doctoworld.failed_jobs' doesn't exist at /home/ubuntu/doctoworld/vendor/doctrine/dbal/lib/Doctrine/DBAL/Driver/PDO/Exception.php:18)
[stacktrace]
#0 /home/ubuntu/doctoworld/vendor/doctrine/dbal/lib/Doctrine/DBAL/Driver/PDOConnection.php(84): Doctrine\\DBAL\\Driver\\PDO\\Exception::new()
#1 /home/ubuntu/doctoworld/vendor/laravel/framework/src/Illuminate/Database/Connection.php(457): Doctrine\\DBAL\\Driver\\PDOConnection->prepare()
#2 /home/ubuntu/doctoworld/vendor/laravel/framework/src/Illuminate/Database/Connection.php(662): Illuminate\\Database\\Connection->Illuminate\\Database\\{closure}()
#3 /home/ubuntu/doctoworld/vendor/laravel/framework/src/Illuminate/Database/Connection.php(629): Illuminate\\Database\\Connection->runQueryCallback()
#4 /home/ubuntu/doctoworld/vendor/laravel/framework/src/Illuminate/Database/Connection.php(464): Illuminate\\Database\\Connection->run()
#5 /home/ubuntu/doctoworld/vendor/laravel/framework/src/Illuminate/Database/Connection.php(416): Illuminate\\Database\\Connection->statement()
#6 /home/ubuntu/doctoworld/vendor/laravel/framework/src/Illuminate/Database/Query/Processors/Processor.php(32): Illuminate\\Database\\Connection->insert()
#7 /home/ubuntu/doctoworld/vendor/laravel/framework/src/Illuminate/Database/Query/Builder.php(2705): Illuminate\\Database\\Query\\Processors\\Processor->processInsertGetId()
#8 /home/ubuntu/doctoworld/vendor/laravel/framework/src/Illuminate/Queue/Failed/DatabaseFailedJobProvider.php(62): Illuminate\\Database\\Query\\Builder->insertGetId()
#9 /home/ubuntu/doctoworld/vendor/laravel/framework/src/Illuminate/Queue/Console/WorkCommand.php(200): Illuminate\\Queue\\Failed\\DatabaseFailedJobProvider->log()
#10 /home/ubuntu/doctoworld/vendor/laravel/framework/src/Illuminate/Queue/Console/WorkCommand.php(149): Illuminate\\Queue\\Console\\WorkCommand->logFailedJob()
#11 /home/ubuntu/doctoworld/vendor/laravel/framework/src/Illuminate/Events/Dispatcher.php(369): Illuminate\\Queue\\Console\\WorkCommand->Illuminate\\Queue\\Console\\{closure}()
#12 /home/ubuntu/doctoworld/vendor/laravel/framework/src/Illuminate/Events/Dispatcher.php(218): Illuminate\\Events\\Dispatcher->Illuminate\\Events\\{closure}()
#13 /home/ubuntu/doctoworld/vendor/laravel/framework/src/Illuminate/Queue/Jobs/Job.php(185): Illuminate\\Events\\Dispatcher->dispatch()
#14 /home/ubuntu/doctoworld/vendor/laravel/framework/src/Illuminate/Queue/Worker.php(482): Illuminate\\Queue\\Jobs\\Job->fail()
#15 /home/ubuntu/doctoworld/vendor/laravel/framework/src/Illuminate/Queue/Worker.php(469): Illuminate\\Queue\\Worker->failJob()
#16 /home/ubuntu/doctoworld/vendor/laravel/framework/src/Illuminate/Queue/Worker.php(399): Illuminate\\Queue\\Worker->markJobAsFailedIfWillExceedMaxAttempts()
#17 /home/ubuntu/doctoworld/vendor/laravel/framework/src/Illuminate/Queue/Worker.php(372): Illuminate\\Queue\\Worker->handleJobException()
#18 /home/ubuntu/doctoworld/vendor/laravel/framework/src/Illuminate/Queue/Worker.php(314): Illuminate\\Queue\\Worker->process()
#19 /home/ubuntu/doctoworld/vendor/laravel/framework/src/Illuminate/Queue/Worker.php(134): Illuminate\\Queue\\Worker->runJob()
#20 /home/ubuntu/doctoworld/vendor/laravel/framework/src/Illuminate/Queue/Console/WorkCommand.php(112): Illuminate\\Queue\\Worker->daemon()
#21 /home/ubuntu/doctoworld/vendor/laravel/framework/src/Illuminate/Queue/Console/WorkCommand.php(96): Illuminate\\Queue\\Console\\WorkCommand->runWorker()
#22 /home/ubuntu/doctoworld/vendor/laravel/framework/src/Illuminate/Container/BoundMethod.php(36): Illuminate\\Queue\\Console\\WorkCommand->handle()
#23 /home/ubuntu/doctoworld/vendor/laravel/framework/src/Illuminate/Container/Util.php(37): Illuminate\\Container\\BoundMethod::Illuminate\\Container\\{closure}()
#24 /home/ubuntu/doctoworld/vendor/laravel/framework/src/Illuminate/Container/BoundMethod.php(93): Illuminate\\Container\\Util::unwrapIfClosure()
#25 /home/ubuntu/doctoworld/vendor/laravel/framework/src/Illuminate/Container/BoundMethod.php(37): Illuminate\\Container\\BoundMethod::callBoundMethod()
#26 /home/ubuntu/doctoworld/vendor/laravel/framework/src/Illuminate/Container/Container.php(590): Illuminate\\Container\\BoundMethod::call()
#27 /home/ubuntu/doctoworld/vendor/laravel/framework/src/Illuminate/Console/Command.php(134): Illuminate\\Container\\Container->call()
#28 /home/ubuntu/doctoworld/vendor/symfony/console/Command/Command.php(255): Illuminate\\Console\\Command->execute()
#29 /home/ubuntu/doctoworld/vendor/laravel/framework/src/Illuminate/Console/Command.php(121): Symfony\\Component\\Console\\Command\\Command->run()
#30 /home/ubuntu/doctoworld/vendor/symfony/console/Application.php(1009): Illuminate\\Console\\Command->run()
#31 /home/ubuntu/doctoworld/vendor/symfony/console/Application.php(273): Symfony\\Component\\Console\\Application->doRunCommand()
#32 /home/ubuntu/doctoworld/vendor/symfony/console/Application.php(149): Symfony\\Component\\Console\\Application->doRun()
#33 /home/ubuntu/doctoworld/vendor/laravel/framework/src/Illuminate/Console/Application.php(93): Symfony\\Component\\Console\\Application->run()
#34 /home/ubuntu/doctoworld/vendor/laravel/framework/src/Illuminate/Foundation/Console/Kernel.php(131): Illuminate\\Console\\Application->run()
#35 /home/ubuntu/doctoworld/artisan(35): Illuminate\\Foundation\\Console\\Kernel->handle()
#36 {main}

[previous exception] [object] (PDOException(code: 42S02): SQLSTATE[42S02]: Base table or view not found: 1146 Table 'doctoworld.failed_jobs' doesn't exist at /home/ubuntu/doctoworld/vendor/doctrine/dbal/lib/Doctrine/DBAL/Driver/PDOConnection.php:79)
[stacktrace]
#0 /home/ubuntu/doctoworld/vendor/doctrine/dbal/lib/Doctrine/DBAL/Driver/PDOConnection.php(79): PDO->prepare()
#1 /home/ubuntu/doctoworld/vendor/laravel/framework/src/Illuminate/Database/Connection.php(457): Doctrine\\DBAL\\Driver\\PDOConnection->prepare()
#2 /home/ubuntu/doctoworld/vendor/laravel/framework/src/Illuminate/Database/Connection.php(662): Illuminate\\Database\\Connection->Illuminate\\Database\\{closure}()
#3 /home/ubuntu/doctoworld/vendor/laravel/framework/src/Illuminate/Database/Connection.php(629): Illuminate\\Database\\Connection->runQueryCallback()
#4 /home/ubuntu/doctoworld/vendor/laravel/framework/src/Illuminate/Database/Connection.php(464): Illuminate\\Database\\Connection->run()
#5 /home/ubuntu/doctoworld/vendor/laravel/framework/src/Illuminate/Database/Connection.php(416): Illuminate\\Database\\Connection->statement()
#6 /home/ubuntu/doctoworld/vendor/laravel/framework/src/Illuminate/Database/Query/Processors/Processor.php(32): Illuminate\\Database\\Connection->insert()
#7 /home/ubuntu/doctoworld/vendor/laravel/framework/src/Illuminate/Database/Query/Builder.php(2705): Illuminate\\Database\\Query\\Processors\\Processor->processInsertGetId()
#8 /home/ubuntu/doctoworld/vendor/laravel/framework/src/Illuminate/Queue/Failed/DatabaseFailedJobProvider.php(62): Illuminate\\Database\\Query\\Builder->insertGetId()
#9 /home/ubuntu/doctoworld/vendor/laravel/framework/src/Illuminate/Queue/Console/WorkCommand.php(200): Illuminate\\Queue\\Failed\\DatabaseFailedJobProvider->log()
#10 /home/ubuntu/doctoworld/vendor/laravel/framework/src/Illuminate/Queue/Console/WorkCommand.php(149): Illuminate\\Queue\\Console\\WorkCommand->logFailedJob()
#11 /home/ubuntu/doctoworld/vendor/laravel/framework/src/Illuminate/Events/Dispatcher.php(369): Illuminate\\Queue\\Console\\WorkCommand->Illuminate\\Queue\\Console\\{closure}()
#12 /home/ubuntu/doctoworld/vendor/laravel/framework/src/Illuminate/Events/Dispatcher.php(218): Illuminate\\Events\\Dispatcher->Illuminate\\Events\\{closure}()
#13 /home/ubuntu/doctoworld/vendor/laravel/framework/src/Illuminate/Queue/Jobs/Job.php(185): Illuminate\\Events\\Dispatcher->dispatch()
#14 /home/ubuntu/doctoworld/vendor/laravel/framework/src/Illuminate/Queue/Worker.php(482): Illuminate\\Queue\\Jobs\\Job->fail()
#15 /home/ubuntu/doctoworld/vendor/laravel/framework/src/Illuminate/Queue/Worker.php(469): Illuminate\\Queue\\Worker->failJob()
#16 /home/ubuntu/doctoworld/vendor/laravel/framework/src/Illuminate/Queue/Worker.php(399): Illuminate\\Queue\\Worker->markJobAsFailedIfWillExceedMaxAttempts()
#17 /home/ubuntu/doctoworld/vendor/laravel/framework/src/Illuminate/Queue/Worker.php(372): Illuminate\\Queue\\Worker->handleJobException()
#18 /home/ubuntu/doctoworld/vendor/laravel/framework/src/Illuminate/Queue/Worker.php(314): Illuminate\\Queue\\Worker->process()
#19 /home/ubuntu/doctoworld/vendor/laravel/framework/src/Illuminate/Queue/Worker.php(134): Illuminate\\Queue\\Worker->runJob()
#20 /home/ubuntu/doctoworld/vendor/laravel/framework/src/Illuminate/Queue/Console/WorkCommand.php(112): Illuminate\\Queue\\Worker->daemon()
#21 /home/ubuntu/doctoworld/vendor/laravel/framework/src/Illuminate/Queue/Console/WorkCommand.php(96): Illuminate\\Queue\\Console\\WorkCommand->runWorker()
#22 /home/ubuntu/doctoworld/vendor/laravel/framework/src/Illuminate/Container/BoundMethod.php(36): Illuminate\\Queue\\Console\\WorkCommand->handle()
#23 /home/ubuntu/doctoworld/vendor/laravel/framework/src/Illuminate/Container/Util.php(37): Illuminate\\Container\\BoundMethod::Illuminate\\Container\\{closure}()
#24 /home/ubuntu/doctoworld/vendor/laravel/framework/src/Illuminate/Container/BoundMethod.php(93): Illuminate\\Container\\Util::unwrapIfClosure()
#25 /home/ubuntu/doctoworld/vendor/laravel/framework/src/Illuminate/Container/BoundMethod.php(37): Illuminate\\Container\\BoundMethod::callBoundMethod()
#26 /home/ubuntu/doctoworld/vendor/laravel/framework/src/Illuminate/Container/Container.php(590): Illuminate\\Container\\BoundMethod::call()
#27 /home/ubuntu/doctoworld/vendor/laravel/framework/src/Illuminate/Console/Command.php(134): Illuminate\\Container\\Container->call()
#28 /home/ubuntu/doctoworld/vendor/symfony/console/Command/Command.php(255): Illuminate\\Console\\Command->execute()
#29 /home/ubuntu/doctoworld/vendor/laravel/framework/src/Illuminate/Console/Command.php(121): Symfony\\Component\\Console\\Command\\Command->run()
#30 /home/ubuntu/doctoworld/vendor/symfony/console/Application.php(1009): Illuminate\\Console\\Command->run()
#31 /home/ubuntu/doctoworld/vendor/symfony/console/Application.php(273): Symfony\\Component\\Console\\Application->doRunCommand()
#32 /home/ubuntu/doctoworld/vendor/symfony/console/Application.php(149): Symfony\\Component\\Console\\Application->doRun()
#33 /home/ubuntu/doctoworld/vendor/laravel/framework/src/Illuminate/Console/Application.php(93): Symfony\\Component\\Console\\Application->run()
#34 /home/ubuntu/doctoworld/vendor/laravel/framework/src/Illuminate/Foundation/Console/Kernel.php(131): Illuminate\\Console\\Application->run()
#35 /home/ubuntu/doctoworld/artisan(35): Illuminate\\Foundation\\Console\\Kernel->handle()
#36 {main}
"} 
[2021-06-29 14:33:48] local.ERROR: unlink(/home/ubuntu/doctoworld/public/storage/5/conversions/200-thumb.jpg): Permission denied {"userId":1,"exception":"[object] (ErrorException(code: 0): unlink(/home/ubuntu/doctoworld/public/storage/5/conversions/200-thumb.jpg): Permission denied at /home/ubuntu/doctoworld/vendor/league/flysystem/src/Adapter/Local.php:436)
[stacktrace]
#0 [internal function]: Illuminate\\Foundation\\Bootstrap\\HandleExceptions->handleError()
#1 /home/ubuntu/doctoworld/vendor/league/flysystem/src/Adapter/Local.php(436): unlink()
#2 /home/ubuntu/doctoworld/vendor/league/flysystem/src/Adapter/Local.php(415): League\\Flysystem\\Adapter\\Local->deleteFileInfoObject()
#3 /home/ubuntu/doctoworld/vendor/league/flysystem/src/Filesystem.php(251): League\\Flysystem\\Adapter\\Local->deleteDir()
#4 /home/ubuntu/doctoworld/vendor/laravel/framework/src/Illuminate/Filesystem/FilesystemAdapter.php(664): League\\Flysystem\\Filesystem->deleteDir()
#5 /home/ubuntu/doctoworld/vendor/spatie/laravel-medialibrary/src/Filesystem/Filesystem.php(147): Illuminate\\Filesystem\\FilesystemAdapter->deleteDirectory()
#6 /home/ubuntu/doctoworld/vendor/laravel/framework/src/Illuminate/Support/Traits/EnumeratesValues.php(176): Spatie\\MediaLibrary\\Filesystem\\Filesystem->Spatie\\MediaLibrary\\Filesystem\\{closure}()
#7 /home/ubuntu/doctoworld/vendor/spatie/laravel-medialibrary/src/Filesystem/Filesystem.php(148): Illuminate\\Support\\Collection->each()
#8 /home/ubuntu/doctoworld/vendor/spatie/laravel-medialibrary/src/MediaObserver.php(49): Spatie\\MediaLibrary\\Filesystem\\Filesystem->removeAllFiles()
#9 /home/ubuntu/doctoworld/vendor/laravel/framework/src/Illuminate/Events/Dispatcher.php(389): Spatie\\MediaLibrary\\MediaObserver->deleted()
#10 /home/ubuntu/doctoworld/vendor/laravel/framework/src/Illuminate/Events/Dispatcher.php(218): Illuminate\\Events\\Dispatcher->Illuminate\\Events\\{closure}()
#11 /home/ubuntu/doctoworld/vendor/laravel/framework/src/Illuminate/Database/Eloquent/Concerns/HasEvents.php(189): Illuminate\\Events\\Dispatcher->dispatch()
#12 /home/ubuntu/doctoworld/vendor/laravel/framework/src/Illuminate/Database/Eloquent/Model.php(912): Illuminate\\Database\\Eloquent\\Model->fireModelEvent()
#13 /home/ubuntu/doctoworld/vendor/laravel/framework/src/Illuminate/Support/HigherOrderCollectionProxy.php(60): Illuminate\\Database\\Eloquent\\Model->delete()
#14 /home/ubuntu/doctoworld/vendor/laravel/framework/src/Illuminate/Support/Traits/EnumeratesValues.php(176): Illuminate\\Support\\HigherOrderCollectionProxy->Illuminate\\Support\\{closure}()
#15 /home/ubuntu/doctoworld/vendor/laravel/framework/src/Illuminate/Support/HigherOrderCollectionProxy.php(61): Illuminate\\Support\\Collection->each()
#16 /home/ubuntu/doctoworld/vendor/spatie/laravel-medialibrary/src/HasMedia/HasMediaTrait.php(52): Illuminate\\Support\\HigherOrderCollectionProxy->__call()
#17 /home/ubuntu/doctoworld/vendor/laravel/framework/src/Illuminate/Events/Dispatcher.php(369): Vtlabs\\Banner\\Models\\Banner::Spatie\\MediaLibrary\\HasMedia\\{closure}()
#18 /home/ubuntu/doctoworld/vendor/laravel/framework/src/Illuminate/Events/Dispatcher.php(218): Illuminate\\Events\\Dispatcher->Illuminate\\Events\\{closure}()
#19 /home/ubuntu/doctoworld/vendor/laravel/framework/src/Illuminate/Events/Dispatcher.php(191): Illuminate\\Events\\Dispatcher->dispatch()
#20 /home/ubuntu/doctoworld/vendor/laravel/framework/src/Illuminate/Database/Eloquent/Concerns/HasEvents.php(189): Illuminate\\Events\\Dispatcher->until()
#21 /home/ubuntu/doctoworld/vendor/laravel/framework/src/Illuminate/Database/Eloquent/Model.php(898): Illuminate\\Database\\Eloquent\\Model->fireModelEvent()
#22 /home/ubuntu/doctoworld/vendor/vtlabs/banner/src/Http/Controllers/Api/Admin/BannerController.php(101): Illuminate\\Database\\Eloquent\\Model->delete()
#23 /home/ubuntu/doctoworld/vendor/laravel/framework/src/Illuminate/Routing/Controller.php(54): Vtlabs\\Banner\\Http\\Controllers\\Api\\Admin\\BannerController->destroy()
#24 /home/ubuntu/doctoworld/vendor/laravel/framework/src/Illuminate/Routing/ControllerDispatcher.php(45): Illuminate\\Routing\\Controller->callAction()
#25 /home/ubuntu/doctoworld/vendor/laravel/framework/src/Illuminate/Routing/Route.php(219): Illuminate\\Routing\\ControllerDispatcher->dispatch()
#26 /home/ubuntu/doctoworld/vendor/laravel/framework/src/Illuminate/Routing/Route.php(176): Illuminate\\Routing\\Route->runController()
#27 /home/ubuntu/doctoworld/vendor/laravel/framework/src/Illuminate/Routing/Router.php(681): Illuminate\\Routing\\Route->run()
#28 /home/ubuntu/doctoworld/vendor/laravel/framework/src/Illuminate/Pipeline/Pipeline.php(130): Illuminate\\Routing\\Router->Illuminate\\Routing\\{closure}()
#29 /home/ubuntu/doctoworld/vendor/vtlabs/core/src/Http/Middleware/DetectLocale.php(24): Illuminate\\Pipeline\\Pipeline->Illuminate\\Pipeline\\{closure}()
#30 /home/ubuntu/doctoworld/vendor/laravel/framework/src/Illuminate/Pipeline/Pipeline.php(171): Vtlabs\\Core\\Http\\Middleware\\DetectLocale->handle()
#31 /home/ubuntu/doctoworld/vendor/laravel/framework/src/Illuminate/Routing/Middleware/SubstituteBindings.php(41): Illuminate\\Pipeline\\Pipeline->Illuminate\\Pipeline\\{closure}()
#32 /home/ubuntu/doctoworld/vendor/laravel/framework/src/Illuminate/Pipeline/Pipeline.php(171): Illuminate\\Routing\\Middleware\\SubstituteBindings->handle()
#33 /home/ubuntu/doctoworld/vendor/laravel/framework/src/Illuminate/Auth/Middleware/Authenticate.php(43): Illuminate\\Pipeline\\Pipeline->Illuminate\\Pipeline\\{closure}()
#34 /home/ubuntu/doctoworld/vendor/laravel/framework/src/Illuminate/Pipeline/Pipeline.php(171): Illuminate\\Auth\\Middleware\\Authenticate->handle()
#35 /home/ubuntu/doctoworld/vendor/laravel/framework/src/Illuminate/Routing/Middleware/ThrottleRequests.php(59): Illuminate\\Pipeline\\Pipeline->Illuminate\\Pipeline\\{closure}()
#36 /home/ubuntu/doctoworld/vendor/laravel/framework/src/Illuminate/Pipeline/Pipeline.php(171): Illuminate\\Routing\\Middleware\\ThrottleRequests->handle()
#37 /home/ubuntu/doctoworld/vendor/laravel/framework/src/Illuminate/Pipeline/Pipeline.php(105): Illuminate\\Pipeline\\Pipeline->Illuminate\\Pipeline\\{closure}()
#38 /home/ubuntu/doctoworld/vendor/laravel/framework/src/Illuminate/Routing/Router.php(683): Illuminate\\Pipeline\\Pipeline->then()
#39 /home/ubuntu/doctoworld/vendor/laravel/framework/src/Illuminate/Routing/Router.php(658): Illuminate\\Routing\\Router->runRouteWithinStack()
#40 /home/ubuntu/doctoworld/vendor/laravel/framework/src/Illuminate/Routing/Router.php(624): Illuminate\\Routing\\Router->runRoute()
#41 /home/ubuntu/doctoworld/vendor/laravel/framework/src/Illuminate/Routing/Router.php(613): Illuminate\\Routing\\Router->dispatchToRoute()
#42 /home/ubuntu/doctoworld/vendor/laravel/framework/src/Illuminate/Foundation/Http/Kernel.php(170): Illuminate\\Routing\\Router->dispatch()
#43 /home/ubuntu/doctoworld/vendor/laravel/framework/src/Illuminate/Pipeline/Pipeline.php(130): Illuminate\\Foundation\\Http\\Kernel->Illuminate\\Foundation\\Http\\{closure}()
#44 /home/ubuntu/doctoworld/vendor/barryvdh/laravel-debugbar/src/Middleware/InjectDebugbar.php(67): Illuminate\\Pipeline\\Pipeline->Illuminate\\Pipeline\\{closure}()
#45 /home/ubuntu/doctoworld/vendor/laravel/framework/src/Illuminate/Pipeline/Pipeline.php(171): Barryvdh\\Debugbar\\Middleware\\InjectDebugbar->handle()
#46 /home/ubuntu/doctoworld/vendor/spatie/laravel-cors/src/Cors.php(28): Illuminate\\Pipeline\\Pipeline->Illuminate\\Pipeline\\{closure}()
#47 /home/ubuntu/doctoworld/vendor/laravel/framework/src/Illuminate/Pipeline/Pipeline.php(171): Spatie\\Cors\\Cors->handle()
#48 /home/ubuntu/doctoworld/vendor/laravel/framework/src/Illuminate/Foundation/Http/Middleware/TransformsRequest.php(21): Illuminate\\Pipeline\\Pipeline->Illuminate\\Pipeline\\{closure}()
#49 /home/ubuntu/doctoworld/vendor/laravel/framework/src/Illuminate/Pipeline/Pipeline.php(171): Illuminate\\Foundation\\Http\\Middleware\\TransformsRequest->handle()
#50 /home/ubuntu/doctoworld/vendor/laravel/framework/src/Illuminate/Foundation/Http/Middleware/TransformsRequest.php(21): Illuminate\\Pipeline\\Pipeline->Illuminate\\Pipeline\\{closure}()
#51 /home/ubuntu/doctoworld/vendor/laravel/framework/src/Illuminate/Pipeline/Pipeline.php(171): Illuminate\\Foundation\\Http\\Middleware\\TransformsRequest->handle()
#52 /home/ubuntu/doctoworld/vendor/laravel/framework/src/Illuminate/Foundation/Http/Middleware/ValidatePostSize.php(27): Illuminate\\Pipeline\\Pipeline->Illuminate\\Pipeline\\{closure}()
#53 /home/ubuntu/doctoworld/vendor/laravel/framework/src/Illuminate/Pipeline/Pipeline.php(171): Illuminate\\Foundation\\Http\\Middleware\\ValidatePostSize->handle()
#54 /home/ubuntu/doctoworld/vendor/laravel/framework/src/Illuminate/Foundation/Http/Middleware/CheckForMaintenanceMode.php(63): Illuminate\\Pipeline\\Pipeline->Illuminate\\Pipeline\\{closure}()
#55 /home/ubuntu/doctoworld/vendor/laravel/framework/src/Illuminate/Pipeline/Pipeline.php(171): Illuminate\\Foundation\\Http\\Middleware\\CheckForMaintenanceMode->handle()
#56 /home/ubuntu/doctoworld/vendor/laravel/framework/src/Illuminate/Pipeline/Pipeline.php(105): Illuminate\\Pipeline\\Pipeline->Illuminate\\Pipeline\\{closure}()
#57 /home/ubuntu/doctoworld/vendor/laravel/framework/src/Illuminate/Foundation/Http/Kernel.php(145): Illuminate\\Pipeline\\Pipeline->then()
#58 /home/ubuntu/doctoworld/vendor/laravel/framework/src/Illuminate/Foundation/Http/Kernel.php(110): Illuminate\\Foundation\\Http\\Kernel->sendRequestThroughRouter()
#59 /home/ubuntu/doctoworld/public/index.php(53): Illuminate\\Foundation\\Http\\Kernel->handle()
#60 {main}
"} 
[2021-06-29 16:52:09] local.ERROR: unlink(/home/ubuntu/doctoworld/public/storage/8/conversions/200-thumb.jpg): Permission denied {"userId":1,"exception":"[object] (ErrorException(code: 0): unlink(/home/ubuntu/doctoworld/public/storage/8/conversions/200-thumb.jpg): Permission denied at /home/ubuntu/doctoworld/vendor/league/flysystem/src/Adapter/Local.php:436)
[stacktrace]
#0 [internal function]: Illuminate\\Foundation\\Bootstrap\\HandleExceptions->handleError()
#1 /home/ubuntu/doctoworld/vendor/league/flysystem/src/Adapter/Local.php(436): unlink()
#2 /home/ubuntu/doctoworld/vendor/league/flysystem/src/Adapter/Local.php(415): League\\Flysystem\\Adapter\\Local->deleteFileInfoObject()
#3 /home/ubuntu/doctoworld/vendor/league/flysystem/src/Filesystem.php(251): League\\Flysystem\\Adapter\\Local->deleteDir()
#4 /home/ubuntu/doctoworld/vendor/laravel/framework/src/Illuminate/Filesystem/FilesystemAdapter.php(664): League\\Flysystem\\Filesystem->deleteDir()
#5 /home/ubuntu/doctoworld/vendor/spatie/laravel-medialibrary/src/Filesystem/Filesystem.php(147): Illuminate\\Filesystem\\FilesystemAdapter->deleteDirectory()
#6 /home/ubuntu/doctoworld/vendor/laravel/framework/src/Illuminate/Support/Traits/EnumeratesValues.php(176): Spatie\\MediaLibrary\\Filesystem\\Filesystem->Spatie\\MediaLibrary\\Filesystem\\{closure}()
#7 /home/ubuntu/doctoworld/vendor/spatie/laravel-medialibrary/src/Filesystem/Filesystem.php(148): Illuminate\\Support\\Collection->each()
#8 /home/ubuntu/doctoworld/vendor/spatie/laravel-medialibrary/src/MediaObserver.php(49): Spatie\\MediaLibrary\\Filesystem\\Filesystem->removeAllFiles()
#9 /home/ubuntu/doctoworld/vendor/laravel/framework/src/Illuminate/Events/Dispatcher.php(389): Spatie\\MediaLibrary\\MediaObserver->deleted()
#10 /home/ubuntu/doctoworld/vendor/laravel/framework/src/Illuminate/Events/Dispatcher.php(218): Illuminate\\Events\\Dispatcher->Illuminate\\Events\\{closure}()
#11 /home/ubuntu/doctoworld/vendor/laravel/framework/src/Illuminate/Database/Eloquent/Concerns/HasEvents.php(189): Illuminate\\Events\\Dispatcher->dispatch()
#12 /home/ubuntu/doctoworld/vendor/laravel/framework/src/Illuminate/Database/Eloquent/Model.php(912): Illuminate\\Database\\Eloquent\\Model->fireModelEvent()
#13 /home/ubuntu/doctoworld/vendor/laravel/framework/src/Illuminate/Support/HigherOrderCollectionProxy.php(60): Illuminate\\Database\\Eloquent\\Model->delete()
#14 /home/ubuntu/doctoworld/vendor/laravel/framework/src/Illuminate/Support/Traits/EnumeratesValues.php(176): Illuminate\\Support\\HigherOrderCollectionProxy->Illuminate\\Support\\{closure}()
#15 /home/ubuntu/doctoworld/vendor/laravel/framework/src/Illuminate/Support/HigherOrderCollectionProxy.php(61): Illuminate\\Support\\Collection->each()
#16 /home/ubuntu/doctoworld/vendor/spatie/laravel-medialibrary/src/HasMedia/HasMediaTrait.php(52): Illuminate\\Support\\HigherOrderCollectionProxy->__call()
#17 /home/ubuntu/doctoworld/vendor/laravel/framework/src/Illuminate/Events/Dispatcher.php(369): Vtlabs\\Banner\\Models\\Banner::Spatie\\MediaLibrary\\HasMedia\\{closure}()
#18 /home/ubuntu/doctoworld/vendor/laravel/framework/src/Illuminate/Events/Dispatcher.php(218): Illuminate\\Events\\Dispatcher->Illuminate\\Events\\{closure}()
#19 /home/ubuntu/doctoworld/vendor/laravel/framework/src/Illuminate/Events/Dispatcher.php(191): Illuminate\\Events\\Dispatcher->dispatch()
#20 /home/ubuntu/doctoworld/vendor/laravel/framework/src/Illuminate/Database/Eloquent/Concerns/HasEvents.php(189): Illuminate\\Events\\Dispatcher->until()
#21 /home/ubuntu/doctoworld/vendor/laravel/framework/src/Illuminate/Database/Eloquent/Model.php(898): Illuminate\\Database\\Eloquent\\Model->fireModelEvent()
#22 /home/ubuntu/doctoworld/vendor/vtlabs/banner/src/Http/Controllers/Api/Admin/BannerController.php(101): Illuminate\\Database\\Eloquent\\Model->delete()
#23 /home/ubuntu/doctoworld/vendor/laravel/framework/src/Illuminate/Routing/Controller.php(54): Vtlabs\\Banner\\Http\\Controllers\\Api\\Admin\\BannerController->destroy()
#24 /home/ubuntu/doctoworld/vendor/laravel/framework/src/Illuminate/Routing/ControllerDispatcher.php(45): Illuminate\\Routing\\Controller->callAction()
#25 /home/ubuntu/doctoworld/vendor/laravel/framework/src/Illuminate/Routing/Route.php(219): Illuminate\\Routing\\ControllerDispatcher->dispatch()
#26 /home/ubuntu/doctoworld/vendor/laravel/framework/src/Illuminate/Routing/Route.php(176): Illuminate\\Routing\\Route->runController()
#27 /home/ubuntu/doctoworld/vendor/laravel/framework/src/Illuminate/Routing/Router.php(681): Illuminate\\Routing\\Route->run()
#28 /home/ubuntu/doctoworld/vendor/laravel/framework/src/Illuminate/Pipeline/Pipeline.php(130): Illuminate\\Routing\\Router->Illuminate\\Routing\\{closure}()
#29 /home/ubuntu/doctoworld/vendor/vtlabs/core/src/Http/Middleware/DetectLocale.php(24): Illuminate\\Pipeline\\Pipeline->Illuminate\\Pipeline\\{closure}()
#30 /home/ubuntu/doctoworld/vendor/laravel/framework/src/Illuminate/Pipeline/Pipeline.php(171): Vtlabs\\Core\\Http\\Middleware\\DetectLocale->handle()
#31 /home/ubuntu/doctoworld/vendor/laravel/framework/src/Illuminate/Routing/Middleware/SubstituteBindings.php(41): Illuminate\\Pipeline\\Pipeline->Illuminate\\Pipeline\\{closure}()
#32 /home/ubuntu/doctoworld/vendor/laravel/framework/src/Illuminate/Pipeline/Pipeline.php(171): Illuminate\\Routing\\Middleware\\SubstituteBindings->handle()
#33 /home/ubuntu/doctoworld/vendor/laravel/framework/src/Illuminate/Auth/Middleware/Authenticate.php(43): Illuminate\\Pipeline\\Pipeline->Illuminate\\Pipeline\\{closure}()
#34 /home/ubuntu/doctoworld/vendor/laravel/framework/src/Illuminate/Pipeline/Pipeline.php(171): Illuminate\\Auth\\Middleware\\Authenticate->handle()
#35 /home/ubuntu/doctoworld/vendor/laravel/framework/src/Illuminate/Routing/Middleware/ThrottleRequests.php(59): Illuminate\\Pipeline\\Pipeline->Illuminate\\Pipeline\\{closure}()
#36 /home/ubuntu/doctoworld/vendor/laravel/framework/src/Illuminate/Pipeline/Pipeline.php(171): Illuminate\\Routing\\Middleware\\ThrottleRequests->handle()
#37 /home/ubuntu/doctoworld/vendor/laravel/framework/src/Illuminate/Pipeline/Pipeline.php(105): Illuminate\\Pipeline\\Pipeline->Illuminate\\Pipeline\\{closure}()
#38 /home/ubuntu/doctoworld/vendor/laravel/framework/src/Illuminate/Routing/Router.php(683): Illuminate\\Pipeline\\Pipeline->then()
#39 /home/ubuntu/doctoworld/vendor/laravel/framework/src/Illuminate/Routing/Router.php(658): Illuminate\\Routing\\Router->runRouteWithinStack()
#40 /home/ubuntu/doctoworld/vendor/laravel/framework/src/Illuminate/Routing/Router.php(624): Illuminate\\Routing\\Router->runRoute()
#41 /home/ubuntu/doctoworld/vendor/laravel/framework/src/Illuminate/Routing/Router.php(613): Illuminate\\Routing\\Router->dispatchToRoute()
#42 /home/ubuntu/doctoworld/vendor/laravel/framework/src/Illuminate/Foundation/Http/Kernel.php(170): Illuminate\\Routing\\Router->dispatch()
#43 /home/ubuntu/doctoworld/vendor/laravel/framework/src/Illuminate/Pipeline/Pipeline.php(130): Illuminate\\Foundation\\Http\\Kernel->Illuminate\\Foundation\\Http\\{closure}()
#44 /home/ubuntu/doctoworld/vendor/barryvdh/laravel-debugbar/src/Middleware/InjectDebugbar.php(67): Illuminate\\Pipeline\\Pipeline->Illuminate\\Pipeline\\{closure}()
#45 /home/ubuntu/doctoworld/vendor/laravel/framework/src/Illuminate/Pipeline/Pipeline.php(171): Barryvdh\\Debugbar\\Middleware\\InjectDebugbar->handle()
#46 /home/ubuntu/doctoworld/vendor/spatie/laravel-cors/src/Cors.php(28): Illuminate\\Pipeline\\Pipeline->Illuminate\\Pipeline\\{closure}()
#47 /home/ubuntu/doctoworld/vendor/laravel/framework/src/Illuminate/Pipeline/Pipeline.php(171): Spatie\\Cors\\Cors->handle()
#48 /home/ubuntu/doctoworld/vendor/laravel/framework/src/Illuminate/Foundation/Http/Middleware/TransformsRequest.php(21): Illuminate\\Pipeline\\Pipeline->Illuminate\\Pipeline\\{closure}()
#49 /home/ubuntu/doctoworld/vendor/laravel/framework/src/Illuminate/Pipeline/Pipeline.php(171): Illuminate\\Foundation\\Http\\Middleware\\TransformsRequest->handle()
#50 /home/ubuntu/doctoworld/vendor/laravel/framework/src/Illuminate/Foundation/Http/Middleware/TransformsRequest.php(21): Illuminate\\Pipeline\\Pipeline->Illuminate\\Pipeline\\{closure}()
#51 /home/ubuntu/doctoworld/vendor/laravel/framework/src/Illuminate/Pipeline/Pipeline.php(171): Illuminate\\Foundation\\Http\\Middleware\\TransformsRequest->handle()
#52 /home/ubuntu/doctoworld/vendor/laravel/framework/src/Illuminate/Foundation/Http/Middleware/ValidatePostSize.php(27): Illuminate\\Pipeline\\Pipeline->Illuminate\\Pipeline\\{closure}()
#53 /home/ubuntu/doctoworld/vendor/laravel/framework/src/Illuminate/Pipeline/Pipeline.php(171): Illuminate\\Foundation\\Http\\Middleware\\ValidatePostSize->handle()
#54 /home/ubuntu/doctoworld/vendor/laravel/framework/src/Illuminate/Foundation/Http/Middleware/CheckForMaintenanceMode.php(63): Illuminate\\Pipeline\\Pipeline->Illuminate\\Pipeline\\{closure}()
#55 /home/ubuntu/doctoworld/vendor/laravel/framework/src/Illuminate/Pipeline/Pipeline.php(171): Illuminate\\Foundation\\Http\\Middleware\\CheckForMaintenanceMode->handle()
#56 /home/ubuntu/doctoworld/vendor/laravel/framework/src/Illuminate/Pipeline/Pipeline.php(105): Illuminate\\Pipeline\\Pipeline->Illuminate\\Pipeline\\{closure}()
#57 /home/ubuntu/doctoworld/vendor/laravel/framework/src/Illuminate/Foundation/Http/Kernel.php(145): Illuminate\\Pipeline\\Pipeline->then()
#58 /home/ubuntu/doctoworld/vendor/laravel/framework/src/Illuminate/Foundation/Http/Kernel.php(110): Illuminate\\Foundation\\Http\\Kernel->sendRequestThroughRouter()
#59 /home/ubuntu/doctoworld/public/index.php(53): Illuminate\\Foundation\\Http\\Kernel->handle()
#60 {main}
"} 
