[2021-06-22 20:27:21] local.WARNING: Push Notification: Missing notfication id {"role":"customer","userId":6} 
[2021-06-22 20:29:19] local.WARNING: Push Notification: Missing notfication id {"role":"vendor","userId":9} 
[2021-06-22 20:29:19] local.WARNING: Push Notification: Missing notfication id {"role":"customer","userId":8} 
[2021-06-22 20:29:19] local.WARNING: Push Notification: Missing notfication id {"role":"vendor","userId":9} 
[2021-06-22 20:30:59] local.WARNING: Push Notification: Missing notfication id {"role":"customer","userId":7} 
[2021-06-22 20:31:07] local.WARNING: Push Notification: Missing notfication id {"role":"customer","userId":7} 
[2021-06-22 20:31:07] local.WARNING: Push Notification: Missing notfication id {"role":"vendor","userId":6} 
[2021-06-22 20:33:10] local.WARNING: Push Notification: Missing notfication id {"role":"delivery","userId":6} 
[2021-06-22 20:33:11] local.WARNING: Push Notification: Missing notfication id {"role":"customer","userId":7} 
[2021-06-22 20:34:05] local.WARNING: Push Notification: Missing notfication id {"role":"customer","userId":7} 
[2021-06-22 20:34:13] local.WARNING: Push Notification: Missing notfication id {"role":"customer","userId":7} 
[2021-06-22 20:34:13] local.WARNING: Push Notification: Missing notfication id {"role":"vendor","userId":6} 
[2021-06-22 20:34:54] local.WARNING: Push Notification: Missing notfication id {"role":"customer","userId":6} 
[2021-06-22 22:31:24] local.ERROR: unlink(/home/ubuntu/doctoworld/public/storage/3/conversions/200-thumb.jpg): Permission denied {"userId":1,"exception":"[object] (ErrorException(code: 0): unlink(/home/ubuntu/doctoworld/public/storage/3/conversions/200-thumb.jpg): Permission denied at /home/ubuntu/doctoworld/vendor/league/flysystem/src/Adapter/Local.php:436)
[stacktrace]
#0 [internal function]: Illuminate\\Foundation\\Bootstrap\\HandleExceptions->handleError()
#1 /home/ubuntu/doctoworld/vendor/league/flysystem/src/Adapter/Local.php(436): unlink()
#2 /home/ubuntu/doctoworld/vendor/league/flysystem/src/Adapter/Local.php(415): League\\Flysystem\\Adapter\\Local->deleteFileInfoObject()
#3 /home/ubuntu/doctoworld/vendor/league/flysystem/src/Filesystem.php(251): League\\Flysystem\\Adapter\\Local->deleteDir()
#4 /home/ubuntu/doctoworld/vendor/laravel/framework/src/Illuminate/Filesystem/FilesystemAdapter.php(664): League\\Flysystem\\Filesystem->deleteDir()
#5 /home/ubuntu/doctoworld/vendor/spatie/laravel-medialibrary/src/Filesystem/Filesystem.php(147): Illuminate\\Filesystem\\FilesystemAdapter->deleteDirectory()
#6 /home/ubuntu/doctoworld/vendor/laravel/framework/src/Illuminate/Support/Traits/EnumeratesValues.php(176): Spatie\\MediaLibrary\\Filesystem\\Filesystem->Spatie\\MediaLibrary\\Filesystem\\{closure}()
#7 /home/ubuntu/doctoworld/vendor/spatie/laravel-medialibrary/src/Filesystem/Filesystem.php(148): Illuminate\\Support\\Collection->each()
#8 /home/ubuntu/doctoworld/vendor/spatie/laravel-medialibrary/src/MediaObserver.php(49): Spatie\\MediaLibrary\\Filesystem\\Filesystem->removeAllFiles()
#9 /home/ubuntu/doctoworld/vendor/laravel/framework/src/Illuminate/Events/Dispatcher.php(389): Spatie\\MediaLibrary\\MediaObserver->deleted()
#10 /home/ubuntu/doctoworld/vendor/laravel/framework/src/Illuminate/Events/Dispatcher.php(218): Illuminate\\Events\\Dispatcher->Illuminate\\Events\\{closure}()
#11 /home/ubuntu/doctoworld/vendor/laravel/framework/src/Illuminate/Database/Eloquent/Concerns/HasEvents.php(189): Illuminate\\Events\\Dispatcher->dispatch()
#12 /home/ubuntu/doctoworld/vendor/laravel/framework/src/Illuminate/Database/Eloquent/Model.php(912): Illuminate\\Database\\Eloquent\\Model->fireModelEvent()
#13 /home/ubuntu/doctoworld/vendor/laravel/framework/src/Illuminate/Support/HigherOrderCollectionProxy.php(60): Illuminate\\Database\\Eloquent\\Model->delete()
#14 /home/ubuntu/doctoworld/vendor/laravel/framework/src/Illuminate/Support/Traits/EnumeratesValues.php(176): Illuminate\\Support\\HigherOrderCollectionProxy->Illuminate\\Support\\{closure}()
#15 /home/ubuntu/doctoworld/vendor/laravel/framework/src/Illuminate/Support/HigherOrderCollectionProxy.php(61): Illuminate\\Support\\Collection->each()
#16 /home/ubuntu/doctoworld/vendor/spatie/laravel-medialibrary/src/HasMedia/HasMediaTrait.php(379): Illuminate\\Support\\HigherOrderCollectionProxy->__call()
#17 /home/ubuntu/doctoworld/vendor/vtlabs/banner/src/Http/Controllers/Api/Admin/BannerController.php(90): Vtlabs\\Banner\\Models\\Banner->clearMediaCollection()
#18 /home/ubuntu/doctoworld/vendor/laravel/framework/src/Illuminate/Routing/Controller.php(54): Vtlabs\\Banner\\Http\\Controllers\\Api\\Admin\\BannerController->update()
#19 /home/ubuntu/doctoworld/vendor/laravel/framework/src/Illuminate/Routing/ControllerDispatcher.php(45): Illuminate\\Routing\\Controller->callAction()
#20 /home/ubuntu/doctoworld/vendor/laravel/framework/src/Illuminate/Routing/Route.php(219): Illuminate\\Routing\\ControllerDispatcher->dispatch()
#21 /home/ubuntu/doctoworld/vendor/laravel/framework/src/Illuminate/Routing/Route.php(176): Illuminate\\Routing\\Route->runController()
#22 /home/ubuntu/doctoworld/vendor/laravel/framework/src/Illuminate/Routing/Router.php(681): Illuminate\\Routing\\Route->run()
#23 /home/ubuntu/doctoworld/vendor/laravel/framework/src/Illuminate/Pipeline/Pipeline.php(130): Illuminate\\Routing\\Router->Illuminate\\Routing\\{closure}()
#24 /home/ubuntu/doctoworld/vendor/vtlabs/core/src/Http/Middleware/DetectLocale.php(24): Illuminate\\Pipeline\\Pipeline->Illuminate\\Pipeline\\{closure}()
#25 /home/ubuntu/doctoworld/vendor/laravel/framework/src/Illuminate/Pipeline/Pipeline.php(171): Vtlabs\\Core\\Http\\Middleware\\DetectLocale->handle()
#26 /home/ubuntu/doctoworld/vendor/laravel/framework/src/Illuminate/Routing/Middleware/SubstituteBindings.php(41): Illuminate\\Pipeline\\Pipeline->Illuminate\\Pipeline\\{closure}()
#27 /home/ubuntu/doctoworld/vendor/laravel/framework/src/Illuminate/Pipeline/Pipeline.php(171): Illuminate\\Routing\\Middleware\\SubstituteBindings->handle()
#28 /home/ubuntu/doctoworld/vendor/laravel/framework/src/Illuminate/Auth/Middleware/Authenticate.php(43): Illuminate\\Pipeline\\Pipeline->Illuminate\\Pipeline\\{closure}()
#29 /home/ubuntu/doctoworld/vendor/laravel/framework/src/Illuminate/Pipeline/Pipeline.php(171): Illuminate\\Auth\\Middleware\\Authenticate->handle()
#30 /home/ubuntu/doctoworld/vendor/laravel/framework/src/Illuminate/Routing/Middleware/ThrottleRequests.php(59): Illuminate\\Pipeline\\Pipeline->Illuminate\\Pipeline\\{closure}()
#31 /home/ubuntu/doctoworld/vendor/laravel/framework/src/Illuminate/Pipeline/Pipeline.php(171): Illuminate\\Routing\\Middleware\\ThrottleRequests->handle()
#32 /home/ubuntu/doctoworld/vendor/laravel/framework/src/Illuminate/Pipeline/Pipeline.php(105): Illuminate\\Pipeline\\Pipeline->Illuminate\\Pipeline\\{closure}()
#33 /home/ubuntu/doctoworld/vendor/laravel/framework/src/Illuminate/Routing/Router.php(683): Illuminate\\Pipeline\\Pipeline->then()
#34 /home/ubuntu/doctoworld/vendor/laravel/framework/src/Illuminate/Routing/Router.php(658): Illuminate\\Routing\\Router->runRouteWithinStack()
#35 /home/ubuntu/doctoworld/vendor/laravel/framework/src/Illuminate/Routing/Router.php(624): Illuminate\\Routing\\Router->runRoute()
#36 /home/ubuntu/doctoworld/vendor/laravel/framework/src/Illuminate/Routing/Router.php(613): Illuminate\\Routing\\Router->dispatchToRoute()
#37 /home/ubuntu/doctoworld/vendor/laravel/framework/src/Illuminate/Foundation/Http/Kernel.php(170): Illuminate\\Routing\\Router->dispatch()
#38 /home/ubuntu/doctoworld/vendor/laravel/framework/src/Illuminate/Pipeline/Pipeline.php(130): Illuminate\\Foundation\\Http\\Kernel->Illuminate\\Foundation\\Http\\{closure}()
#39 /home/ubuntu/doctoworld/vendor/barryvdh/laravel-debugbar/src/Middleware/InjectDebugbar.php(67): Illuminate\\Pipeline\\Pipeline->Illuminate\\Pipeline\\{closure}()
#40 /home/ubuntu/doctoworld/vendor/laravel/framework/src/Illuminate/Pipeline/Pipeline.php(171): Barryvdh\\Debugbar\\Middleware\\InjectDebugbar->handle()
#41 /home/ubuntu/doctoworld/vendor/spatie/laravel-cors/src/Cors.php(28): Illuminate\\Pipeline\\Pipeline->Illuminate\\Pipeline\\{closure}()
#42 /home/ubuntu/doctoworld/vendor/laravel/framework/src/Illuminate/Pipeline/Pipeline.php(171): Spatie\\Cors\\Cors->handle()
#43 /home/ubuntu/doctoworld/vendor/laravel/framework/src/Illuminate/Foundation/Http/Middleware/TransformsRequest.php(21): Illuminate\\Pipeline\\Pipeline->Illuminate\\Pipeline\\{closure}()
#44 /home/ubuntu/doctoworld/vendor/laravel/framework/src/Illuminate/Pipeline/Pipeline.php(171): Illuminate\\Foundation\\Http\\Middleware\\TransformsRequest->handle()
#45 /home/ubuntu/doctoworld/vendor/laravel/framework/src/Illuminate/Foundation/Http/Middleware/TransformsRequest.php(21): Illuminate\\Pipeline\\Pipeline->Illuminate\\Pipeline\\{closure}()
#46 /home/ubuntu/doctoworld/vendor/laravel/framework/src/Illuminate/Pipeline/Pipeline.php(171): Illuminate\\Foundation\\Http\\Middleware\\TransformsRequest->handle()
#47 /home/ubuntu/doctoworld/vendor/laravel/framework/src/Illuminate/Foundation/Http/Middleware/ValidatePostSize.php(27): Illuminate\\Pipeline\\Pipeline->Illuminate\\Pipeline\\{closure}()
#48 /home/ubuntu/doctoworld/vendor/laravel/framework/src/Illuminate/Pipeline/Pipeline.php(171): Illuminate\\Foundation\\Http\\Middleware\\ValidatePostSize->handle()
#49 /home/ubuntu/doctoworld/vendor/laravel/framework/src/Illuminate/Foundation/Http/Middleware/CheckForMaintenanceMode.php(63): Illuminate\\Pipeline\\Pipeline->Illuminate\\Pipeline\\{closure}()
#50 /home/ubuntu/doctoworld/vendor/laravel/framework/src/Illuminate/Pipeline/Pipeline.php(171): Illuminate\\Foundation\\Http\\Middleware\\CheckForMaintenanceMode->handle()
#51 /home/ubuntu/doctoworld/vendor/laravel/framework/src/Illuminate/Pipeline/Pipeline.php(105): Illuminate\\Pipeline\\Pipeline->Illuminate\\Pipeline\\{closure}()
#52 /home/ubuntu/doctoworld/vendor/laravel/framework/src/Illuminate/Foundation/Http/Kernel.php(145): Illuminate\\Pipeline\\Pipeline->then()
#53 /home/ubuntu/doctoworld/vendor/laravel/framework/src/Illuminate/Foundation/Http/Kernel.php(110): Illuminate\\Foundation\\Http\\Kernel->sendRequestThroughRouter()
#54 /home/ubuntu/doctoworld/public/index.php(53): Illuminate\\Foundation\\Http\\Kernel->handle()
#55 {main}
"} 
