[2021-07-09 09:12:00] local.ERROR: The resource owner or authorization server denied the request. {"exception":"[object] (League\\OAuth2\\Server\\Exception\\OAuthServerException(code: 9): The resource owner or authorization server denied the request. at /home/ubuntu/doctoworld/vendor/league/oauth2-server/src/Exception/OAuthServerException.php:243)
[stacktrace]
#0 /home/ubuntu/doctoworld/vendor/league/oauth2-server/src/AuthorizationValidators/BearerTokenValidator.php(96): League\\OAuth2\\Server\\Exception\\OAuthServerException::accessDenied()
#1 /home/ubuntu/doctoworld/vendor/league/oauth2-server/src/ResourceServer.php(84): League\\OAuth2\\Server\\AuthorizationValidators\\BearerTokenValidator->validateAuthorization()
#2 /home/ubuntu/doctoworld/vendor/laravel/passport/src/Guards/TokenGuard.php(184): League\\OAuth2\\Server\\ResourceServer->validateAuthenticatedRequest()
#3 /home/ubuntu/doctoworld/vendor/laravel/passport/src/Guards/TokenGuard.php(131): Laravel\\Passport\\Guards\\TokenGuard->getPsrRequestViaBearerToken()
#4 /home/ubuntu/doctoworld/vendor/laravel/passport/src/Guards/TokenGuard.php(94): Laravel\\Passport\\Guards\\TokenGuard->authenticateViaBearerToken()
#5 /home/ubuntu/doctoworld/vendor/laravel/passport/src/PassportServiceProvider.php(285): Laravel\\Passport\\Guards\\TokenGuard->user()
#6 [internal function]: Laravel\\Passport\\PassportServiceProvider->Laravel\\Passport\\{closure}()
#7 /home/ubuntu/doctoworld/vendor/laravel/framework/src/Illuminate/Auth/RequestGuard.php(58): call_user_func()
#8 /home/ubuntu/doctoworld/vendor/laravel/framework/src/Illuminate/Auth/GuardHelpers.php(60): Illuminate\\Auth\\RequestGuard->user()
#9 /home/ubuntu/doctoworld/vendor/laravel/framework/src/Illuminate/Auth/Middleware/Authenticate.php(62): Illuminate\\Auth\\RequestGuard->check()
#10 /home/ubuntu/doctoworld/vendor/laravel/framework/src/Illuminate/Auth/Middleware/Authenticate.php(41): Illuminate\\Auth\\Middleware\\Authenticate->authenticate()
#11 /home/ubuntu/doctoworld/vendor/laravel/framework/src/Illuminate/Pipeline/Pipeline.php(171): Illuminate\\Auth\\Middleware\\Authenticate->handle()
#12 /home/ubuntu/doctoworld/vendor/laravel/framework/src/Illuminate/Routing/Middleware/ThrottleRequests.php(59): Illuminate\\Pipeline\\Pipeline->Illuminate\\Pipeline\\{closure}()
#13 /home/ubuntu/doctoworld/vendor/laravel/framework/src/Illuminate/Pipeline/Pipeline.php(171): Illuminate\\Routing\\Middleware\\ThrottleRequests->handle()
#14 /home/ubuntu/doctoworld/vendor/laravel/framework/src/Illuminate/Pipeline/Pipeline.php(105): Illuminate\\Pipeline\\Pipeline->Illuminate\\Pipeline\\{closure}()
#15 /home/ubuntu/doctoworld/vendor/laravel/framework/src/Illuminate/Routing/Router.php(683): Illuminate\\Pipeline\\Pipeline->then()
#16 /home/ubuntu/doctoworld/vendor/laravel/framework/src/Illuminate/Routing/Router.php(658): Illuminate\\Routing\\Router->runRouteWithinStack()
#17 /home/ubuntu/doctoworld/vendor/laravel/framework/src/Illuminate/Routing/Router.php(624): Illuminate\\Routing\\Router->runRoute()
#18 /home/ubuntu/doctoworld/vendor/laravel/framework/src/Illuminate/Routing/Router.php(613): Illuminate\\Routing\\Router->dispatchToRoute()
#19 /home/ubuntu/doctoworld/vendor/laravel/framework/src/Illuminate/Foundation/Http/Kernel.php(170): Illuminate\\Routing\\Router->dispatch()
#20 /home/ubuntu/doctoworld/vendor/laravel/framework/src/Illuminate/Pipeline/Pipeline.php(130): Illuminate\\Foundation\\Http\\Kernel->Illuminate\\Foundation\\Http\\{closure}()
#21 /home/ubuntu/doctoworld/vendor/barryvdh/laravel-debugbar/src/Middleware/InjectDebugbar.php(67): Illuminate\\Pipeline\\Pipeline->Illuminate\\Pipeline\\{closure}()
#22 /home/ubuntu/doctoworld/vendor/laravel/framework/src/Illuminate/Pipeline/Pipeline.php(171): Barryvdh\\Debugbar\\Middleware\\InjectDebugbar->handle()
#23 /home/ubuntu/doctoworld/vendor/spatie/laravel-cors/src/Cors.php(41): Illuminate\\Pipeline\\Pipeline->Illuminate\\Pipeline\\{closure}()
#24 /home/ubuntu/doctoworld/vendor/laravel/framework/src/Illuminate/Pipeline/Pipeline.php(171): Spatie\\Cors\\Cors->handle()
#25 /home/ubuntu/doctoworld/vendor/laravel/framework/src/Illuminate/Foundation/Http/Middleware/TransformsRequest.php(21): Illuminate\\Pipeline\\Pipeline->Illuminate\\Pipeline\\{closure}()
#26 /home/ubuntu/doctoworld/vendor/laravel/framework/src/Illuminate/Pipeline/Pipeline.php(171): Illuminate\\Foundation\\Http\\Middleware\\TransformsRequest->handle()
#27 /home/ubuntu/doctoworld/vendor/laravel/framework/src/Illuminate/Foundation/Http/Middleware/TransformsRequest.php(21): Illuminate\\Pipeline\\Pipeline->Illuminate\\Pipeline\\{closure}()
#28 /home/ubuntu/doctoworld/vendor/laravel/framework/src/Illuminate/Pipeline/Pipeline.php(171): Illuminate\\Foundation\\Http\\Middleware\\TransformsRequest->handle()
#29 /home/ubuntu/doctoworld/vendor/laravel/framework/src/Illuminate/Foundation/Http/Middleware/ValidatePostSize.php(27): Illuminate\\Pipeline\\Pipeline->Illuminate\\Pipeline\\{closure}()
#30 /home/ubuntu/doctoworld/vendor/laravel/framework/src/Illuminate/Pipeline/Pipeline.php(171): Illuminate\\Foundation\\Http\\Middleware\\ValidatePostSize->handle()
#31 /home/ubuntu/doctoworld/vendor/laravel/framework/src/Illuminate/Foundation/Http/Middleware/CheckForMaintenanceMode.php(63): Illuminate\\Pipeline\\Pipeline->Illuminate\\Pipeline\\{closure}()
#32 /home/ubuntu/doctoworld/vendor/laravel/framework/src/Illuminate/Pipeline/Pipeline.php(171): Illuminate\\Foundation\\Http\\Middleware\\CheckForMaintenanceMode->handle()
#33 /home/ubuntu/doctoworld/vendor/laravel/framework/src/Illuminate/Pipeline/Pipeline.php(105): Illuminate\\Pipeline\\Pipeline->Illuminate\\Pipeline\\{closure}()
#34 /home/ubuntu/doctoworld/vendor/laravel/framework/src/Illuminate/Foundation/Http/Kernel.php(145): Illuminate\\Pipeline\\Pipeline->then()
#35 /home/ubuntu/doctoworld/vendor/laravel/framework/src/Illuminate/Foundation/Http/Kernel.php(110): Illuminate\\Foundation\\Http\\Kernel->sendRequestThroughRouter()
#36 /home/ubuntu/doctoworld/public/index.php(53): Illuminate\\Foundation\\Http\\Kernel->handle()
#37 {main}
"} 
[2021-07-09 09:12:03] local.ERROR: The resource owner or authorization server denied the request. {"exception":"[object] (League\\OAuth2\\Server\\Exception\\OAuthServerException(code: 9): The resource owner or authorization server denied the request. at /home/ubuntu/doctoworld/vendor/league/oauth2-server/src/Exception/OAuthServerException.php:243)
[stacktrace]
#0 /home/ubuntu/doctoworld/vendor/league/oauth2-server/src/AuthorizationValidators/BearerTokenValidator.php(96): League\\OAuth2\\Server\\Exception\\OAuthServerException::accessDenied()
#1 /home/ubuntu/doctoworld/vendor/league/oauth2-server/src/ResourceServer.php(84): League\\OAuth2\\Server\\AuthorizationValidators\\BearerTokenValidator->validateAuthorization()
#2 /home/ubuntu/doctoworld/vendor/laravel/passport/src/Guards/TokenGuard.php(184): League\\OAuth2\\Server\\ResourceServer->validateAuthenticatedRequest()
#3 /home/ubuntu/doctoworld/vendor/laravel/passport/src/Guards/TokenGuard.php(131): Laravel\\Passport\\Guards\\TokenGuard->getPsrRequestViaBearerToken()
#4 /home/ubuntu/doctoworld/vendor/laravel/passport/src/Guards/TokenGuard.php(94): Laravel\\Passport\\Guards\\TokenGuard->authenticateViaBearerToken()
#5 /home/ubuntu/doctoworld/vendor/laravel/passport/src/PassportServiceProvider.php(285): Laravel\\Passport\\Guards\\TokenGuard->user()
#6 [internal function]: Laravel\\Passport\\PassportServiceProvider->Laravel\\Passport\\{closure}()
#7 /home/ubuntu/doctoworld/vendor/laravel/framework/src/Illuminate/Auth/RequestGuard.php(58): call_user_func()
#8 /home/ubuntu/doctoworld/vendor/laravel/framework/src/Illuminate/Auth/GuardHelpers.php(60): Illuminate\\Auth\\RequestGuard->user()
#9 /home/ubuntu/doctoworld/vendor/laravel/framework/src/Illuminate/Auth/Middleware/Authenticate.php(62): Illuminate\\Auth\\RequestGuard->check()
#10 /home/ubuntu/doctoworld/vendor/laravel/framework/src/Illuminate/Auth/Middleware/Authenticate.php(41): Illuminate\\Auth\\Middleware\\Authenticate->authenticate()
#11 /home/ubuntu/doctoworld/vendor/laravel/framework/src/Illuminate/Pipeline/Pipeline.php(171): Illuminate\\Auth\\Middleware\\Authenticate->handle()
#12 /home/ubuntu/doctoworld/vendor/laravel/framework/src/Illuminate/Routing/Middleware/ThrottleRequests.php(59): Illuminate\\Pipeline\\Pipeline->Illuminate\\Pipeline\\{closure}()
#13 /home/ubuntu/doctoworld/vendor/laravel/framework/src/Illuminate/Pipeline/Pipeline.php(171): Illuminate\\Routing\\Middleware\\ThrottleRequests->handle()
#14 /home/ubuntu/doctoworld/vendor/laravel/framework/src/Illuminate/Pipeline/Pipeline.php(105): Illuminate\\Pipeline\\Pipeline->Illuminate\\Pipeline\\{closure}()
#15 /home/ubuntu/doctoworld/vendor/laravel/framework/src/Illuminate/Routing/Router.php(683): Illuminate\\Pipeline\\Pipeline->then()
#16 /home/ubuntu/doctoworld/vendor/laravel/framework/src/Illuminate/Routing/Router.php(658): Illuminate\\Routing\\Router->runRouteWithinStack()
#17 /home/ubuntu/doctoworld/vendor/laravel/framework/src/Illuminate/Routing/Router.php(624): Illuminate\\Routing\\Router->runRoute()
#18 /home/ubuntu/doctoworld/vendor/laravel/framework/src/Illuminate/Routing/Router.php(613): Illuminate\\Routing\\Router->dispatchToRoute()
#19 /home/ubuntu/doctoworld/vendor/laravel/framework/src/Illuminate/Foundation/Http/Kernel.php(170): Illuminate\\Routing\\Router->dispatch()
#20 /home/ubuntu/doctoworld/vendor/laravel/framework/src/Illuminate/Pipeline/Pipeline.php(130): Illuminate\\Foundation\\Http\\Kernel->Illuminate\\Foundation\\Http\\{closure}()
#21 /home/ubuntu/doctoworld/vendor/barryvdh/laravel-debugbar/src/Middleware/InjectDebugbar.php(67): Illuminate\\Pipeline\\Pipeline->Illuminate\\Pipeline\\{closure}()
#22 /home/ubuntu/doctoworld/vendor/laravel/framework/src/Illuminate/Pipeline/Pipeline.php(171): Barryvdh\\Debugbar\\Middleware\\InjectDebugbar->handle()
#23 /home/ubuntu/doctoworld/vendor/spatie/laravel-cors/src/Cors.php(41): Illuminate\\Pipeline\\Pipeline->Illuminate\\Pipeline\\{closure}()
#24 /home/ubuntu/doctoworld/vendor/laravel/framework/src/Illuminate/Pipeline/Pipeline.php(171): Spatie\\Cors\\Cors->handle()
#25 /home/ubuntu/doctoworld/vendor/laravel/framework/src/Illuminate/Foundation/Http/Middleware/TransformsRequest.php(21): Illuminate\\Pipeline\\Pipeline->Illuminate\\Pipeline\\{closure}()
#26 /home/ubuntu/doctoworld/vendor/laravel/framework/src/Illuminate/Pipeline/Pipeline.php(171): Illuminate\\Foundation\\Http\\Middleware\\TransformsRequest->handle()
#27 /home/ubuntu/doctoworld/vendor/laravel/framework/src/Illuminate/Foundation/Http/Middleware/TransformsRequest.php(21): Illuminate\\Pipeline\\Pipeline->Illuminate\\Pipeline\\{closure}()
#28 /home/ubuntu/doctoworld/vendor/laravel/framework/src/Illuminate/Pipeline/Pipeline.php(171): Illuminate\\Foundation\\Http\\Middleware\\TransformsRequest->handle()
#29 /home/ubuntu/doctoworld/vendor/laravel/framework/src/Illuminate/Foundation/Http/Middleware/ValidatePostSize.php(27): Illuminate\\Pipeline\\Pipeline->Illuminate\\Pipeline\\{closure}()
#30 /home/ubuntu/doctoworld/vendor/laravel/framework/src/Illuminate/Pipeline/Pipeline.php(171): Illuminate\\Foundation\\Http\\Middleware\\ValidatePostSize->handle()
#31 /home/ubuntu/doctoworld/vendor/laravel/framework/src/Illuminate/Foundation/Http/Middleware/CheckForMaintenanceMode.php(63): Illuminate\\Pipeline\\Pipeline->Illuminate\\Pipeline\\{closure}()
#32 /home/ubuntu/doctoworld/vendor/laravel/framework/src/Illuminate/Pipeline/Pipeline.php(171): Illuminate\\Foundation\\Http\\Middleware\\CheckForMaintenanceMode->handle()
#33 /home/ubuntu/doctoworld/vendor/laravel/framework/src/Illuminate/Pipeline/Pipeline.php(105): Illuminate\\Pipeline\\Pipeline->Illuminate\\Pipeline\\{closure}()
#34 /home/ubuntu/doctoworld/vendor/laravel/framework/src/Illuminate/Foundation/Http/Kernel.php(145): Illuminate\\Pipeline\\Pipeline->then()
#35 /home/ubuntu/doctoworld/vendor/laravel/framework/src/Illuminate/Foundation/Http/Kernel.php(110): Illuminate\\Foundation\\Http\\Kernel->sendRequestThroughRouter()
#36 /home/ubuntu/doctoworld/public/index.php(53): Illuminate\\Foundation\\Http\\Kernel->handle()
#37 {main}
"} 
