[2021-07-18 07:07:14] local.ERROR: Route [login] not defined. {"exception":"[object] (Symfony\\Component\\Routing\\Exception\\RouteNotFoundException(code: 0): Route [login] not defined. at /home/ubuntu/doctoworld/vendor/laravel/framework/src/Illuminate/Routing/UrlGenerator.php:420)
[stacktrace]
#0 /home/ubuntu/doctoworld/vendor/laravel/framework/src/Illuminate/Foundation/helpers.php(777): Illuminate\\Routing\\UrlGenerator->route()
#1 /home/ubuntu/doctoworld/app/Exceptions/Handler.php(66): route()
#2 /home/ubuntu/doctoworld/vendor/laravel/framework/src/Illuminate/Foundation/Exceptions/Handler.php(205): App\\Exceptions\\Handler->unauthenticated()
#3 /home/ubuntu/doctoworld/app/Exceptions/Handler.php(50): Illuminate\\Foundation\\Exceptions\\Handler->render()
#4 /home/ubuntu/doctoworld/vendor/laravel/framework/src/Illuminate/Routing/Pipeline.php(51): App\\Exceptions\\Handler->render()
#5 /home/ubuntu/doctoworld/vendor/laravel/framework/src/Illuminate/Pipeline/Pipeline.php(176): Illuminate\\Routing\\Pipeline->handleException()
#6 /home/ubuntu/doctoworld/vendor/laravel/framework/src/Illuminate/Routing/Middleware/ThrottleRequests.php(59): Illuminate\\Pipeline\\Pipeline->Illuminate\\Pipeline\\{closure}()
#7 /home/ubuntu/doctoworld/vendor/laravel/framework/src/Illuminate/Pipeline/Pipeline.php(171): Illuminate\\Routing\\Middleware\\ThrottleRequests->handle()
#8 /home/ubuntu/doctoworld/vendor/laravel/framework/src/Illuminate/Pipeline/Pipeline.php(105): Illuminate\\Pipeline\\Pipeline->Illuminate\\Pipeline\\{closure}()
#9 /home/ubuntu/doctoworld/vendor/laravel/framework/src/Illuminate/Routing/Router.php(683): Illuminate\\Pipeline\\Pipeline->then()
#10 /home/ubuntu/doctoworld/vendor/laravel/framework/src/Illuminate/Routing/Router.php(658): Illuminate\\Routing\\Router->runRouteWithinStack()
#11 /home/ubuntu/doctoworld/vendor/laravel/framework/src/Illuminate/Routing/Router.php(624): Illuminate\\Routing\\Router->runRoute()
#12 /home/ubuntu/doctoworld/vendor/laravel/framework/src/Illuminate/Routing/Router.php(613): Illuminate\\Routing\\Router->dispatchToRoute()
#13 /home/ubuntu/doctoworld/vendor/laravel/framework/src/Illuminate/Foundation/Http/Kernel.php(170): Illuminate\\Routing\\Router->dispatch()
#14 /home/ubuntu/doctoworld/vendor/laravel/framework/src/Illuminate/Pipeline/Pipeline.php(130): Illuminate\\Foundation\\Http\\Kernel->Illuminate\\Foundation\\Http\\{closure}()
#15 /home/ubuntu/doctoworld/vendor/barryvdh/laravel-debugbar/src/Middleware/InjectDebugbar.php(67): Illuminate\\Pipeline\\Pipeline->Illuminate\\Pipeline\\{closure}()
#16 /home/ubuntu/doctoworld/vendor/laravel/framework/src/Illuminate/Pipeline/Pipeline.php(171): Barryvdh\\Debugbar\\Middleware\\InjectDebugbar->handle()
#17 /home/ubuntu/doctoworld/vendor/spatie/laravel-cors/src/Cors.php(28): Illuminate\\Pipeline\\Pipeline->Illuminate\\Pipeline\\{closure}()
#18 /home/ubuntu/doctoworld/vendor/laravel/framework/src/Illuminate/Pipeline/Pipeline.php(171): Spatie\\Cors\\Cors->handle()
#19 /home/ubuntu/doctoworld/vendor/laravel/framework/src/Illuminate/Foundation/Http/Middleware/TransformsRequest.php(21): Illuminate\\Pipeline\\Pipeline->Illuminate\\Pipeline\\{closure}()
#20 /home/ubuntu/doctoworld/vendor/laravel/framework/src/Illuminate/Pipeline/Pipeline.php(171): Illuminate\\Foundation\\Http\\Middleware\\TransformsRequest->handle()
#21 /home/ubuntu/doctoworld/vendor/laravel/framework/src/Illuminate/Foundation/Http/Middleware/TransformsRequest.php(21): Illuminate\\Pipeline\\Pipeline->Illuminate\\Pipeline\\{closure}()
#22 /home/ubuntu/doctoworld/vendor/laravel/framework/src/Illuminate/Pipeline/Pipeline.php(171): Illuminate\\Foundation\\Http\\Middleware\\TransformsRequest->handle()
#23 /home/ubuntu/doctoworld/vendor/laravel/framework/src/Illuminate/Foundation/Http/Middleware/ValidatePostSize.php(27): Illuminate\\Pipeline\\Pipeline->Illuminate\\Pipeline\\{closure}()
#24 /home/ubuntu/doctoworld/vendor/laravel/framework/src/Illuminate/Pipeline/Pipeline.php(171): Illuminate\\Foundation\\Http\\Middleware\\ValidatePostSize->handle()
#25 /home/ubuntu/doctoworld/vendor/laravel/framework/src/Illuminate/Foundation/Http/Middleware/CheckForMaintenanceMode.php(63): Illuminate\\Pipeline\\Pipeline->Illuminate\\Pipeline\\{closure}()
#26 /home/ubuntu/doctoworld/vendor/laravel/framework/src/Illuminate/Pipeline/Pipeline.php(171): Illuminate\\Foundation\\Http\\Middleware\\CheckForMaintenanceMode->handle()
#27 /home/ubuntu/doctoworld/vendor/laravel/framework/src/Illuminate/Pipeline/Pipeline.php(105): Illuminate\\Pipeline\\Pipeline->Illuminate\\Pipeline\\{closure}()
#28 /home/ubuntu/doctoworld/vendor/laravel/framework/src/Illuminate/Foundation/Http/Kernel.php(145): Illuminate\\Pipeline\\Pipeline->then()
#29 /home/ubuntu/doctoworld/vendor/laravel/framework/src/Illuminate/Foundation/Http/Kernel.php(110): Illuminate\\Foundation\\Http\\Kernel->sendRequestThroughRouter()
#30 /home/ubuntu/doctoworld/public/index.php(53): Illuminate\\Foundation\\Http\\Kernel->handle()
#31 {main}
"} 
