[2021-06-22 17:41:42][1] Processing: Spatie\MediaLibrary\Jobs\PerformConversions
[2021-06-22 17:41:42][2] Processing: Spatie\MediaLibrary\Jobs\PerformConversions
[2021-06-22 17:41:42][3] Processing: Spatie\MediaLibrary\Jobs\PerformConversions
[2021-06-22 17:41:42][4] Processing: Spatie\MediaLibrary\Jobs\PerformConversions
[2021-06-22 17:41:42][5] Processing: Spatie\MediaLibrary\Jobs\PerformConversions
[2021-06-22 17:41:42][6] Processing: Spatie\MediaLibrary\Jobs\PerformConversions
[2021-06-22 17:41:42][7] Processing: Spatie\MediaLibrary\Jobs\PerformConversions
[2021-06-22 17:41:42][8] Processing: Spatie\MediaLibrary\Jobs\PerformConversions
[2021-06-22 17:41:42][1] Processed:  Spatie\MediaLibrary\Jobs\PerformConversions
[2021-06-22 17:41:42][9] Processing: Vtlabs\Ecommerce\Jobs\FirebaseUpdateOrder
[2021-06-22 17:41:42][2] Processed:  Spatie\MediaLibrary\Jobs\PerformConversions
[2021-06-22 17:41:42][3] Processed:  Spatie\MediaLibrary\Jobs\PerformConversions
[2021-06-22 17:41:42][10] Processing: Vtlabs\Ecommerce\Jobs\FirebaseUpdateOrder
[2021-06-22 17:41:42][11] Processing: Spatie\MediaLibrary\Jobs\PerformConversions
[2021-06-22 17:41:42][4] Processed:  Spatie\MediaLibrary\Jobs\PerformConversions
[2021-06-22 17:41:42][5] Processed:  Spatie\MediaLibrary\Jobs\PerformConversions
[2021-06-22 17:41:42][6] Processed:  Spatie\MediaLibrary\Jobs\PerformConversions
[2021-06-22 17:41:42][12] Processing: Spatie\MediaLibrary\Jobs\PerformConversions
[2021-06-22 17:41:42][13] Processing: Spatie\MediaLibrary\Jobs\PerformConversions
[2021-06-22 17:41:42][14] Processing: Vtlabs\Ecommerce\Jobs\FirebaseUpdateOrder
[2021-06-22 17:41:42][10] Processed:  Vtlabs\Ecommerce\Jobs\FirebaseUpdateOrder
[2021-06-22 17:41:42][15] Processing: Vtlabs\Ecommerce\Jobs\FirebaseUpdateOrder
[2021-06-22 17:41:42][9] Processed:  Vtlabs\Ecommerce\Jobs\FirebaseUpdateOrder
[2021-06-22 17:41:42][7] Processed:  Spatie\MediaLibrary\Jobs\PerformConversions
[2021-06-22 17:41:42][16] Processing: Vtlabs\Ecommerce\Jobs\FirebaseUpdateDelivery
[2021-06-22 17:41:42][17] Processing: Vtlabs\Ecommerce\Jobs\FirebaseUpdateDelivery
[2021-06-22 17:41:42][8] Processed:  Spatie\MediaLibrary\Jobs\PerformConversions
[2021-06-22 17:41:42][18] Processing: Vtlabs\Ecommerce\Jobs\FirebaseUpdateDelivery
[2021-06-22 17:41:42][15] Processed:  Vtlabs\Ecommerce\Jobs\FirebaseUpdateOrder
[2021-06-22 17:41:42][19] Processing: Vtlabs\Ecommerce\Jobs\FirebaseUpdateOrder
[2021-06-22 17:41:42][14] Processed:  Vtlabs\Ecommerce\Jobs\FirebaseUpdateOrder
[2021-06-22 17:41:42][11] Failed:     Spatie\MediaLibrary\Jobs\PerformConversions
[2021-06-22 17:41:42][20] Processing: Vtlabs\Ecommerce\Jobs\FirebaseUpdateDelivery
[2021-06-22 17:41:43][19] Processed:  Vtlabs\Ecommerce\Jobs\FirebaseUpdateOrder
[2021-06-22 17:41:43][21] Processing: Vtlabs\Ecommerce\Jobs\FirebaseUpdateDelivery
[2021-06-22 17:41:43][22] Processing: Vtlabs\Ecommerce\Jobs\FirebaseUpdateDelivery
[2021-06-22 17:41:43][16] Failed:     Vtlabs\Ecommerce\Jobs\FirebaseUpdateDelivery
[2021-06-22 17:41:43][17] Failed:     Vtlabs\Ecommerce\Jobs\FirebaseUpdateDelivery
[2021-06-22 17:41:43][18] Failed:     Vtlabs\Ecommerce\Jobs\FirebaseUpdateDelivery
[2021-06-22 17:41:43][23] Processing: Vtlabs\Ecommerce\Jobs\FirebaseUpdateOrder
[2021-06-22 17:41:43][24] Processing: Vtlabs\Ecommerce\Jobs\FirebaseUpdateOrder
[2021-06-22 17:41:43][25] Processing: Vtlabs\Ecommerce\Jobs\FirebaseUpdateDelivery
[2021-06-22 17:41:43][20] Failed:     Vtlabs\Ecommerce\Jobs\FirebaseUpdateDelivery
[2021-06-22 17:41:43][21] Failed:     Vtlabs\Ecommerce\Jobs\FirebaseUpdateDelivery
[2021-06-22 17:41:43][23] Processed:  Vtlabs\Ecommerce\Jobs\FirebaseUpdateOrder
[2021-06-22 17:41:43][26] Processing: Vtlabs\Ecommerce\Jobs\FirebaseUpdateDelivery
[2021-06-22 17:41:43][22] Failed:     Vtlabs\Ecommerce\Jobs\FirebaseUpdateDelivery
[2021-06-22 17:41:43][27] Processing: Vtlabs\Ecommerce\Jobs\FirebaseUpdateDelivery
[2021-06-22 17:41:43][29] Processing: Vtlabs\Ecommerce\Jobs\FirebaseUpdateOrder
[2021-06-22 17:41:43][28] Processing: Vtlabs\Ecommerce\Jobs\FirebaseUpdateOrder
[2021-06-22 17:41:43][12] Failed:     Spatie\MediaLibrary\Jobs\PerformConversions
[2021-06-22 17:41:43][13] Failed:     Spatie\MediaLibrary\Jobs\PerformConversions
[2021-06-22 17:41:43][25] Failed:     Vtlabs\Ecommerce\Jobs\FirebaseUpdateDelivery
[2021-06-22 17:41:43][24] Processed:  Vtlabs\Ecommerce\Jobs\FirebaseUpdateOrder
[2021-06-22 17:41:43][30] Processing: Vtlabs\Ecommerce\Jobs\FirebaseUpdateOrder
[2021-06-22 17:41:43][28] Processed:  Vtlabs\Ecommerce\Jobs\FirebaseUpdateOrder
[2021-06-22 17:41:43][31] Processing: Vtlabs\Ecommerce\Jobs\FirebaseUpdateOrder
[2021-06-22 17:41:43][29] Processed:  Vtlabs\Ecommerce\Jobs\FirebaseUpdateOrder
[2021-06-22 17:41:43][32] Processing: Vtlabs\Ecommerce\Jobs\FirebaseUpdateOrder
[2021-06-22 17:41:43][30] Processed:  Vtlabs\Ecommerce\Jobs\FirebaseUpdateOrder
[2021-06-22 17:41:43][27] Failed:     Vtlabs\Ecommerce\Jobs\FirebaseUpdateDelivery
[2021-06-22 17:41:43][31] Processed:  Vtlabs\Ecommerce\Jobs\FirebaseUpdateOrder
[2021-06-22 17:41:43][26] Failed:     Vtlabs\Ecommerce\Jobs\FirebaseUpdateDelivery
[2021-06-22 17:41:43][32] Processed:  Vtlabs\Ecommerce\Jobs\FirebaseUpdateOrder
[2021-06-22 17:59:22][34] Processing: Vtlabs\Ecommerce\Jobs\FirebaseUpdateDelivery
[2021-06-22 17:59:22][33] Processing: Vtlabs\Ecommerce\Jobs\FirebaseUpdateDelivery
[2021-06-22 17:59:22][35] Processing: Vtlabs\Ecommerce\Jobs\FirebaseUpdateDelivery
[2021-06-22 17:59:22][36] Processing: Vtlabs\Ecommerce\Jobs\FirebaseUpdateOrder
[2021-06-22 17:59:23][34] Processed:  Vtlabs\Ecommerce\Jobs\FirebaseUpdateDelivery
[2021-06-22 17:59:23][36] Processed:  Vtlabs\Ecommerce\Jobs\FirebaseUpdateOrder
[2021-06-22 17:59:23][33] Processed:  Vtlabs\Ecommerce\Jobs\FirebaseUpdateDelivery
[2021-06-22 17:59:23][35] Processed:  Vtlabs\Ecommerce\Jobs\FirebaseUpdateDelivery
[2021-06-22 17:59:37][37] Processing: Vtlabs\Ecommerce\Jobs\FirebaseUpdateOrder
[2021-06-22 17:59:38][37] Processed:  Vtlabs\Ecommerce\Jobs\FirebaseUpdateOrder
[2021-06-22 18:23:23][38] Processing: Vtlabs\Ecommerce\Jobs\FirebaseUpdateOrder
[2021-06-22 18:23:23][38] Processed:  Vtlabs\Ecommerce\Jobs\FirebaseUpdateOrder
[2021-06-22 18:26:32][39] Processing: Vtlabs\Ecommerce\Jobs\FirebaseUpdateOrder
[2021-06-22 18:26:32][39] Processed:  Vtlabs\Ecommerce\Jobs\FirebaseUpdateOrder
[2021-06-22 18:26:44][40] Processing: Vtlabs\Ecommerce\Jobs\FirebaseUpdateOrder
[2021-06-22 18:26:44][40] Processed:  Vtlabs\Ecommerce\Jobs\FirebaseUpdateOrder
[2021-06-22 18:26:47][41] Processing: Vtlabs\Ecommerce\Jobs\FirebaseUpdateOrder
[2021-06-22 18:26:47][42] Processing: Vtlabs\Ecommerce\Jobs\FirebaseUpdateOrder
[2021-06-22 18:26:48][42] Processed:  Vtlabs\Ecommerce\Jobs\FirebaseUpdateOrder
[2021-06-22 18:26:48][41] Processed:  Vtlabs\Ecommerce\Jobs\FirebaseUpdateOrder
[2021-06-22 18:29:57][44] Processing: Vtlabs\Ecommerce\Jobs\FirebaseUpdateDelivery
[2021-06-22 18:29:57][45] Processing: Vtlabs\Ecommerce\Jobs\FirebaseUpdateDelivery
[2021-06-22 18:29:57][43] Processing: Vtlabs\Ecommerce\Jobs\FirebaseUpdateDelivery
[2021-06-22 18:29:57][46] Processing: Vtlabs\Ecommerce\Jobs\FirebaseUpdateOrder
[2021-06-22 18:29:57][44] Processed:  Vtlabs\Ecommerce\Jobs\FirebaseUpdateDelivery
[2021-06-22 18:29:57][45] Processed:  Vtlabs\Ecommerce\Jobs\FirebaseUpdateDelivery
[2021-06-22 18:29:57][43] Processed:  Vtlabs\Ecommerce\Jobs\FirebaseUpdateDelivery
[2021-06-22 18:29:57][46] Processed:  Vtlabs\Ecommerce\Jobs\FirebaseUpdateOrder
[2021-06-22 18:30:15][47] Processing: Vtlabs\Ecommerce\Jobs\FirebaseUpdateOrder
[2021-06-22 18:30:15][47] Processed:  Vtlabs\Ecommerce\Jobs\FirebaseUpdateOrder
[2021-06-22 18:30:18][48] Processing: Vtlabs\Ecommerce\Jobs\FirebaseUpdateDelivery
[2021-06-22 18:30:18][49] Processing: Vtlabs\Ecommerce\Jobs\FirebaseUpdateDelivery
[2021-06-22 18:30:18][50] Processing: Vtlabs\Ecommerce\Jobs\FirebaseUpdateOrder
[2021-06-22 18:30:19][48] Processed:  Vtlabs\Ecommerce\Jobs\FirebaseUpdateDelivery
[2021-06-22 18:30:19][49] Processed:  Vtlabs\Ecommerce\Jobs\FirebaseUpdateDelivery
[2021-06-22 18:30:19][50] Processed:  Vtlabs\Ecommerce\Jobs\FirebaseUpdateOrder
[2021-06-22 18:30:39][51] Processing: Vtlabs\Ecommerce\Jobs\FirebaseUpdateOrder
[2021-06-22 18:30:39][51] Processed:  Vtlabs\Ecommerce\Jobs\FirebaseUpdateOrder
[2021-06-22 18:32:19][52] Processing: Vtlabs\Ecommerce\Jobs\FirebaseUpdateDelivery
[2021-06-22 18:32:20][52] Processed:  Vtlabs\Ecommerce\Jobs\FirebaseUpdateDelivery
[2021-06-22 18:32:20][53] Processing: Vtlabs\Ecommerce\Jobs\FirebaseUpdateDelivery
[2021-06-22 18:32:20][53] Processed:  Vtlabs\Ecommerce\Jobs\FirebaseUpdateDelivery
[2021-06-22 18:32:20][54] Processing: Vtlabs\Ecommerce\Jobs\FirebaseUpdateOrder
[2021-06-22 18:32:21][54] Processed:  Vtlabs\Ecommerce\Jobs\FirebaseUpdateOrder
[2021-06-22 18:34:00][55] Processing: Vtlabs\Ecommerce\Jobs\FirebaseUpdateOrder
[2021-06-22 18:34:01][55] Processed:  Vtlabs\Ecommerce\Jobs\FirebaseUpdateOrder
[2021-06-22 18:34:06][56] Processing: Vtlabs\Ecommerce\Jobs\FirebaseUpdateOrder
[2021-06-22 18:34:07][56] Processed:  Vtlabs\Ecommerce\Jobs\FirebaseUpdateOrder
[2021-06-22 18:34:12][57] Processing: Vtlabs\Ecommerce\Jobs\FirebaseUpdateOrder
[2021-06-22 18:34:13][57] Processed:  Vtlabs\Ecommerce\Jobs\FirebaseUpdateOrder
[2021-06-22 18:34:16][58] Processing: Vtlabs\Ecommerce\Jobs\FirebaseUpdateOrder
[2021-06-22 18:34:16][59] Processing: Vtlabs\Ecommerce\Jobs\FirebaseUpdateOrder
[2021-06-22 18:34:16][58] Processed:  Vtlabs\Ecommerce\Jobs\FirebaseUpdateOrder
[2021-06-22 18:34:16][59] Processed:  Vtlabs\Ecommerce\Jobs\FirebaseUpdateOrder
[2021-06-22 18:35:06][60] Processing: Vtlabs\Ecommerce\Jobs\FirebaseUpdateDelivery
[2021-06-22 18:35:06][61] Processing: Vtlabs\Ecommerce\Jobs\FirebaseUpdateDelivery
[2021-06-22 18:35:07][62] Processing: Vtlabs\Ecommerce\Jobs\FirebaseUpdateDelivery
[2021-06-22 18:35:07][63] Processing: Vtlabs\Ecommerce\Jobs\FirebaseUpdateOrder
[2021-06-22 18:35:07][60] Processed:  Vtlabs\Ecommerce\Jobs\FirebaseUpdateDelivery
[2021-06-22 18:35:07][61] Processed:  Vtlabs\Ecommerce\Jobs\FirebaseUpdateDelivery
[2021-06-22 18:35:08][62] Processed:  Vtlabs\Ecommerce\Jobs\FirebaseUpdateDelivery
[2021-06-22 18:35:08][63] Processed:  Vtlabs\Ecommerce\Jobs\FirebaseUpdateOrder
[2021-06-22 18:35:37][64] Processing: Vtlabs\Ecommerce\Jobs\FirebaseUpdateOrder
[2021-06-22 18:35:38][64] Processed:  Vtlabs\Ecommerce\Jobs\FirebaseUpdateOrder
[2021-06-22 18:35:46][65] Processing: Vtlabs\Ecommerce\Jobs\FirebaseUpdateOrder
[2021-06-22 18:35:47][65] Processed:  Vtlabs\Ecommerce\Jobs\FirebaseUpdateOrder
[2021-06-22 18:39:50][66] Processing: Vtlabs\Ecommerce\Jobs\FirebaseUpdateDelivery
[2021-06-22 18:39:50][67] Processing: Vtlabs\Ecommerce\Jobs\FirebaseUpdateOrder
[2021-06-22 18:39:50][68] Processing: Vtlabs\Ecommerce\Jobs\FirebaseUpdateDelivery
[2021-06-22 18:39:50][66] Processed:  Vtlabs\Ecommerce\Jobs\FirebaseUpdateDelivery
[2021-06-22 18:39:50][69] Processing: Vtlabs\Ecommerce\Jobs\FirebaseUpdateOrder
[2021-06-22 18:39:51][68] Processed:  Vtlabs\Ecommerce\Jobs\FirebaseUpdateDelivery
[2021-06-22 18:39:51][67] Processed:  Vtlabs\Ecommerce\Jobs\FirebaseUpdateOrder
[2021-06-22 18:39:51][69] Processed:  Vtlabs\Ecommerce\Jobs\FirebaseUpdateOrder
[2021-06-22 18:40:16][70] Processing: Vtlabs\Ecommerce\Jobs\FirebaseUpdateOrder
[2021-06-22 18:40:17][70] Processed:  Vtlabs\Ecommerce\Jobs\FirebaseUpdateOrder
[2021-06-22 18:42:23][71] Processing: Vtlabs\Ecommerce\Jobs\FirebaseUpdateOrder
[2021-06-22 18:42:24][71] Processed:  Vtlabs\Ecommerce\Jobs\FirebaseUpdateOrder
[2021-06-22 18:42:30][72] Processing: Vtlabs\Ecommerce\Jobs\FirebaseUpdateOrder
[2021-06-22 18:42:31][72] Processed:  Vtlabs\Ecommerce\Jobs\FirebaseUpdateOrder
[2021-06-22 18:42:40][73] Processing: Vtlabs\Ecommerce\Jobs\FirebaseUpdateOrder
[2021-06-22 18:42:41][73] Processed:  Vtlabs\Ecommerce\Jobs\FirebaseUpdateOrder
[2021-06-22 18:42:42][74] Processing: Vtlabs\Ecommerce\Jobs\FirebaseUpdateOrder
[2021-06-22 18:42:43][74] Processed:  Vtlabs\Ecommerce\Jobs\FirebaseUpdateOrder
[2021-06-22 18:42:45][75] Processing: Vtlabs\Ecommerce\Jobs\FirebaseUpdateOrder
[2021-06-22 18:42:46][75] Processed:  Vtlabs\Ecommerce\Jobs\FirebaseUpdateOrder
[2021-06-22 18:42:54][76] Processing: Vtlabs\Ecommerce\Jobs\FirebaseUpdateOrder
[2021-06-22 18:42:55][77] Processing: Vtlabs\Ecommerce\Jobs\FirebaseUpdateOrder
[2021-06-22 18:42:55][76] Processed:  Vtlabs\Ecommerce\Jobs\FirebaseUpdateOrder
[2021-06-22 18:42:55][78] Processing: Vtlabs\Ecommerce\Jobs\FirebaseUpdateOrder
[2021-06-22 18:42:56][77] Processed:  Vtlabs\Ecommerce\Jobs\FirebaseUpdateOrder
[2021-06-22 18:42:56][78] Processed:  Vtlabs\Ecommerce\Jobs\FirebaseUpdateOrder
[2021-06-22 18:43:26][79] Processing: Vtlabs\Ecommerce\Jobs\FirebaseUpdateOrder
[2021-06-22 18:43:26][79] Processed:  Vtlabs\Ecommerce\Jobs\FirebaseUpdateOrder
[2021-06-22 18:43:28][80] Processing: Vtlabs\Ecommerce\Jobs\FirebaseUpdateOrder
[2021-06-22 18:43:28][80] Processed:  Vtlabs\Ecommerce\Jobs\FirebaseUpdateOrder
[2021-06-22 18:43:32][81] Processing: Vtlabs\Ecommerce\Jobs\FirebaseUpdateOrder
[2021-06-22 18:43:32][81] Processed:  Vtlabs\Ecommerce\Jobs\FirebaseUpdateOrder
[2021-06-22 18:43:38][83] Processing: Vtlabs\Ecommerce\Jobs\FirebaseUpdateDelivery
[2021-06-22 18:43:38][82] Processing: Vtlabs\Ecommerce\Jobs\FirebaseUpdateOrder
[2021-06-22 18:43:38][84] Processing: Vtlabs\Ecommerce\Jobs\FirebaseUpdateOrder
[2021-06-22 18:43:38][85] Processing: Vtlabs\Ecommerce\Jobs\FirebaseUpdateOrder
[2021-06-22 18:43:38][83] Processed:  Vtlabs\Ecommerce\Jobs\FirebaseUpdateDelivery
[2021-06-22 18:43:39][82] Processed:  Vtlabs\Ecommerce\Jobs\FirebaseUpdateOrder
[2021-06-22 18:43:39][84] Processed:  Vtlabs\Ecommerce\Jobs\FirebaseUpdateOrder
[2021-06-22 18:43:39][85] Processed:  Vtlabs\Ecommerce\Jobs\FirebaseUpdateOrder
[2021-06-22 18:43:45][86] Processing: Vtlabs\Ecommerce\Jobs\FirebaseUpdateOrder
[2021-06-22 18:43:46][86] Processed:  Vtlabs\Ecommerce\Jobs\FirebaseUpdateOrder
[2021-06-22 18:43:47][87] Processing: Vtlabs\Ecommerce\Jobs\FirebaseUpdateOrder
[2021-06-22 18:43:48][87] Processed:  Vtlabs\Ecommerce\Jobs\FirebaseUpdateOrder
[2021-06-22 18:44:26][88] Processing: Vtlabs\Ecommerce\Jobs\FirebaseUpdateOrder
[2021-06-22 18:44:27][88] Processed:  Vtlabs\Ecommerce\Jobs\FirebaseUpdateOrder
[2021-06-22 18:44:57][89] Processing: Vtlabs\Ecommerce\Jobs\FirebaseUpdateOrder
[2021-06-22 18:44:58][89] Processed:  Vtlabs\Ecommerce\Jobs\FirebaseUpdateOrder
[2021-06-22 18:45:00][90] Processing: Vtlabs\Ecommerce\Jobs\FirebaseUpdateOrder
[2021-06-22 18:45:01][90] Processed:  Vtlabs\Ecommerce\Jobs\FirebaseUpdateOrder
[2021-06-22 18:45:02][91] Processing: Vtlabs\Ecommerce\Jobs\FirebaseUpdateOrder
[2021-06-22 18:45:03][91] Processed:  Vtlabs\Ecommerce\Jobs\FirebaseUpdateOrder
[2021-06-22 18:45:08][92] Processing: Vtlabs\Ecommerce\Jobs\FirebaseUpdateOrder
[2021-06-22 18:45:08][93] Processing: Vtlabs\Ecommerce\Jobs\FirebaseUpdateOrder
[2021-06-22 18:45:09][92] Processed:  Vtlabs\Ecommerce\Jobs\FirebaseUpdateOrder
[2021-06-22 18:45:09][93] Processed:  Vtlabs\Ecommerce\Jobs\FirebaseUpdateOrder
[2021-06-22 18:45:24][94] Processing: Vtlabs\Ecommerce\Jobs\FirebaseUpdateOrder
[2021-06-22 18:45:25][94] Processed:  Vtlabs\Ecommerce\Jobs\FirebaseUpdateOrder
[2021-06-22 18:45:27][95] Processing: Vtlabs\Ecommerce\Jobs\FirebaseUpdateOrder
[2021-06-22 18:45:28][95] Processed:  Vtlabs\Ecommerce\Jobs\FirebaseUpdateOrder
[2021-06-22 18:50:03][96] Processing: Vtlabs\Ecommerce\Jobs\FirebaseUpdateOrder
[2021-06-22 18:50:03][97] Processing: Vtlabs\Ecommerce\Jobs\FirebaseUpdateOrder
[2021-06-22 18:50:04][96] Processed:  Vtlabs\Ecommerce\Jobs\FirebaseUpdateOrder
[2021-06-22 18:50:04][97] Processed:  Vtlabs\Ecommerce\Jobs\FirebaseUpdateOrder
[2021-06-22 18:54:52][98] Processing: Vtlabs\Ecommerce\Jobs\FirebaseUpdateOrder
[2021-06-22 18:54:53][98] Processed:  Vtlabs\Ecommerce\Jobs\FirebaseUpdateOrder
[2021-06-22 18:56:55][99] Processing: Vtlabs\Ecommerce\Jobs\FirebaseUpdateOrder
[2021-06-22 18:56:56][99] Processed:  Vtlabs\Ecommerce\Jobs\FirebaseUpdateOrder
[2021-06-22 19:35:50][100] Processing: Vtlabs\Ecommerce\Jobs\FirebaseUpdateOrder
[2021-06-22 19:35:51][101] Processing: Vtlabs\Ecommerce\Jobs\FirebaseUpdateOrder
[2021-06-22 19:35:51][100] Processed:  Vtlabs\Ecommerce\Jobs\FirebaseUpdateOrder
[2021-06-22 19:35:51][101] Processed:  Vtlabs\Ecommerce\Jobs\FirebaseUpdateOrder
[2021-06-22 19:41:12][102] Processing: Vtlabs\Ecommerce\Jobs\FirebaseUpdateOrder
[2021-06-22 19:41:12][103] Processing: Vtlabs\Ecommerce\Jobs\FirebaseUpdateOrder
[2021-06-22 19:41:13][103] Processed:  Vtlabs\Ecommerce\Jobs\FirebaseUpdateOrder
[2021-06-22 19:41:13][102] Processed:  Vtlabs\Ecommerce\Jobs\FirebaseUpdateOrder
[2021-06-22 19:43:36][104] Processing: Vtlabs\Ecommerce\Jobs\FirebaseUpdateOrder
[2021-06-22 19:43:36][104] Processed:  Vtlabs\Ecommerce\Jobs\FirebaseUpdateOrder
[2021-06-22 19:43:55][105] Processing: Vtlabs\Ecommerce\Jobs\FirebaseUpdateOrder
[2021-06-22 19:43:55][105] Processed:  Vtlabs\Ecommerce\Jobs\FirebaseUpdateOrder
[2021-06-22 20:27:21][106] Processing: Vtlabs\Ecommerce\Jobs\FirebaseUpdateOrder
[2021-06-22 20:27:21][106] Processed:  Vtlabs\Ecommerce\Jobs\FirebaseUpdateOrder
[2021-06-22 20:29:19][107] Processing: Vtlabs\Ecommerce\Jobs\FirebaseUpdateDelivery
[2021-06-22 20:29:19][108] Processing: Vtlabs\Ecommerce\Jobs\FirebaseUpdateDelivery
[2021-06-22 20:29:20][109] Processing: Vtlabs\Ecommerce\Jobs\FirebaseUpdateOrder
[2021-06-22 20:29:20][110] Processing: Vtlabs\Ecommerce\Jobs\FirebaseUpdateOrder
[2021-06-22 20:29:20][107] Processed:  Vtlabs\Ecommerce\Jobs\FirebaseUpdateDelivery
[2021-06-22 20:29:20][108] Processed:  Vtlabs\Ecommerce\Jobs\FirebaseUpdateDelivery
[2021-06-22 20:29:20][109] Processed:  Vtlabs\Ecommerce\Jobs\FirebaseUpdateOrder
[2021-06-22 20:29:20][110] Processed:  Vtlabs\Ecommerce\Jobs\FirebaseUpdateOrder
[2021-06-22 20:30:29][111] Processing: Vtlabs\Ecommerce\Jobs\FirebaseUpdateOrder
[2021-06-22 20:30:30][111] Processed:  Vtlabs\Ecommerce\Jobs\FirebaseUpdateOrder
[2021-06-22 20:30:59][112] Processing: Vtlabs\Ecommerce\Jobs\FirebaseUpdateOrder
[2021-06-22 20:31:00][112] Processed:  Vtlabs\Ecommerce\Jobs\FirebaseUpdateOrder
[2021-06-22 20:31:05][113] Processing: Vtlabs\Ecommerce\Jobs\FirebaseUpdateOrder
[2021-06-22 20:31:06][113] Processed:  Vtlabs\Ecommerce\Jobs\FirebaseUpdateOrder
[2021-06-22 20:31:08][114] Processing: Vtlabs\Ecommerce\Jobs\FirebaseUpdateOrder
[2021-06-22 20:31:09][114] Processed:  Vtlabs\Ecommerce\Jobs\FirebaseUpdateOrder
[2021-06-22 20:33:11][115] Processing: Vtlabs\Ecommerce\Jobs\FirebaseUpdateDelivery
[2021-06-22 20:33:11][115] Processed:  Vtlabs\Ecommerce\Jobs\FirebaseUpdateDelivery
[2021-06-22 20:33:11][116] Processing: Vtlabs\Ecommerce\Jobs\FirebaseUpdateDelivery
[2021-06-22 20:33:12][117] Processing: Vtlabs\Ecommerce\Jobs\FirebaseUpdateOrder
[2021-06-22 20:33:12][116] Processed:  Vtlabs\Ecommerce\Jobs\FirebaseUpdateDelivery
[2021-06-22 20:33:12][117] Processed:  Vtlabs\Ecommerce\Jobs\FirebaseUpdateOrder
[2021-06-22 20:33:45][118] Processing: Vtlabs\Ecommerce\Jobs\FirebaseUpdateOrder
[2021-06-22 20:33:45][118] Processed:  Vtlabs\Ecommerce\Jobs\FirebaseUpdateOrder
[2021-06-22 20:34:03][119] Processing: Vtlabs\Ecommerce\Jobs\FirebaseUpdateOrder
[2021-06-22 20:34:03][119] Processed:  Vtlabs\Ecommerce\Jobs\FirebaseUpdateOrder
[2021-06-22 20:34:06][120] Processing: Vtlabs\Ecommerce\Jobs\FirebaseUpdateOrder
[2021-06-22 20:34:06][120] Processed:  Vtlabs\Ecommerce\Jobs\FirebaseUpdateOrder
[2021-06-22 20:34:12][121] Processing: Vtlabs\Ecommerce\Jobs\FirebaseUpdateOrder
[2021-06-22 20:34:13][121] Processed:  Vtlabs\Ecommerce\Jobs\FirebaseUpdateOrder
[2021-06-22 20:34:15][122] Processing: Vtlabs\Ecommerce\Jobs\FirebaseUpdateOrder
[2021-06-22 20:34:16][122] Processed:  Vtlabs\Ecommerce\Jobs\FirebaseUpdateOrder
[2021-06-22 20:34:54][123] Processing: Vtlabs\Ecommerce\Jobs\FirebaseUpdateDelivery
[2021-06-22 20:34:54][124] Processing: Vtlabs\Ecommerce\Jobs\FirebaseUpdateDelivery
[2021-06-22 20:34:54][125] Processing: Vtlabs\Ecommerce\Jobs\FirebaseUpdateOrder
[2021-06-22 20:34:55][123] Processed:  Vtlabs\Ecommerce\Jobs\FirebaseUpdateDelivery
[2021-06-22 20:34:55][124] Processed:  Vtlabs\Ecommerce\Jobs\FirebaseUpdateDelivery
[2021-06-22 20:34:55][125] Processed:  Vtlabs\Ecommerce\Jobs\FirebaseUpdateOrder
[2021-06-22 22:31:31][126] Processing: Spatie\MediaLibrary\Jobs\PerformConversions
[2021-06-22 22:31:31][126] Failed:     Spatie\MediaLibrary\Jobs\PerformConversions
[2021-06-22 22:41:25][127] Processing: Spatie\MediaLibrary\Jobs\PerformConversions
[2021-06-22 22:41:25][127] Failed:     Spatie\MediaLibrary\Jobs\PerformConversions
[2021-06-22 22:42:55][128] Processing: Spatie\MediaLibrary\Jobs\PerformConversions
[2021-06-22 22:42:55][128] Failed:     Spatie\MediaLibrary\Jobs\PerformConversions
[2021-06-23 03:12:58][129] Processing: Vtlabs\Ecommerce\Jobs\FirebaseUpdateOrder
[2021-06-23 03:12:59][129] Processed:  Vtlabs\Ecommerce\Jobs\FirebaseUpdateOrder
[2021-06-23 12:42:49][132] Processing: Vtlabs\Ecommerce\Jobs\FirebaseUpdateDelivery
[2021-06-23 12:42:49][133] Processing: Vtlabs\Ecommerce\Jobs\FirebaseUpdateOrder
[2021-06-23 12:42:49][131] Processing: Vtlabs\Ecommerce\Jobs\FirebaseUpdateOrder
[2021-06-23 12:42:49][130] Processing: Vtlabs\Ecommerce\Jobs\FirebaseUpdateDelivery
[2021-06-23 12:42:49][130] Processed:  Vtlabs\Ecommerce\Jobs\FirebaseUpdateDelivery
[2021-06-23 12:42:50][132] Processed:  Vtlabs\Ecommerce\Jobs\FirebaseUpdateDelivery
[2021-06-23 12:42:50][131] Processed:  Vtlabs\Ecommerce\Jobs\FirebaseUpdateOrder
[2021-06-23 12:42:50][133] Processed:  Vtlabs\Ecommerce\Jobs\FirebaseUpdateOrder
[2021-06-23 12:43:37][134] Processing: Vtlabs\Ecommerce\Jobs\FirebaseUpdateOrder
[2021-06-23 12:43:37][134] Processed:  Vtlabs\Ecommerce\Jobs\FirebaseUpdateOrder
[2021-06-24 07:54:31][136] Processing: Vtlabs\Ecommerce\Jobs\FirebaseUpdateOrder
[2021-06-24 07:54:31][135] Processing: Vtlabs\Ecommerce\Jobs\FirebaseUpdateDelivery
[2021-06-24 07:54:31][137] Processing: Vtlabs\Ecommerce\Jobs\FirebaseUpdateDelivery
[2021-06-24 07:54:31][138] Processing: Vtlabs\Ecommerce\Jobs\FirebaseUpdateOrder
[2021-06-24 07:54:31][135] Processed:  Vtlabs\Ecommerce\Jobs\FirebaseUpdateDelivery
[2021-06-24 07:54:32][137] Processed:  Vtlabs\Ecommerce\Jobs\FirebaseUpdateDelivery
[2021-06-24 07:54:32][136] Processed:  Vtlabs\Ecommerce\Jobs\FirebaseUpdateOrder
[2021-06-24 07:54:32][138] Processed:  Vtlabs\Ecommerce\Jobs\FirebaseUpdateOrder
[2021-06-24 07:56:55][139] Processing: Vtlabs\Ecommerce\Jobs\FirebaseUpdateOrder
[2021-06-24 07:56:56][139] Processed:  Vtlabs\Ecommerce\Jobs\FirebaseUpdateOrder
[2021-06-25 02:26:06][141] Processing: Vtlabs\Ecommerce\Jobs\FirebaseUpdateOrder
[2021-06-25 02:26:06][140] Processing: Vtlabs\Ecommerce\Jobs\FirebaseUpdateDelivery
[2021-06-25 02:26:06][142] Processing: Vtlabs\Ecommerce\Jobs\FirebaseUpdateDelivery
[2021-06-25 02:26:06][143] Processing: Vtlabs\Ecommerce\Jobs\FirebaseUpdateOrder
[2021-06-25 02:26:06][140] Processed:  Vtlabs\Ecommerce\Jobs\FirebaseUpdateDelivery
[2021-06-25 02:26:06][142] Processed:  Vtlabs\Ecommerce\Jobs\FirebaseUpdateDelivery
[2021-06-25 02:26:06][141] Processed:  Vtlabs\Ecommerce\Jobs\FirebaseUpdateOrder
[2021-06-25 02:26:06][143] Processed:  Vtlabs\Ecommerce\Jobs\FirebaseUpdateOrder
[2021-06-25 15:42:36][144] Processing: Spatie\MediaLibrary\Jobs\PerformConversions
[2021-06-25 15:42:36][144] Failed:     Spatie\MediaLibrary\Jobs\PerformConversions
[2021-06-25 15:47:26][145] Processing: Spatie\MediaLibrary\Jobs\PerformConversions
[2021-06-25 15:47:26][145] Failed:     Spatie\MediaLibrary\Jobs\PerformConversions
[2021-06-25 15:58:56][146] Processing: Spatie\MediaLibrary\Jobs\PerformConversions
[2021-06-25 15:58:56][146] Failed:     Spatie\MediaLibrary\Jobs\PerformConversions
[2021-06-25 16:03:41][147] Processing: Spatie\MediaLibrary\Jobs\PerformConversions
[2021-06-25 16:03:41][147] Failed:     Spatie\MediaLibrary\Jobs\PerformConversions
[2021-06-25 16:10:37][148] Processing: Spatie\MediaLibrary\Jobs\PerformConversions
[2021-06-25 16:10:37][148] Failed:     Spatie\MediaLibrary\Jobs\PerformConversions
[2021-06-25 16:13:55][149] Processing: Spatie\MediaLibrary\Jobs\PerformConversions
[2021-06-25 16:13:55][149] Failed:     Spatie\MediaLibrary\Jobs\PerformConversions
[2021-06-25 16:28:52][150] Processing: Spatie\MediaLibrary\Jobs\PerformConversions
[2021-06-25 16:28:52][150] Failed:     Spatie\MediaLibrary\Jobs\PerformConversions
[2021-06-25 16:29:32][151] Processing: Spatie\MediaLibrary\Jobs\PerformConversions
[2021-06-25 16:29:32][151] Failed:     Spatie\MediaLibrary\Jobs\PerformConversions
[2021-06-28 16:04:52][152] Processing: Spatie\MediaLibrary\Jobs\PerformConversions
[2021-06-28 16:04:52][152] Failed:     Spatie\MediaLibrary\Jobs\PerformConversions
[2021-06-28 16:11:06][153] Processing: Spatie\MediaLibrary\Jobs\PerformConversions
[2021-06-28 16:11:06][153] Failed:     Spatie\MediaLibrary\Jobs\PerformConversions
[2021-06-28 16:18:30][154] Processing: Spatie\MediaLibrary\Jobs\PerformConversions
[2021-06-28 16:18:30][154] Failed:     Spatie\MediaLibrary\Jobs\PerformConversions
[2021-06-28 17:42:30][156] Processing: Vtlabs\Ecommerce\Jobs\FirebaseUpdateOrder
[2021-06-28 17:42:30][155] Processing: Vtlabs\Ecommerce\Jobs\FirebaseUpdateDelivery
[2021-06-28 17:42:30][157] Processing: Vtlabs\Ecommerce\Jobs\FirebaseUpdateDelivery
[2021-06-28 17:42:30][158] Processing: Vtlabs\Ecommerce\Jobs\FirebaseUpdateOrder
[2021-06-28 17:42:30][159] Processing: Vtlabs\Ecommerce\Jobs\FirebaseUpdateDelivery
[2021-06-28 17:42:30][160] Processing: Vtlabs\Ecommerce\Jobs\FirebaseUpdateOrder
[2021-06-28 17:42:30][155] Processed:  Vtlabs\Ecommerce\Jobs\FirebaseUpdateDelivery
[2021-06-28 17:42:30][157] Processed:  Vtlabs\Ecommerce\Jobs\FirebaseUpdateDelivery
[2021-06-28 17:42:31][159] Processed:  Vtlabs\Ecommerce\Jobs\FirebaseUpdateDelivery
[2021-06-28 17:42:31][156] Processed:  Vtlabs\Ecommerce\Jobs\FirebaseUpdateOrder
[2021-06-28 17:42:31][158] Processed:  Vtlabs\Ecommerce\Jobs\FirebaseUpdateOrder
[2021-06-28 17:42:32][160] Processed:  Vtlabs\Ecommerce\Jobs\FirebaseUpdateOrder
[2021-06-29 13:37:50][161] Processing: Spatie\MediaLibrary\Jobs\PerformConversions
[2021-06-29 13:37:50][161] Failed:     Spatie\MediaLibrary\Jobs\PerformConversions
[2021-07-03 08:17:41][162] Processing: Vtlabs\Ecommerce\Jobs\FirebaseUpdateDelivery
[2021-07-03 08:17:41][163] Processing: Vtlabs\Ecommerce\Jobs\FirebaseUpdateOrder
[2021-07-03 08:17:42][164] Processing: Vtlabs\Ecommerce\Jobs\FirebaseUpdateDelivery
[2021-07-03 08:17:42][162] Processed:  Vtlabs\Ecommerce\Jobs\FirebaseUpdateDelivery
[2021-07-03 08:17:42][165] Processing: Vtlabs\Ecommerce\Jobs\FirebaseUpdateOrder
[2021-07-03 08:17:43][164] Processed:  Vtlabs\Ecommerce\Jobs\FirebaseUpdateDelivery
[2021-07-03 08:17:43][163] Processed:  Vtlabs\Ecommerce\Jobs\FirebaseUpdateOrder
[2021-07-03 08:17:43][165] Processed:  Vtlabs\Ecommerce\Jobs\FirebaseUpdateOrder
[2021-07-05 07:45:41][166] Processing: Vtlabs\Ecommerce\Jobs\FirebaseUpdateDelivery
[2021-07-05 07:45:41][167] Processing: Vtlabs\Ecommerce\Jobs\FirebaseUpdateOrder
[2021-07-05 07:45:41][168] Processing: Vtlabs\Ecommerce\Jobs\FirebaseUpdateDelivery
[2021-07-05 07:45:42][166] Processed:  Vtlabs\Ecommerce\Jobs\FirebaseUpdateDelivery
[2021-07-05 07:45:42][169] Processing: Vtlabs\Ecommerce\Jobs\FirebaseUpdateOrder
[2021-07-05 07:45:42][168] Processed:  Vtlabs\Ecommerce\Jobs\FirebaseUpdateDelivery
[2021-07-05 07:45:42][170] Processing: Vtlabs\Ecommerce\Jobs\FirebaseUpdateDelivery
[2021-07-05 07:45:42][171] Processing: Vtlabs\Ecommerce\Jobs\FirebaseUpdateOrder
[2021-07-05 07:45:43][167] Processed:  Vtlabs\Ecommerce\Jobs\FirebaseUpdateOrder
[2021-07-05 07:45:43][170] Processed:  Vtlabs\Ecommerce\Jobs\FirebaseUpdateDelivery
[2021-07-05 07:45:43][171] Processed:  Vtlabs\Ecommerce\Jobs\FirebaseUpdateOrder
[2021-07-05 07:45:43][169] Processed:  Vtlabs\Ecommerce\Jobs\FirebaseUpdateOrder
[2021-07-05 07:48:16][172] Processing: Vtlabs\Ecommerce\Jobs\FirebaseUpdateOrder
[2021-07-05 07:48:16][172] Processed:  Vtlabs\Ecommerce\Jobs\FirebaseUpdateOrder
[2021-07-17 04:21:09][173] Processing: Vtlabs\Ecommerce\Jobs\FirebaseUpdateDelivery
[2021-07-17 04:21:09][174] Processing: Vtlabs\Ecommerce\Jobs\FirebaseUpdateOrder
[2021-07-17 04:21:09][175] Processing: Vtlabs\Ecommerce\Jobs\FirebaseUpdateDelivery
[2021-07-17 04:21:09][176] Processing: Vtlabs\Ecommerce\Jobs\FirebaseUpdateOrder
[2021-07-17 04:21:10][173] Processed:  Vtlabs\Ecommerce\Jobs\FirebaseUpdateDelivery
[2021-07-17 04:21:10][175] Processed:  Vtlabs\Ecommerce\Jobs\FirebaseUpdateDelivery
[2021-07-17 04:21:11][174] Processed:  Vtlabs\Ecommerce\Jobs\FirebaseUpdateOrder
[2021-07-17 04:21:11][176] Processed:  Vtlabs\Ecommerce\Jobs\FirebaseUpdateOrder
[2021-07-17 06:17:59][177] Processing: Spatie\MediaLibrary\Jobs\PerformConversions
[2021-07-17 06:17:59][177] Failed:     Spatie\MediaLibrary\Jobs\PerformConversions
[2021-07-17 07:20:58][178] Processing: Spatie\MediaLibrary\Jobs\PerformConversions
[2021-07-17 07:20:58][178] Failed:     Spatie\MediaLibrary\Jobs\PerformConversions
[2021-07-17 07:28:03][179] Processing: Spatie\MediaLibrary\Jobs\PerformConversions
[2021-07-17 07:28:04][179] Failed:     Spatie\MediaLibrary\Jobs\PerformConversions
[2021-07-17 07:28:12][180] Processing: Spatie\MediaLibrary\Jobs\PerformConversions
[2021-07-17 07:28:13][180] Failed:     Spatie\MediaLibrary\Jobs\PerformConversions
[2021-07-17 07:29:24][181] Processing: Spatie\MediaLibrary\Jobs\PerformConversions
[2021-07-17 07:29:24][181] Failed:     Spatie\MediaLibrary\Jobs\PerformConversions
[2021-07-17 08:44:41][182] Processing: Vtlabs\Ecommerce\Jobs\FirebaseUpdateDelivery
[2021-07-17 08:44:41][183] Processing: Vtlabs\Ecommerce\Jobs\FirebaseUpdateOrder
[2021-07-17 08:44:41][182] Processed:  Vtlabs\Ecommerce\Jobs\FirebaseUpdateDelivery
[2021-07-17 08:44:41][184] Processing: Vtlabs\Ecommerce\Jobs\FirebaseUpdateDelivery
[2021-07-17 08:44:42][185] Processing: Vtlabs\Ecommerce\Jobs\FirebaseUpdateOrder
[2021-07-17 08:44:42][183] Processed:  Vtlabs\Ecommerce\Jobs\FirebaseUpdateOrder
[2021-07-17 08:44:42][184] Processed:  Vtlabs\Ecommerce\Jobs\FirebaseUpdateDelivery
[2021-07-17 08:44:42][185] Processed:  Vtlabs\Ecommerce\Jobs\FirebaseUpdateOrder
[2021-07-17 08:55:30][187] Processing: Vtlabs\Ecommerce\Jobs\FirebaseUpdateOrder
[2021-07-17 08:55:30][186] Processing: Vtlabs\Ecommerce\Jobs\FirebaseUpdateDelivery
[2021-07-17 08:55:30][188] Processing: Vtlabs\Ecommerce\Jobs\FirebaseUpdateDelivery
[2021-07-17 08:55:30][189] Processing: Vtlabs\Ecommerce\Jobs\FirebaseUpdateOrder
[2021-07-17 08:55:30][186] Processed:  Vtlabs\Ecommerce\Jobs\FirebaseUpdateDelivery
[2021-07-17 08:55:31][188] Processed:  Vtlabs\Ecommerce\Jobs\FirebaseUpdateDelivery
[2021-07-17 08:55:31][187] Processed:  Vtlabs\Ecommerce\Jobs\FirebaseUpdateOrder
[2021-07-17 08:55:31][189] Processed:  Vtlabs\Ecommerce\Jobs\FirebaseUpdateOrder
[2021-07-17 16:19:48][190] Processing: Spatie\MediaLibrary\Jobs\PerformConversions
[2021-07-17 16:19:48][190] Failed:     Spatie\MediaLibrary\Jobs\PerformConversions
[2021-07-17 16:19:59][191] Processing: Spatie\MediaLibrary\Jobs\PerformConversions
[2021-07-17 16:19:59][191] Failed:     Spatie\MediaLibrary\Jobs\PerformConversions
[2021-07-17 19:00:59][192] Processing: Vtlabs\Ecommerce\Jobs\FirebaseUpdateOrder
[2021-07-17 19:01:00][192] Processed:  Vtlabs\Ecommerce\Jobs\FirebaseUpdateOrder
[2021-07-17 19:01:32][193] Processing: Vtlabs\Ecommerce\Jobs\FirebaseUpdateOrder
[2021-07-17 19:01:33][193] Processed:  Vtlabs\Ecommerce\Jobs\FirebaseUpdateOrder
[2021-07-17 19:01:41][194] Processing: Vtlabs\Ecommerce\Jobs\FirebaseUpdateOrder
[2021-07-17 19:01:42][194] Processed:  Vtlabs\Ecommerce\Jobs\FirebaseUpdateOrder
